[2026-04-04T07:27:37.669Z] 🚀 Day 2 扩展爬虫启动
[2026-04-04T07:27:37.671Z] ==================================================
[2026-04-04T07:27:37.675Z] 📂 已加载 510 个现有职位
[2026-04-04T07:27:37.676Z] 🕷️ 开始抓取 Remotive...
[2026-04-04T07:27:37.686Z] 🕷️ 开始抓取 Himalayas...
[2026-04-04T07:27:37.687Z] 🕷️ 开始抓取 Jobspresso...
[2026-04-04T07:27:37.688Z] 🕷️ 开始抓取 GitHub Jobs...
[2026-04-04T07:27:37.689Z] ✅ GitHub Jobs: 抓取 2 个职位 (备用数据)
[2026-04-04T07:27:37.689Z] 🕷️ 开始抓取 StackOverflow...
[2026-04-04T07:27:38.576Z] ✅ Himalayas: 抓取 0 个职位
[2026-04-04T07:27:38.625Z] ✅ StackOverflow: 抓取 0 个职位
[2026-04-04T07:27:39.060Z] ✅ Remotive: 抓取 19 个职位
[2026-04-04T07:27:39.446Z] ✅ Jobspresso: 抓取 0 个职位
[2026-04-04T07:27:39.446Z] ==================================================
[2026-04-04T07:27:39.446Z] 📊 爬虫完成总结:
[2026-04-04T07:27:39.446Z]   - Remotive: 19 个
[2026-04-04T07:27:39.446Z]   - Himalayas: 0 个
[2026-04-04T07:27:39.446Z]   - Jobspresso: 0 个
[2026-04-04T07:27:39.446Z]   - GitHub Jobs: 2 个
[2026-04-04T07:27:39.446Z]   - StackOverflow: 0 个
[2026-04-04T07:27:39.446Z]   - 新增职位: 3
[2026-04-04T07:27:39.446Z]   - 总职位数: 513
[2026-04-04T07:27:39.451Z] 💾 已保存 513 个职位到 all-jobs-final.json
[2026-04-04T07:27:39.451Z] 📈 目标进度: 513/800 (64%)
[2026-04-04T07:27:39.451Z] ✅ Day 2 爬虫完成
