[2026-04-02T11:01:09.305Z] 
═══════════════════════════════════════════════
[2026-04-02T11:01:09.306Z]   🌍 全球招聘信息源爬虫 v4.0
[2026-04-02T11:01:09.306Z]   📊 共 38 个数据源
[2026-04-02T11:01:09.306Z] ═══════════════════════════════════════════════

[2026-04-02T11:01:10.125Z] ✅ RemoteOK: 98 职位
[2026-04-02T11:01:10.126Z] 
📊 总数据源: 38
[2026-04-02T11:01:10.126Z] 
📊 ===== 全球爬虫统计 =====
[2026-04-02T11:01:10.126Z] 数据源总数: 38
[2026-04-02T11:01:10.126Z] 职位总数: 485
[2026-04-02T11:01:10.126Z] 今日新增: 0
[2026-04-02T11:01:10.126Z] 最后更新: 2026-04-02T11:01:10.125Z
[2026-04-02T11:01:10.126Z] ========================

[2026-04-02T11:01:10.126Z] 🟢 全球爬虫已启动
[2026-04-02T11:01:10.126Z] 监控: RemoteOK (30s) + 其他数据源
[2026-04-02T11:01:41.643Z] 🔄 RemoteOK: 98 职位
[2026-04-02T11:02:10.744Z] 🔄 RemoteOK: 98 职位
[2026-04-02T11:02:42.270Z] 🔄 RemoteOK: 98 职位
[2026-04-02T11:03:11.228Z] 🔄 RemoteOK: 98 职位
[2026-04-02T11:03:41.467Z] 🔄 RemoteOK: 98 职位
[2026-04-02T11:04:11.193Z] 🔄 RemoteOK: 98 职位
[2026-04-02T11:04:41.216Z] 🔄 RemoteOK: 98 职位
[2026-04-02T11:05:10.992Z] 🔄 RemoteOK: 98 职位
[2026-04-02T11:05:42.158Z] 🔄 RemoteOK: 98 职位
[2026-04-02T11:06:10.126Z] 
📊 ===== 全球爬虫统计 =====
[2026-04-02T11:06:10.127Z] 数据源总数: 38
[2026-04-02T11:06:10.127Z] 职位总数: 485
[2026-04-02T11:06:10.127Z] 今日新增: 0
[2026-04-02T11:06:10.127Z] 最后更新: 2026-04-02T11:05:42.158Z
[2026-04-02T11:06:10.127Z] ========================

[2026-04-02T11:06:11.051Z] 🔄 RemoteOK: 98 职位
[2026-04-02T11:06:41.742Z] 🔄 RemoteOK: 98 职位
[2026-04-02T11:07:11.261Z] 🔄 RemoteOK: 98 职位
[2026-04-02T11:07:41.205Z] 🔄 RemoteOK: 98 职位
[2026-04-02T11:08:11.881Z] 🔄 RemoteOK: 98 职位
[2026-04-02T11:08:41.212Z] 🔄 RemoteOK: 98 职位
[2026-04-02T11:09:11.616Z] 🔄 RemoteOK: 98 职位
[2026-04-02T11:09:41.183Z] 🔄 RemoteOK: 98 职位
[2026-04-02T11:10:11.394Z] 🔄 RemoteOK: 98 职位
[2026-04-02T11:10:42.084Z] 🔄 RemoteOK: 98 职位
[2026-04-02T11:11:10.127Z] 
📊 ===== 全球爬虫统计 =====
[2026-04-02T11:11:10.127Z] 数据源总数: 38
[2026-04-02T11:11:10.127Z] 职位总数: 485
[2026-04-02T11:11:10.127Z] 今日新增: 0
[2026-04-02T11:11:10.127Z] 最后更新: 2026-04-02T11:10:42.084Z
[2026-04-02T11:11:10.127Z] ========================

[2026-04-02T11:11:11.354Z] 🔄 RemoteOK: 98 职位
[2026-04-02T11:11:42.426Z] 🔄 RemoteOK: 98 职位
[2026-04-02T11:12:11.040Z] 🔄 RemoteOK: 98 职位
[2026-04-02T11:12:40.798Z] 🔄 RemoteOK: 98 职位
[2026-04-02T11:13:11.336Z] 🔄 RemoteOK: 98 职位
[2026-04-02T11:13:41.296Z] 🔄 RemoteOK: 98 职位
[2026-04-02T11:14:11.101Z] 🔄 RemoteOK: 98 职位
[2026-04-02T11:14:40.891Z] 🔄 RemoteOK: 98 职位
[2026-04-02T11:15:11.140Z] 🔄 RemoteOK: 98 职位
[2026-04-02T11:15:41.116Z] 🔄 RemoteOK: 98 职位
[2026-04-02T11:16:10.128Z] 
📊 ===== 全球爬虫统计 =====
[2026-04-02T11:16:10.128Z] 数据源总数: 38
[2026-04-02T11:16:10.128Z] 职位总数: 485
[2026-04-02T11:16:10.128Z] 今日新增: 0
[2026-04-02T11:16:10.128Z] 最后更新: 2026-04-02T11:15:41.116Z
[2026-04-02T11:16:10.128Z] ========================

[2026-04-02T11:16:11.250Z] 🔄 RemoteOK: 98 职位
[2026-04-02T11:16:41.160Z] 🔄 RemoteOK: 98 职位
[2026-04-02T11:17:11.017Z] 🔄 RemoteOK: 98 职位
[2026-04-02T11:17:41.361Z] 🔄 RemoteOK: 98 职位
[2026-04-02T11:18:11.078Z] 🔄 RemoteOK: 98 职位
[2026-04-02T11:18:40.859Z] 🔄 RemoteOK: 98 职位
[2026-04-02T11:19:11.254Z] 🔄 RemoteOK: 98 职位
[2026-04-02T11:19:41.560Z] 🔄 RemoteOK: 98 职位
[2026-04-02T11:20:11.784Z] 🔄 RemoteOK: 98 职位
[2026-04-02T11:20:41.330Z] 🔄 RemoteOK: 98 职位
[2026-04-02T11:21:10.129Z] 
📊 ===== 全球爬虫统计 =====
[2026-04-02T11:21:10.129Z] 数据源总数: 38
[2026-04-02T11:21:10.129Z] 职位总数: 485
[2026-04-02T11:21:10.129Z] 今日新增: 0
[2026-04-02T11:21:10.129Z] 最后更新: 2026-04-02T11:20:41.330Z
[2026-04-02T11:21:10.129Z] ========================

[2026-04-02T11:21:11.537Z] 🔄 RemoteOK: 98 职位
[2026-04-02T11:21:41.954Z] 🔄 RemoteOK: 98 职位
[2026-04-02T11:22:11.412Z] 🔄 RemoteOK: 98 职位
[2026-04-02T11:22:40.962Z] 🔄 RemoteOK: 98 职位
[2026-04-02T11:23:11.253Z] 🔄 RemoteOK: 98 职位
[2026-04-02T11:23:41.195Z] 🔄 RemoteOK: 98 职位
[2026-04-02T11:24:11.281Z] 🔄 RemoteOK: 98 职位
[2026-04-02T11:24:41.178Z] 🔄 RemoteOK: 98 职位
[2026-04-02T11:25:12.997Z] 🔄 RemoteOK: 98 职位
[2026-04-02T11:25:40.996Z] 🔄 RemoteOK: 98 职位
[2026-04-02T11:26:10.129Z] 
📊 ===== 全球爬虫统计 =====
[2026-04-02T11:26:10.129Z] 数据源总数: 38
[2026-04-02T11:26:10.129Z] 职位总数: 485
[2026-04-02T11:26:10.129Z] 今日新增: 0
[2026-04-02T11:26:10.129Z] 最后更新: 2026-04-02T11:25:40.996Z
[2026-04-02T11:26:10.130Z] ========================

[2026-04-02T11:26:11.419Z] 🔄 RemoteOK: 98 职位
[2026-04-02T11:26:41.378Z] 🔄 RemoteOK: 98 职位
[2026-04-02T11:27:11.330Z] 🔄 RemoteOK: 98 职位
[2026-04-02T11:27:41.262Z] 🔄 RemoteOK: 98 职位
[2026-04-02T11:28:11.330Z] 🔄 RemoteOK: 98 职位
[2026-04-02T11:28:40.918Z] 🔄 RemoteOK: 98 职位
[2026-04-02T11:29:11.020Z] 🔄 RemoteOK: 98 职位
[2026-04-02T11:29:41.364Z] 🔄 RemoteOK: 98 职位
[2026-04-02T11:30:11.507Z] 🔄 RemoteOK: 98 职位
[2026-04-02T11:30:41.868Z] 🔄 RemoteOK: 98 职位
[2026-04-02T11:31:10.130Z] 
📊 ===== 全球爬虫统计 =====
[2026-04-02T11:31:10.130Z] 数据源总数: 38
[2026-04-02T11:31:10.130Z] 职位总数: 485
[2026-04-02T11:31:10.130Z] 今日新增: 0
[2026-04-02T11:31:10.130Z] 最后更新: 2026-04-02T11:30:41.868Z
[2026-04-02T11:31:10.130Z] ========================

[2026-04-02T11:31:11.589Z] 🔄 RemoteOK: 98 职位
[2026-04-02T11:31:41.333Z] 🔄 RemoteOK: 98 职位
[2026-04-02T11:32:12.064Z] 🔄 RemoteOK: 98 职位
[2026-04-02T11:32:41.224Z] 🔄 RemoteOK: 98 职位
[2026-04-02T11:33:11.382Z] 🔄 RemoteOK: 98 职位
[2026-04-02T11:33:41.363Z] 🔄 RemoteOK: 98 职位
[2026-04-02T11:34:11.480Z] 🔄 RemoteOK: 98 职位
[2026-04-02T11:34:41.403Z] 🔄 RemoteOK: 98 职位
[2026-04-02T11:35:11.384Z] 🔄 RemoteOK: 98 职位
[2026-04-02T11:35:42.794Z] 🔄 RemoteOK: 98 职位
[2026-04-02T11:36:10.132Z] 
📊 ===== 全球爬虫统计 =====
[2026-04-02T11:36:10.132Z] 数据源总数: 38
[2026-04-02T11:36:10.133Z] 职位总数: 485
[2026-04-02T11:36:10.133Z] 今日新增: 0
[2026-04-02T11:36:10.133Z] 最后更新: 2026-04-02T11:35:42.794Z
[2026-04-02T11:36:10.133Z] ========================

[2026-04-02T11:36:11.225Z] 🔄 RemoteOK: 98 职位
[2026-04-02T11:36:42.134Z] 🔄 RemoteOK: 98 职位
[2026-04-02T11:37:11.302Z] 🔄 RemoteOK: 98 职位
[2026-04-02T11:37:41.140Z] 🔄 RemoteOK: 98 职位
[2026-04-02T11:38:12.337Z] 🔄 RemoteOK: 98 职位
[2026-04-02T11:38:41.381Z] 🔄 RemoteOK: 98 职位
[2026-04-02T11:39:11.264Z] 🔄 RemoteOK: 98 职位
[2026-04-02T11:39:41.340Z] 🔄 RemoteOK: 98 职位
[2026-04-02T11:40:36.091Z] 🔄 RemoteOK: 98 职位
[2026-04-02T11:41:00.250Z] 🔄 RemoteOK: 98 职位
[2026-04-02T11:41:10.133Z] 
📊 ===== 全球爬虫统计 =====
[2026-04-02T11:41:10.133Z] 数据源总数: 38
[2026-04-02T11:41:10.133Z] 职位总数: 485
[2026-04-02T11:41:10.133Z] 今日新增: 0
[2026-04-02T11:41:10.133Z] 最后更新: 2026-04-02T11:41:00.250Z
[2026-04-02T11:41:10.133Z] ========================

[2026-04-02T11:41:11.167Z] 🔄 RemoteOK: 98 职位
[2026-04-02T11:41:41.250Z] 🔄 RemoteOK: 98 职位
[2026-04-02T11:42:11.209Z] 🔄 RemoteOK: 98 职位
[2026-04-02T11:42:43.307Z] 🔄 RemoteOK: 98 职位
[2026-04-02T11:43:11.413Z] 🔄 RemoteOK: 98 职位
[2026-04-02T11:43:41.313Z] 🔄 RemoteOK: 98 职位
[2026-04-02T11:44:10.958Z] 🔄 RemoteOK: 98 职位
[2026-04-02T11:44:41.172Z] 🔄 RemoteOK: 98 职位
[2026-04-02T11:45:11.043Z] 🔄 RemoteOK: 98 职位
[2026-04-02T11:45:41.233Z] 🔄 RemoteOK: 98 职位
[2026-04-02T11:46:10.134Z] 
📊 ===== 全球爬虫统计 =====
[2026-04-02T11:46:10.134Z] 数据源总数: 38
[2026-04-02T11:46:10.134Z] 职位总数: 485
[2026-04-02T11:46:10.134Z] 今日新增: 0
[2026-04-02T11:46:10.134Z] 最后更新: 2026-04-02T11:45:41.233Z
[2026-04-02T11:46:10.134Z] ========================

[2026-04-02T11:46:11.144Z] 🔄 RemoteOK: 98 职位
[2026-04-02T11:46:41.111Z] 🔄 RemoteOK: 98 职位
[2026-04-02T11:47:10.938Z] 🔄 RemoteOK: 98 职位
[2026-04-02T11:47:41.265Z] 🔄 RemoteOK: 98 职位
[2026-04-02T11:48:11.140Z] 🔄 RemoteOK: 98 职位
[2026-04-02T11:48:41.401Z] 🔄 RemoteOK: 98 职位
[2026-04-02T11:49:11.444Z] 🔄 RemoteOK: 98 职位
[2026-04-02T11:49:41.028Z] 🔄 RemoteOK: 98 职位
[2026-04-02T11:50:11.181Z] 🔄 RemoteOK: 98 职位
[2026-04-02T11:50:42.204Z] 🔄 RemoteOK: 98 职位
[2026-04-02T11:51:10.134Z] 
📊 ===== 全球爬虫统计 =====
[2026-04-02T11:51:10.134Z] 数据源总数: 38
[2026-04-02T11:51:10.134Z] 职位总数: 485
[2026-04-02T11:51:10.134Z] 今日新增: 0
[2026-04-02T11:51:10.134Z] 最后更新: 2026-04-02T11:50:42.204Z
[2026-04-02T11:51:10.134Z] ========================

[2026-04-02T11:51:11.344Z] 🔄 RemoteOK: 98 职位
[2026-04-02T11:51:41.697Z] 🔄 RemoteOK: 98 职位
[2026-04-02T11:52:11.584Z] 🔄 RemoteOK: 98 职位
[2026-04-02T11:52:41.686Z] 🔄 RemoteOK: 98 职位
[2026-04-02T11:53:11.966Z] 🔄 RemoteOK: 98 职位
[2026-04-02T11:53:41.785Z] 🔄 RemoteOK: 98 职位
[2026-04-02T11:54:12.268Z] 🔄 RemoteOK: 98 职位
[2026-04-02T11:54:44.196Z] 🔄 RemoteOK: 98 职位
[2026-04-02T11:55:11.460Z] 🔄 RemoteOK: 98 职位
[2026-04-02T11:55:42.042Z] 🔄 RemoteOK: 98 职位
[2026-04-02T11:56:10.135Z] 
📊 ===== 全球爬虫统计 =====
[2026-04-02T11:56:10.135Z] 数据源总数: 38
[2026-04-02T11:56:10.135Z] 职位总数: 485
[2026-04-02T11:56:10.136Z] 今日新增: 0
[2026-04-02T11:56:10.136Z] 最后更新: 2026-04-02T11:55:42.042Z
[2026-04-02T11:56:10.136Z] ========================

[2026-04-02T11:56:11.262Z] 🔄 RemoteOK: 98 职位
[2026-04-02T11:56:41.244Z] 🔄 RemoteOK: 98 职位
[2026-04-02T11:57:11.601Z] 🔄 RemoteOK: 98 职位
[2026-04-02T11:57:41.456Z] 🔄 RemoteOK: 98 职位
[2026-04-02T11:58:11.228Z] 🔄 RemoteOK: 98 职位
[2026-04-02T11:58:42.250Z] 🔄 RemoteOK: 98 职位
[2026-04-02T11:59:11.361Z] 🔄 RemoteOK: 98 职位
[2026-04-02T11:59:41.344Z] 🔄 RemoteOK: 98 职位
[2026-04-02T12:00:11.639Z] 🔄 RemoteOK: 98 职位
[2026-04-02T12:00:41.292Z] 🔄 RemoteOK: 98 职位
[2026-04-02T12:01:10.135Z] 
📊 ===== 全球爬虫统计 =====
[2026-04-02T12:01:10.136Z] 数据源总数: 38
[2026-04-02T12:01:10.136Z] 职位总数: 485
[2026-04-02T12:01:10.136Z] 今日新增: 0
[2026-04-02T12:01:10.136Z] 最后更新: 2026-04-02T12:00:41.292Z
[2026-04-02T12:01:10.136Z] ========================

[2026-04-02T12:01:11.360Z] 🔄 RemoteOK: 98 职位
[2026-04-02T12:01:42.008Z] 🔄 RemoteOK: 98 职位
[2026-04-02T12:02:11.113Z] 🔄 RemoteOK: 98 职位
[2026-04-02T12:02:41.736Z] 🔄 RemoteOK: 98 职位
[2026-04-02T12:03:11.453Z] 🔄 RemoteOK: 98 职位
[2026-04-02T12:03:41.282Z] 🔄 RemoteOK: 98 职位
[2026-04-02T12:04:11.312Z] 🔄 RemoteOK: 98 职位
[2026-04-02T12:04:41.180Z] 🔄 RemoteOK: 98 职位
[2026-04-02T12:05:11.705Z] 🔄 RemoteOK: 98 职位
[2026-04-02T12:05:41.565Z] 🔄 RemoteOK: 98 职位
[2026-04-02T12:06:10.136Z] 
📊 ===== 全球爬虫统计 =====
[2026-04-02T12:06:10.136Z] 数据源总数: 38
[2026-04-02T12:06:10.136Z] 职位总数: 485
[2026-04-02T12:06:10.136Z] 今日新增: 0
[2026-04-02T12:06:10.136Z] 最后更新: 2026-04-02T12:05:41.565Z
[2026-04-02T12:06:10.136Z] ========================

[2026-04-02T12:06:12.937Z] 🔄 RemoteOK: 98 职位
[2026-04-02T12:06:42.112Z] 🔄 RemoteOK: 98 职位
[2026-04-02T12:07:11.282Z] 🔄 RemoteOK: 98 职位
[2026-04-02T12:07:41.393Z] 🔄 RemoteOK: 98 职位
[2026-04-02T12:08:11.692Z] 🔄 RemoteOK: 98 职位
[2026-04-02T12:08:41.653Z] 🔄 RemoteOK: 98 职位
[2026-04-02T12:09:11.098Z] 🔄 RemoteOK: 98 职位
[2026-04-02T12:09:41.030Z] 🔄 RemoteOK: 98 职位
[2026-04-02T12:10:11.290Z] 🔄 RemoteOK: 98 职位
[2026-04-02T12:10:41.438Z] 🔄 RemoteOK: 98 职位
[2026-04-02T12:11:10.135Z] 
📊 ===== 全球爬虫统计 =====
[2026-04-02T12:11:10.135Z] 数据源总数: 38
[2026-04-02T12:11:10.136Z] 职位总数: 485
[2026-04-02T12:11:10.136Z] 今日新增: 0
[2026-04-02T12:11:10.136Z] 最后更新: 2026-04-02T12:10:41.438Z
[2026-04-02T12:11:10.136Z] ========================

[2026-04-02T12:11:11.253Z] 🔄 RemoteOK: 98 职位
[2026-04-02T12:11:42.165Z] 🔄 RemoteOK: 98 职位
[2026-04-02T12:12:11.910Z] 🔄 RemoteOK: 98 职位
[2026-04-02T12:12:41.142Z] 🔄 RemoteOK: 98 职位
[2026-04-02T12:13:12.205Z] 🔄 RemoteOK: 98 职位
[2026-04-02T12:13:41.406Z] 🔄 RemoteOK: 98 职位
[2026-04-02T12:14:12.188Z] 🔄 RemoteOK: 98 职位
[2026-04-02T12:14:41.989Z] 🔄 RemoteOK: 98 职位
[2026-04-02T12:15:12.408Z] 🔄 RemoteOK: 98 职位
[2026-04-02T12:15:44.812Z] 🔄 RemoteOK: 98 职位
[2026-04-02T12:16:10.136Z] 
📊 ===== 全球爬虫统计 =====
[2026-04-02T12:16:10.136Z] 数据源总数: 38
[2026-04-02T12:16:10.136Z] 职位总数: 485
[2026-04-02T12:16:10.136Z] 今日新增: 0
[2026-04-02T12:16:10.136Z] 最后更新: 2026-04-02T12:15:44.812Z
[2026-04-02T12:16:10.136Z] ========================

[2026-04-02T12:16:11.527Z] 🔄 RemoteOK: 98 职位
[2026-04-02T12:16:42.010Z] 🔄 RemoteOK: 98 职位
[2026-04-02T12:17:11.737Z] 🔄 RemoteOK: 98 职位
[2026-04-02T12:17:41.818Z] 🔄 RemoteOK: 98 职位
[2026-04-02T12:18:11.203Z] 🔄 RemoteOK: 98 职位
[2026-04-02T12:18:41.188Z] 🔄 RemoteOK: 98 职位
[2026-04-02T12:19:12.415Z] 🔄 RemoteOK: 98 职位
[2026-04-02T12:19:41.111Z] 🔄 RemoteOK: 98 职位
[2026-04-02T12:20:11.468Z] 🔄 RemoteOK: 98 职位
[2026-04-02T12:20:41.723Z] 🔄 RemoteOK: 98 职位
[2026-04-02T12:21:10.136Z] 
📊 ===== 全球爬虫统计 =====
[2026-04-02T12:21:10.137Z] 数据源总数: 38
[2026-04-02T12:21:10.137Z] 职位总数: 485
[2026-04-02T12:21:10.137Z] 今日新增: 0
[2026-04-02T12:21:10.137Z] 最后更新: 2026-04-02T12:20:41.723Z
[2026-04-02T12:21:10.137Z] ========================

[2026-04-02T12:21:12.045Z] 🔄 RemoteOK: 98 职位
[2026-04-02T12:21:41.399Z] 🔄 RemoteOK: 98 职位
[2026-04-02T12:22:11.271Z] 🔄 RemoteOK: 98 职位
[2026-04-02T12:22:41.719Z] 🔄 RemoteOK: 98 职位
[2026-04-02T12:23:12.283Z] 🔄 RemoteOK: 98 职位
[2026-04-02T12:23:41.181Z] 🔄 RemoteOK: 98 职位
[2026-04-02T12:24:11.476Z] 🔄 RemoteOK: 98 职位
[2026-04-02T12:24:41.388Z] 🔄 RemoteOK: 98 职位
[2026-04-02T12:25:11.162Z] 🔄 RemoteOK: 98 职位
[2026-04-02T12:25:41.971Z] 🔄 RemoteOK: 98 职位
[2026-04-02T12:26:10.137Z] 
📊 ===== 全球爬虫统计 =====
[2026-04-02T12:26:10.138Z] 数据源总数: 38
[2026-04-02T12:26:10.138Z] 职位总数: 485
[2026-04-02T12:26:10.138Z] 今日新增: 0
[2026-04-02T12:26:10.138Z] 最后更新: 2026-04-02T12:25:41.971Z
[2026-04-02T12:26:10.138Z] ========================

[2026-04-02T12:26:11.999Z] 🔄 RemoteOK: 98 职位
[2026-04-02T12:26:41.361Z] 🔄 RemoteOK: 98 职位
[2026-04-02T12:27:11.405Z] 🔄 RemoteOK: 98 职位
[2026-04-02T12:27:42.075Z] 🔄 RemoteOK: 98 职位
[2026-04-02T12:28:12.601Z] 🔄 RemoteOK: 98 职位
[2026-04-02T12:28:41.987Z] 🔄 RemoteOK: 98 职位
[2026-04-02T12:29:11.543Z] 🔄 RemoteOK: 98 职位
[2026-04-02T12:29:41.228Z] 🔄 RemoteOK: 98 职位
[2026-04-02T12:30:11.114Z] 🔄 RemoteOK: 98 职位
[2026-04-02T12:30:41.768Z] 🔄 RemoteOK: 98 职位
[2026-04-02T12:31:10.138Z] 
📊 ===== 全球爬虫统计 =====
[2026-04-02T12:31:10.138Z] 数据源总数: 38
[2026-04-02T12:31:10.138Z] 职位总数: 485
[2026-04-02T12:31:10.139Z] 今日新增: 0
[2026-04-02T12:31:10.139Z] 最后更新: 2026-04-02T12:30:41.768Z
[2026-04-02T12:31:10.139Z] ========================

[2026-04-02T12:31:11.907Z] 🔄 RemoteOK: 98 职位
[2026-04-02T12:31:41.171Z] 🔄 RemoteOK: 98 职位
[2026-04-02T12:32:11.323Z] 🔄 RemoteOK: 98 职位
[2026-04-02T12:32:42.225Z] 🔄 RemoteOK: 98 职位
[2026-04-02T12:33:11.348Z] 🔄 RemoteOK: 98 职位
[2026-04-02T12:33:41.465Z] 🔄 RemoteOK: 98 职位
[2026-04-02T12:34:12.064Z] 🔄 RemoteOK: 98 职位
[2026-04-02T12:34:41.186Z] 🔄 RemoteOK: 98 职位
[2026-04-02T12:35:12.142Z] 🔄 RemoteOK: 98 职位
[2026-04-02T12:35:41.447Z] 🔄 RemoteOK: 98 职位
[2026-04-02T12:36:10.139Z] 
📊 ===== 全球爬虫统计 =====
[2026-04-02T12:36:10.139Z] 数据源总数: 38
[2026-04-02T12:36:10.139Z] 职位总数: 485
[2026-04-02T12:36:10.139Z] 今日新增: 0
[2026-04-02T12:36:10.139Z] 最后更新: 2026-04-02T12:35:41.447Z
[2026-04-02T12:36:10.139Z] ========================

[2026-04-02T12:36:10.971Z] 🔄 RemoteOK: 98 职位
[2026-04-02T12:36:41.414Z] 🔄 RemoteOK: 98 职位
[2026-04-02T12:37:11.219Z] 🔄 RemoteOK: 98 职位
[2026-04-02T12:37:41.858Z] 🔄 RemoteOK: 98 职位
[2026-04-02T12:38:11.668Z] 🔄 RemoteOK: 98 职位
[2026-04-02T12:38:41.040Z] 🔄 RemoteOK: 98 职位
[2026-04-02T12:39:11.425Z] 🔄 RemoteOK: 98 职位
[2026-04-02T12:39:41.658Z] 🔄 RemoteOK: 98 职位
[2026-04-02T12:40:11.355Z] 🔄 RemoteOK: 98 职位
[2026-04-02T12:40:41.301Z] 🔄 RemoteOK: 98 职位
[2026-04-02T12:41:10.138Z] 
📊 ===== 全球爬虫统计 =====
[2026-04-02T12:41:10.138Z] 数据源总数: 38
[2026-04-02T12:41:10.138Z] 职位总数: 485
[2026-04-02T12:41:10.138Z] 今日新增: 0
[2026-04-02T12:41:10.138Z] 最后更新: 2026-04-02T12:40:41.301Z
[2026-04-02T12:41:10.138Z] ========================

[2026-04-02T12:41:11.109Z] 🔄 RemoteOK: 98 职位
[2026-04-02T12:41:41.299Z] 🔄 RemoteOK: 98 职位
[2026-04-02T12:42:12.130Z] 🔄 RemoteOK: 98 职位
[2026-04-02T12:42:41.750Z] 🔄 RemoteOK: 98 职位
[2026-04-02T12:43:11.500Z] 🔄 RemoteOK: 98 职位
[2026-04-02T12:43:41.832Z] 🔄 RemoteOK: 98 职位
[2026-04-02T12:44:11.262Z] 🔄 RemoteOK: 98 职位
[2026-04-02T12:44:41.313Z] 🔄 RemoteOK: 98 职位
[2026-04-02T12:45:11.458Z] 🔄 RemoteOK: 98 职位
[2026-04-02T12:45:42.948Z] 🔄 RemoteOK: 98 职位
[2026-04-02T12:46:10.139Z] 
📊 ===== 全球爬虫统计 =====
[2026-04-02T12:46:10.139Z] 数据源总数: 38
[2026-04-02T12:46:10.139Z] 职位总数: 485
[2026-04-02T12:46:10.139Z] 今日新增: 0
[2026-04-02T12:46:10.139Z] 最后更新: 2026-04-02T12:45:42.948Z
[2026-04-02T12:46:10.139Z] ========================

[2026-04-02T12:46:11.526Z] 🔄 RemoteOK: 98 职位
[2026-04-02T12:46:41.897Z] 🔄 RemoteOK: 98 职位
[2026-04-02T12:47:11.104Z] 🔄 RemoteOK: 98 职位
[2026-04-02T12:47:41.223Z] 🔄 RemoteOK: 98 职位
[2026-04-02T12:48:11.481Z] 🔄 RemoteOK: 98 职位
[2026-04-02T12:48:41.769Z] 🔄 RemoteOK: 98 职位
[2026-04-02T12:49:11.170Z] 🔄 RemoteOK: 98 职位
[2026-04-02T12:49:41.954Z] 🔄 RemoteOK: 98 职位
[2026-04-02T12:50:11.203Z] 🔄 RemoteOK: 98 职位
[2026-04-02T12:50:41.603Z] 🔄 RemoteOK: 98 职位
[2026-04-02T12:51:10.138Z] 
📊 ===== 全球爬虫统计 =====
[2026-04-02T12:51:10.138Z] 数据源总数: 38
[2026-04-02T12:51:10.138Z] 职位总数: 485
[2026-04-02T12:51:10.138Z] 今日新增: 0
[2026-04-02T12:51:10.138Z] 最后更新: 2026-04-02T12:50:41.603Z
[2026-04-02T12:51:10.138Z] ========================

[2026-04-02T12:51:11.779Z] 🔄 RemoteOK: 98 职位
[2026-04-02T12:51:41.421Z] 🔄 RemoteOK: 98 职位
[2026-04-02T12:52:12.692Z] 🔄 RemoteOK: 98 职位
[2026-04-02T12:52:42.431Z] 🔄 RemoteOK: 98 职位
[2026-04-02T12:53:11.180Z] 🔄 RemoteOK: 98 职位
[2026-04-02T12:53:41.503Z] 🔄 RemoteOK: 98 职位
[2026-04-02T12:54:11.882Z] 🔄 RemoteOK: 98 职位
[2026-04-02T12:54:41.323Z] 🔄 RemoteOK: 98 职位
[2026-04-02T12:55:11.457Z] 🔄 RemoteOK: 98 职位
[2026-04-02T12:55:41.559Z] 🔄 RemoteOK: 98 职位
[2026-04-02T12:56:10.139Z] 
📊 ===== 全球爬虫统计 =====
[2026-04-02T12:56:10.140Z] 数据源总数: 38
[2026-04-02T12:56:10.140Z] 职位总数: 485
[2026-04-02T12:56:10.140Z] 今日新增: 0
[2026-04-02T12:56:10.140Z] 最后更新: 2026-04-02T12:55:41.559Z
[2026-04-02T12:56:10.140Z] ========================

[2026-04-02T12:56:11.245Z] 🔄 RemoteOK: 98 职位
[2026-04-02T12:56:41.448Z] 🔄 RemoteOK: 98 职位
[2026-04-02T12:57:11.885Z] 🔄 RemoteOK: 98 职位
[2026-04-02T12:57:42.443Z] 🔄 RemoteOK: 98 职位
[2026-04-02T12:58:11.046Z] 🔄 RemoteOK: 98 职位
[2026-04-02T12:58:41.235Z] 🔄 RemoteOK: 98 职位
[2026-04-02T12:59:11.323Z] 🔄 RemoteOK: 98 职位
[2026-04-02T12:59:42.195Z] 🔄 RemoteOK: 98 职位
[2026-04-02T13:00:11.325Z] 🔄 RemoteOK: 98 职位
[2026-04-02T13:00:40.998Z] 🔄 RemoteOK: 98 职位
[2026-04-02T13:01:10.139Z] 
📊 ===== 全球爬虫统计 =====
[2026-04-02T13:01:10.140Z] 数据源总数: 38
[2026-04-02T13:01:10.140Z] 职位总数: 485
[2026-04-02T13:01:10.140Z] 今日新增: 0
[2026-04-02T13:01:10.140Z] 最后更新: 2026-04-02T13:00:40.998Z
[2026-04-02T13:01:10.140Z] ========================

[2026-04-02T13:01:11.121Z] 🔄 RemoteOK: 98 职位
[2026-04-02T13:01:41.588Z] 🔄 RemoteOK: 98 职位
[2026-04-02T13:02:11.028Z] 🔄 RemoteOK: 98 职位
[2026-04-02T13:02:41.634Z] 🔄 RemoteOK: 98 职位
[2026-04-02T13:03:11.854Z] 🔄 RemoteOK: 98 职位
[2026-04-02T13:03:41.398Z] 🔄 RemoteOK: 98 职位
[2026-04-02T13:04:11.612Z] 🔄 RemoteOK: 98 职位
[2026-04-02T13:04:41.623Z] 🔄 RemoteOK: 98 职位
[2026-04-02T13:05:11.460Z] 🔄 RemoteOK: 98 职位
[2026-04-02T13:05:41.542Z] 🔄 RemoteOK: 98 职位
[2026-04-02T13:06:10.140Z] 
📊 ===== 全球爬虫统计 =====
[2026-04-02T13:06:10.140Z] 数据源总数: 38
[2026-04-02T13:06:10.140Z] 职位总数: 485
[2026-04-02T13:06:10.140Z] 今日新增: 0
[2026-04-02T13:06:10.140Z] 最后更新: 2026-04-02T13:05:41.542Z
[2026-04-02T13:06:10.140Z] ========================

[2026-04-02T13:06:12.814Z] 🔄 RemoteOK: 98 职位
[2026-04-02T13:06:41.478Z] 🔄 RemoteOK: 98 职位
[2026-04-02T13:07:11.955Z] 🔄 RemoteOK: 98 职位
[2026-04-02T13:07:41.551Z] 🔄 RemoteOK: 98 职位
[2026-04-02T13:08:11.621Z] 🔄 RemoteOK: 98 职位
[2026-04-02T13:08:41.365Z] 🔄 RemoteOK: 98 职位
[2026-04-02T13:09:11.420Z] 🔄 RemoteOK: 98 职位
[2026-04-02T13:09:41.293Z] 🔄 RemoteOK: 98 职位
[2026-04-02T13:10:11.002Z] 🔄 RemoteOK: 98 职位
[2026-04-02T13:10:41.681Z] 🔄 RemoteOK: 98 职位
[2026-04-02T13:11:10.140Z] 
📊 ===== 全球爬虫统计 =====
[2026-04-02T13:11:10.140Z] 数据源总数: 38
[2026-04-02T13:11:10.140Z] 职位总数: 485
[2026-04-02T13:11:10.140Z] 今日新增: 0
[2026-04-02T13:11:10.140Z] 最后更新: 2026-04-02T13:10:41.681Z
[2026-04-02T13:11:10.140Z] ========================

[2026-04-02T13:11:12.283Z] 🔄 RemoteOK: 98 职位
[2026-04-02T13:11:41.196Z] 🔄 RemoteOK: 98 职位
[2026-04-02T13:12:12.368Z] 🔄 RemoteOK: 98 职位
[2026-04-02T13:12:42.115Z] 🔄 RemoteOK: 98 职位
[2026-04-02T13:13:11.435Z] 🔄 RemoteOK: 98 职位
[2026-04-02T13:13:42.999Z] 🔄 RemoteOK: 98 职位
[2026-04-02T13:14:11.835Z] 🔄 RemoteOK: 98 职位
[2026-04-02T13:14:41.448Z] 🔄 RemoteOK: 98 职位
[2026-04-02T13:15:12.330Z] 🔄 RemoteOK: 98 职位
[2026-04-02T13:15:41.799Z] 🔄 RemoteOK: 98 职位
[2026-04-02T13:16:10.140Z] 
📊 ===== 全球爬虫统计 =====
[2026-04-02T13:16:10.140Z] 数据源总数: 38
[2026-04-02T13:16:10.140Z] 职位总数: 485
[2026-04-02T13:16:10.140Z] 今日新增: 0
[2026-04-02T13:16:10.140Z] 最后更新: 2026-04-02T13:15:41.799Z
[2026-04-02T13:16:10.140Z] ========================

[2026-04-02T13:16:11.410Z] 🔄 RemoteOK: 98 职位
[2026-04-02T13:16:41.694Z] 🔄 RemoteOK: 98 职位
[2026-04-02T13:17:11.469Z] 🔄 RemoteOK: 98 职位
[2026-04-02T13:17:41.894Z] 🔄 RemoteOK: 98 职位
[2026-04-02T13:18:12.906Z] 🔄 RemoteOK: 98 职位
[2026-04-02T13:18:41.677Z] 🔄 RemoteOK: 98 职位
[2026-04-02T13:19:12.044Z] 🔄 RemoteOK: 98 职位
[2026-04-02T13:19:42.053Z] 🔄 RemoteOK: 98 职位
[2026-04-02T13:20:12.106Z] 🔄 RemoteOK: 98 职位
[2026-04-02T13:20:42.304Z] 🔄 RemoteOK: 98 职位
[2026-04-02T13:21:10.140Z] 
📊 ===== 全球爬虫统计 =====
[2026-04-02T13:21:10.140Z] 数据源总数: 38
[2026-04-02T13:21:10.140Z] 职位总数: 485
[2026-04-02T13:21:10.140Z] 今日新增: 0
[2026-04-02T13:21:10.140Z] 最后更新: 2026-04-02T13:20:42.304Z
[2026-04-02T13:21:10.140Z] ========================

[2026-04-02T13:21:11.556Z] 🔄 RemoteOK: 98 职位
[2026-04-02T13:21:41.774Z] 🔄 RemoteOK: 98 职位
[2026-04-02T13:22:11.867Z] 🔄 RemoteOK: 98 职位
[2026-04-02T13:22:41.802Z] 🔄 RemoteOK: 98 职位
[2026-04-02T13:23:11.370Z] 🔄 RemoteOK: 98 职位
[2026-04-02T13:23:42.232Z] 🔄 RemoteOK: 98 职位
[2026-04-02T13:24:11.557Z] 🔄 RemoteOK: 98 职位
[2026-04-02T13:24:41.758Z] 🔄 RemoteOK: 98 职位
[2026-04-02T13:25:11.673Z] 🔄 RemoteOK: 98 职位
[2026-04-02T13:25:41.813Z] 🔄 RemoteOK: 98 职位
[2026-04-02T13:26:10.140Z] 
📊 ===== 全球爬虫统计 =====
[2026-04-02T13:26:10.140Z] 数据源总数: 38
[2026-04-02T13:26:10.140Z] 职位总数: 485
[2026-04-02T13:26:10.140Z] 今日新增: 0
[2026-04-02T13:26:10.140Z] 最后更新: 2026-04-02T13:25:41.813Z
[2026-04-02T13:26:10.141Z] ========================

[2026-04-02T13:26:11.888Z] 🔄 RemoteOK: 98 职位
[2026-04-02T13:26:41.468Z] 🔄 RemoteOK: 98 职位
[2026-04-02T13:27:12.206Z] 🔄 RemoteOK: 98 职位
[2026-04-02T13:27:41.726Z] 🔄 RemoteOK: 98 职位
[2026-04-02T13:28:11.754Z] 🔄 RemoteOK: 98 职位
[2026-04-02T13:28:41.802Z] 🔄 RemoteOK: 98 职位
[2026-04-02T13:29:11.480Z] 🔄 RemoteOK: 98 职位
[2026-04-02T13:29:41.971Z] 🔄 RemoteOK: 98 职位
[2026-04-02T13:30:11.683Z] 🔄 RemoteOK: 98 职位
[2026-04-02T13:30:41.524Z] 🔄 RemoteOK: 98 职位
[2026-04-02T13:31:10.141Z] 
📊 ===== 全球爬虫统计 =====
[2026-04-02T13:31:10.141Z] 数据源总数: 38
[2026-04-02T13:31:10.141Z] 职位总数: 485
[2026-04-02T13:31:10.141Z] 今日新增: 0
[2026-04-02T13:31:10.141Z] 最后更新: 2026-04-02T13:30:41.524Z
[2026-04-02T13:31:10.141Z] ========================

[2026-04-02T13:31:12.221Z] 🔄 RemoteOK: 98 职位
[2026-04-02T13:31:42.265Z] 🔄 RemoteOK: 98 职位
[2026-04-02T13:32:11.613Z] 🔄 RemoteOK: 98 职位
[2026-04-02T13:32:42.054Z] 🔄 RemoteOK: 98 职位
[2026-04-02T13:33:12.917Z] 🔄 RemoteOK: 98 职位
[2026-04-02T13:33:41.199Z] 🔄 RemoteOK: 98 职位
[2026-04-02T13:34:11.351Z] 🔄 RemoteOK: 98 职位
[2026-04-02T13:34:41.927Z] 🔄 RemoteOK: 98 职位
[2026-04-02T13:35:12.045Z] 🔄 RemoteOK: 98 职位
[2026-04-02T13:35:41.377Z] 🔄 RemoteOK: 98 职位
[2026-04-02T13:36:10.141Z] 
📊 ===== 全球爬虫统计 =====
[2026-04-02T13:36:10.141Z] 数据源总数: 38
[2026-04-02T13:36:10.141Z] 职位总数: 485
[2026-04-02T13:36:10.141Z] 今日新增: 0
[2026-04-02T13:36:10.141Z] 最后更新: 2026-04-02T13:35:41.377Z
[2026-04-02T13:36:10.141Z] ========================

[2026-04-02T13:36:11.174Z] 🔄 RemoteOK: 98 职位
[2026-04-02T13:36:42.664Z] 🔄 RemoteOK: 98 职位
[2026-04-02T13:37:11.191Z] 🔄 RemoteOK: 98 职位
[2026-04-02T13:37:41.418Z] 🔄 RemoteOK: 98 职位
[2026-04-02T13:38:19.070Z] 🔄 RemoteOK: 98 职位
[2026-04-02T13:38:42.158Z] 🔄 RemoteOK: 98 职位
[2026-04-02T13:39:11.358Z] 🔄 RemoteOK: 98 职位
[2026-04-02T13:39:42.582Z] 🔄 RemoteOK: 98 职位
[2026-04-02T13:40:12.325Z] 🔄 RemoteOK: 98 职位
[2026-04-02T13:40:41.878Z] 🔄 RemoteOK: 98 职位
[2026-04-02T13:41:10.141Z] 
📊 ===== 全球爬虫统计 =====
[2026-04-02T13:41:10.142Z] 数据源总数: 38
[2026-04-02T13:41:10.142Z] 职位总数: 485
[2026-04-02T13:41:10.142Z] 今日新增: 0
[2026-04-02T13:41:10.142Z] 最后更新: 2026-04-02T13:40:41.878Z
[2026-04-02T13:41:10.142Z] ========================

[2026-04-02T13:41:11.322Z] 🔄 RemoteOK: 98 职位
[2026-04-02T13:41:41.870Z] 🔄 RemoteOK: 98 职位
[2026-04-02T13:42:12.195Z] 🔄 RemoteOK: 98 职位
[2026-04-02T13:42:41.457Z] 🔄 RemoteOK: 98 职位
[2026-04-02T13:43:11.798Z] 🔄 RemoteOK: 98 职位
[2026-04-02T13:43:41.497Z] 🔄 RemoteOK: 98 职位
[2026-04-02T13:44:11.689Z] 🔄 RemoteOK: 98 职位
[2026-04-02T13:44:41.679Z] 🔄 RemoteOK: 98 职位
[2026-04-02T13:45:11.825Z] 🔄 RemoteOK: 98 职位
[2026-04-02T13:45:41.521Z] 🔄 RemoteOK: 98 职位
[2026-04-02T13:46:10.141Z] 
📊 ===== 全球爬虫统计 =====
[2026-04-02T13:46:10.142Z] 数据源总数: 38
[2026-04-02T13:46:10.142Z] 职位总数: 485
[2026-04-02T13:46:10.142Z] 今日新增: 0
[2026-04-02T13:46:10.142Z] 最后更新: 2026-04-02T13:45:41.521Z
[2026-04-02T13:46:10.142Z] ========================

[2026-04-02T13:46:12.414Z] 🔄 RemoteOK: 98 职位
[2026-04-02T13:46:41.946Z] 🔄 RemoteOK: 98 职位
[2026-04-02T13:47:11.489Z] 🔄 RemoteOK: 98 职位
[2026-04-02T13:47:43.845Z] 🔄 RemoteOK: 98 职位
[2026-04-02T13:48:11.776Z] 🔄 RemoteOK: 98 职位
[2026-04-02T13:48:41.196Z] 🔄 RemoteOK: 98 职位
[2026-04-02T13:49:11.980Z] 🔄 RemoteOK: 98 职位
[2026-04-02T13:49:41.466Z] 🔄 RemoteOK: 98 职位
[2026-04-02T13:50:11.797Z] 🔄 RemoteOK: 98 职位
[2026-04-02T13:50:42.770Z] 🔄 RemoteOK: 98 职位
[2026-04-02T13:51:10.142Z] 
📊 ===== 全球爬虫统计 =====
[2026-04-02T13:51:10.142Z] 数据源总数: 38
[2026-04-02T13:51:10.142Z] 职位总数: 485
[2026-04-02T13:51:10.142Z] 今日新增: 0
[2026-04-02T13:51:10.142Z] 最后更新: 2026-04-02T13:50:42.770Z
[2026-04-02T13:51:10.142Z] ========================

[2026-04-02T13:51:12.253Z] 🔄 RemoteOK: 98 职位
[2026-04-02T13:51:41.865Z] 🔄 RemoteOK: 98 职位
[2026-04-02T13:52:11.525Z] 🔄 RemoteOK: 98 职位
[2026-04-02T13:52:42.777Z] 🔄 RemoteOK: 98 职位
[2026-04-02T13:53:12.929Z] 🔄 RemoteOK: 98 职位
[2026-04-02T13:53:42.406Z] 🔄 RemoteOK: 98 职位
[2026-04-02T13:54:12.167Z] 🔄 RemoteOK: 98 职位
[2026-04-02T13:54:42.352Z] 🔄 RemoteOK: 98 职位
[2026-04-02T13:55:12.080Z] 🔄 RemoteOK: 98 职位
[2026-04-02T13:55:41.324Z] 🔄 RemoteOK: 98 职位
[2026-04-02T13:56:10.141Z] 
📊 ===== 全球爬虫统计 =====
[2026-04-02T13:56:10.141Z] 数据源总数: 38
[2026-04-02T13:56:10.142Z] 职位总数: 485
[2026-04-02T13:56:10.142Z] 今日新增: 0
[2026-04-02T13:56:10.142Z] 最后更新: 2026-04-02T13:55:41.324Z
[2026-04-02T13:56:10.142Z] ========================

[2026-04-02T13:56:12.650Z] 🔄 RemoteOK: 98 职位
[2026-04-02T13:56:49.269Z] 🔄 RemoteOK: 98 职位
[2026-04-02T13:57:13.444Z] 🔄 RemoteOK: 98 职位
[2026-04-02T13:57:42.813Z] 🔄 RemoteOK: 98 职位
[2026-04-02T13:58:13.034Z] 🔄 RemoteOK: 98 职位
[2026-04-02T13:58:42.505Z] 🔄 RemoteOK: 98 职位
[2026-04-02T13:59:11.393Z] 🔄 RemoteOK: 98 职位
[2026-04-02T13:59:42.425Z] 🔄 RemoteOK: 98 职位
[2026-04-02T14:00:12.612Z] 🔄 RemoteOK: 98 职位
[2026-04-02T14:00:41.510Z] 🔄 RemoteOK: 98 职位
[2026-04-02T14:01:10.140Z] 
📊 ===== 全球爬虫统计 =====
[2026-04-02T14:01:10.141Z] 数据源总数: 38
[2026-04-02T14:01:10.141Z] 职位总数: 485
[2026-04-02T14:01:10.141Z] 今日新增: 0
[2026-04-02T14:01:10.141Z] 最后更新: 2026-04-02T14:00:41.510Z
[2026-04-02T14:01:10.141Z] ========================

[2026-04-02T14:01:11.827Z] 🔄 RemoteOK: 98 职位
[2026-04-02T14:01:42.884Z] 🔄 RemoteOK: 98 职位
[2026-04-02T14:02:12.097Z] 🔄 RemoteOK: 98 职位
[2026-04-02T14:02:42.393Z] 🔄 RemoteOK: 98 职位
[2026-04-02T14:03:11.974Z] 🔄 RemoteOK: 98 职位
[2026-04-02T14:03:41.743Z] 🔄 RemoteOK: 98 职位
[2026-04-02T14:04:12.141Z] 🔄 RemoteOK: 98 职位
[2026-04-02T14:04:41.902Z] 🔄 RemoteOK: 98 职位
[2026-04-02T14:05:11.781Z] 🔄 RemoteOK: 98 职位
[2026-04-02T14:05:41.853Z] 🔄 RemoteOK: 98 职位
[2026-04-02T14:06:10.141Z] 
📊 ===== 全球爬虫统计 =====
[2026-04-02T14:06:10.142Z] 数据源总数: 38
[2026-04-02T14:06:10.142Z] 职位总数: 485
[2026-04-02T14:06:10.142Z] 今日新增: 0
[2026-04-02T14:06:10.142Z] 最后更新: 2026-04-02T14:05:41.853Z
[2026-04-02T14:06:10.142Z] ========================

[2026-04-02T14:06:11.321Z] 🔄 RemoteOK: 98 职位
[2026-04-02T14:06:42.055Z] 🔄 RemoteOK: 98 职位
[2026-04-02T14:07:11.643Z] 🔄 RemoteOK: 98 职位
[2026-04-02T14:07:41.485Z] 🔄 RemoteOK: 98 职位
[2026-04-02T14:08:11.378Z] 🔄 RemoteOK: 98 职位
[2026-04-02T14:08:41.500Z] 🔄 RemoteOK: 98 职位
[2026-04-02T14:09:11.723Z] 🔄 RemoteOK: 98 职位
[2026-04-02T14:09:42.066Z] 🔄 RemoteOK: 98 职位
[2026-04-02T14:10:12.101Z] 🔄 RemoteOK: 98 职位
[2026-04-02T14:10:41.489Z] 🔄 RemoteOK: 98 职位
[2026-04-02T14:11:10.142Z] 
📊 ===== 全球爬虫统计 =====
[2026-04-02T14:11:10.142Z] 数据源总数: 38
[2026-04-02T14:11:10.143Z] 职位总数: 485
[2026-04-02T14:11:10.143Z] 今日新增: 0
[2026-04-02T14:11:10.143Z] 最后更新: 2026-04-02T14:10:41.489Z
[2026-04-02T14:11:10.143Z] ========================

[2026-04-02T14:11:11.559Z] 🔄 RemoteOK: 98 职位
[2026-04-02T14:11:41.527Z] 🔄 RemoteOK: 98 职位
[2026-04-02T14:12:12.373Z] 🔄 RemoteOK: 98 职位
[2026-04-02T14:12:41.509Z] 🔄 RemoteOK: 98 职位
[2026-04-02T14:13:11.665Z] 🔄 RemoteOK: 98 职位
[2026-04-02T14:13:42.677Z] 🔄 RemoteOK: 98 职位
[2026-04-02T14:14:13.647Z] 🔄 RemoteOK: 98 职位
[2026-04-02T14:14:42.002Z] 🔄 RemoteOK: 98 职位
[2026-04-02T14:15:11.532Z] 🔄 RemoteOK: 98 职位
[2026-04-02T14:15:41.522Z] 🔄 RemoteOK: 98 职位
[2026-04-02T14:16:10.143Z] 
📊 ===== 全球爬虫统计 =====
[2026-04-02T14:16:10.143Z] 数据源总数: 38
[2026-04-02T14:16:10.143Z] 职位总数: 485
[2026-04-02T14:16:10.143Z] 今日新增: 0
[2026-04-02T14:16:10.143Z] 最后更新: 2026-04-02T14:15:41.522Z
[2026-04-02T14:16:10.143Z] ========================

[2026-04-02T14:16:11.650Z] 🔄 RemoteOK: 98 职位
[2026-04-02T14:16:41.789Z] 🔄 RemoteOK: 98 职位
[2026-04-02T14:17:13.031Z] 🔄 RemoteOK: 98 职位
[2026-04-02T14:17:41.745Z] 🔄 RemoteOK: 98 职位
[2026-04-02T14:18:11.796Z] 🔄 RemoteOK: 98 职位
[2026-04-02T14:18:41.685Z] 🔄 RemoteOK: 98 职位
[2026-04-02T14:19:16.382Z] 🔄 RemoteOK: 98 职位
[2026-04-02T14:19:43.006Z] 🔄 RemoteOK: 98 职位
[2026-04-02T14:20:12.093Z] 🔄 RemoteOK: 98 职位
[2026-04-02T14:20:41.695Z] 🔄 RemoteOK: 98 职位
[2026-04-02T14:21:10.143Z] 
📊 ===== 全球爬虫统计 =====
[2026-04-02T14:21:10.143Z] 数据源总数: 38
[2026-04-02T14:21:10.143Z] 职位总数: 485
[2026-04-02T14:21:10.143Z] 今日新增: 0
[2026-04-02T14:21:10.143Z] 最后更新: 2026-04-02T14:20:41.695Z
[2026-04-02T14:21:10.143Z] ========================

[2026-04-02T14:21:11.632Z] 🔄 RemoteOK: 98 职位
[2026-04-02T14:21:41.100Z] 🔄 RemoteOK: 98 职位
[2026-04-02T14:22:12.999Z] 🔄 RemoteOK: 98 职位
[2026-04-02T14:22:41.649Z] 🔄 RemoteOK: 98 职位
[2026-04-02T14:23:12.071Z] 🔄 RemoteOK: 98 职位
[2026-04-02T14:23:42.897Z] 🔄 RemoteOK: 98 职位
[2026-04-02T14:24:11.650Z] 🔄 RemoteOK: 98 职位
[2026-04-02T14:24:41.861Z] 🔄 RemoteOK: 98 职位
[2026-04-02T14:25:13.188Z] 🔄 RemoteOK: 98 职位
[2026-04-02T14:25:42.374Z] 🔄 RemoteOK: 98 职位
[2026-04-02T14:26:10.144Z] 
📊 ===== 全球爬虫统计 =====
[2026-04-02T14:26:10.144Z] 数据源总数: 38
[2026-04-02T14:26:10.144Z] 职位总数: 485
[2026-04-02T14:26:10.144Z] 今日新增: 0
[2026-04-02T14:26:10.144Z] 最后更新: 2026-04-02T14:25:42.374Z
[2026-04-02T14:26:10.144Z] ========================

[2026-04-02T14:26:11.312Z] 🔄 RemoteOK: 98 职位
[2026-04-02T14:26:41.299Z] 🔄 RemoteOK: 98 职位
[2026-04-02T14:27:11.701Z] 🔄 RemoteOK: 98 职位
[2026-04-02T14:27:41.269Z] 🔄 RemoteOK: 98 职位
[2026-04-02T14:28:11.978Z] 🔄 RemoteOK: 98 职位
[2026-04-02T14:28:42.547Z] 🔄 RemoteOK: 98 职位
[2026-04-02T14:29:12.752Z] 🔄 RemoteOK: 98 职位
[2026-04-02T14:29:41.921Z] 🔄 RemoteOK: 98 职位
[2026-04-02T14:30:11.851Z] 🔄 RemoteOK: 98 职位
[2026-04-02T14:30:41.509Z] 🔄 RemoteOK: 98 职位
[2026-04-02T14:31:10.145Z] 
📊 ===== 全球爬虫统计 =====
[2026-04-02T14:31:10.145Z] 数据源总数: 38
[2026-04-02T14:31:10.145Z] 职位总数: 485
[2026-04-02T14:31:10.145Z] 今日新增: 0
[2026-04-02T14:31:10.145Z] 最后更新: 2026-04-02T14:30:41.509Z
[2026-04-02T14:31:10.145Z] ========================

[2026-04-02T14:31:13.312Z] 🔄 RemoteOK: 98 职位
[2026-04-02T14:31:41.741Z] 🔄 RemoteOK: 98 职位
[2026-04-02T14:32:13.216Z] 🔄 RemoteOK: 98 职位
[2026-04-02T14:32:42.035Z] 🔄 RemoteOK: 98 职位
[2026-04-02T14:33:13.838Z] 🔄 RemoteOK: 98 职位
[2026-04-02T14:33:41.711Z] 🔄 RemoteOK: 98 职位
[2026-04-02T14:34:11.958Z] 🔄 RemoteOK: 98 职位
[2026-04-02T14:34:41.369Z] 🔄 RemoteOK: 98 职位
[2026-04-02T14:35:11.953Z] 🔄 RemoteOK: 98 职位
[2026-04-02T14:35:42.199Z] 🔄 RemoteOK: 98 职位
[2026-04-02T14:36:10.146Z] 
📊 ===== 全球爬虫统计 =====
[2026-04-02T14:36:10.146Z] 数据源总数: 38
[2026-04-02T14:36:10.146Z] 职位总数: 485
[2026-04-02T14:36:10.146Z] 今日新增: 0
[2026-04-02T14:36:10.146Z] 最后更新: 2026-04-02T14:35:42.199Z
[2026-04-02T14:36:10.146Z] ========================

[2026-04-02T14:36:11.250Z] 🔄 RemoteOK: 98 职位
[2026-04-02T14:36:42.452Z] 🔄 RemoteOK: 98 职位
[2026-04-02T14:37:11.699Z] 🔄 RemoteOK: 98 职位
[2026-04-02T14:37:41.961Z] 🔄 RemoteOK: 98 职位
[2026-04-02T14:38:12.345Z] 🔄 RemoteOK: 98 职位
[2026-04-02T14:38:41.517Z] 🔄 RemoteOK: 98 职位
[2026-04-02T14:39:11.539Z] 🔄 RemoteOK: 98 职位
[2026-04-02T14:39:42.546Z] 🔄 RemoteOK: 98 职位
[2026-04-02T14:40:20.277Z] 🔄 RemoteOK: 98 职位
[2026-04-02T14:40:41.676Z] 🔄 RemoteOK: 98 职位
[2026-04-02T14:41:10.147Z] 
📊 ===== 全球爬虫统计 =====
[2026-04-02T14:41:10.147Z] 数据源总数: 38
[2026-04-02T14:41:10.147Z] 职位总数: 485
[2026-04-02T14:41:10.147Z] 今日新增: 0
[2026-04-02T14:41:10.147Z] 最后更新: 2026-04-02T14:40:41.676Z
[2026-04-02T14:41:10.147Z] ========================

[2026-04-02T14:41:12.113Z] 🔄 RemoteOK: 98 职位
[2026-04-02T14:41:43.116Z] 🔄 RemoteOK: 98 职位
[2026-04-02T14:42:11.588Z] 🔄 RemoteOK: 98 职位
[2026-04-02T14:42:41.503Z] 🔄 RemoteOK: 98 职位
[2026-04-02T14:43:11.495Z] 🔄 RemoteOK: 98 职位
[2026-04-02T14:43:42.178Z] 🔄 RemoteOK: 98 职位
[2026-04-02T14:44:11.749Z] 🔄 RemoteOK: 98 职位
[2026-04-02T14:44:41.672Z] 🔄 RemoteOK: 98 职位
[2026-04-02T14:45:12.684Z] 🔄 RemoteOK: 98 职位
[2026-04-02T14:45:42.516Z] 🔄 RemoteOK: 98 职位
[2026-04-02T14:46:10.146Z] 
📊 ===== 全球爬虫统计 =====
[2026-04-02T14:46:10.146Z] 数据源总数: 38
[2026-04-02T14:46:10.146Z] 职位总数: 485
[2026-04-02T14:46:10.146Z] 今日新增: 0
[2026-04-02T14:46:10.146Z] 最后更新: 2026-04-02T14:45:42.516Z
[2026-04-02T14:46:10.146Z] ========================

[2026-04-02T14:46:11.615Z] 🔄 RemoteOK: 98 职位
[2026-04-02T14:46:42.805Z] 🔄 RemoteOK: 98 职位
[2026-04-02T14:47:11.329Z] 🔄 RemoteOK: 98 职位
[2026-04-02T14:47:41.614Z] 🔄 RemoteOK: 98 职位
[2026-04-02T14:48:12.226Z] 🔄 RemoteOK: 98 职位
[2026-04-02T14:48:42.971Z] 🔄 RemoteOK: 98 职位
[2026-04-02T14:49:12.702Z] 🔄 RemoteOK: 98 职位
[2026-04-02T14:49:41.950Z] 🔄 RemoteOK: 98 职位
[2026-04-02T14:50:12.228Z] 🔄 RemoteOK: 98 职位
[2026-04-02T14:50:42.297Z] 🔄 RemoteOK: 98 职位
[2026-04-02T14:51:10.146Z] 
📊 ===== 全球爬虫统计 =====
[2026-04-02T14:51:10.146Z] 数据源总数: 38
[2026-04-02T14:51:10.146Z] 职位总数: 485
[2026-04-02T14:51:10.146Z] 今日新增: 0
[2026-04-02T14:51:10.146Z] 最后更新: 2026-04-02T14:50:42.297Z
[2026-04-02T14:51:10.146Z] ========================

[2026-04-02T14:51:12.303Z] 🔄 RemoteOK: 98 职位
[2026-04-02T14:51:42.288Z] 🔄 RemoteOK: 98 职位
[2026-04-02T14:52:11.961Z] 🔄 RemoteOK: 98 职位
[2026-04-02T14:52:41.706Z] 🔄 RemoteOK: 98 职位
[2026-04-02T14:53:11.206Z] 🔄 RemoteOK: 98 职位
[2026-04-02T14:53:42.185Z] 🔄 RemoteOK: 98 职位
[2026-04-02T14:54:11.755Z] 🔄 RemoteOK: 98 职位
[2026-04-02T14:54:43.186Z] 🔄 RemoteOK: 98 职位
[2026-04-02T14:55:12.173Z] 🔄 RemoteOK: 98 职位
[2026-04-02T14:55:41.661Z] 🔄 RemoteOK: 98 职位
[2026-04-02T14:56:10.147Z] 
📊 ===== 全球爬虫统计 =====
[2026-04-02T14:56:10.147Z] 数据源总数: 38
[2026-04-02T14:56:10.147Z] 职位总数: 485
[2026-04-02T14:56:10.147Z] 今日新增: 0
[2026-04-02T14:56:10.147Z] 最后更新: 2026-04-02T14:55:41.661Z
[2026-04-02T14:56:10.147Z] ========================

[2026-04-02T14:56:12.115Z] 🔄 RemoteOK: 98 职位
[2026-04-02T14:56:43.250Z] 🔄 RemoteOK: 98 职位
[2026-04-02T14:57:11.741Z] 🔄 RemoteOK: 98 职位
[2026-04-02T14:57:41.636Z] 🔄 RemoteOK: 98 职位
[2026-04-02T14:58:11.292Z] 🔄 RemoteOK: 98 职位
[2026-04-02T14:58:42.177Z] 🔄 RemoteOK: 98 职位
[2026-04-02T14:59:12.311Z] 🔄 RemoteOK: 98 职位
[2026-04-02T14:59:42.133Z] 🔄 RemoteOK: 98 职位
[2026-04-02T15:00:12.957Z] 🔄 RemoteOK: 98 职位
[2026-04-02T15:00:42.435Z] 🔄 RemoteOK: 98 职位
[2026-04-02T15:01:10.148Z] 
📊 ===== 全球爬虫统计 =====
[2026-04-02T15:01:10.148Z] 数据源总数: 38
[2026-04-02T15:01:10.148Z] 职位总数: 485
[2026-04-02T15:01:10.148Z] 今日新增: 0
[2026-04-02T15:01:10.148Z] 最后更新: 2026-04-02T15:00:42.435Z
[2026-04-02T15:01:10.148Z] ========================

[2026-04-02T15:01:11.288Z] 🔄 RemoteOK: 98 职位
[2026-04-02T15:01:41.840Z] 🔄 RemoteOK: 98 职位
[2026-04-02T15:02:13.229Z] 🔄 RemoteOK: 98 职位
[2026-04-02T15:02:41.689Z] 🔄 RemoteOK: 98 职位
[2026-04-02T15:03:11.772Z] 🔄 RemoteOK: 98 职位
[2026-04-02T15:03:41.998Z] 🔄 RemoteOK: 98 职位
[2026-04-02T15:04:11.538Z] 🔄 RemoteOK: 98 职位
[2026-04-02T15:04:41.882Z] 🔄 RemoteOK: 98 职位
[2026-04-02T15:05:12.131Z] 🔄 RemoteOK: 98 职位
[2026-04-02T15:05:41.364Z] 🔄 RemoteOK: 98 职位
[2026-04-02T15:06:10.149Z] 
📊 ===== 全球爬虫统计 =====
[2026-04-02T15:06:10.149Z] 数据源总数: 38
[2026-04-02T15:06:10.149Z] 职位总数: 485
[2026-04-02T15:06:10.149Z] 今日新增: 0
[2026-04-02T15:06:10.150Z] 最后更新: 2026-04-02T15:05:41.364Z
[2026-04-02T15:06:10.150Z] ========================

[2026-04-02T15:06:11.863Z] 🔄 RemoteOK: 98 职位
[2026-04-02T15:06:42.181Z] 🔄 RemoteOK: 98 职位
[2026-04-02T15:07:11.411Z] 🔄 RemoteOK: 98 职位
[2026-04-02T15:07:41.925Z] 🔄 RemoteOK: 98 职位
[2026-04-02T15:08:12.740Z] 🔄 RemoteOK: 98 职位
[2026-04-02T15:08:41.575Z] 🔄 RemoteOK: 98 职位
[2026-04-02T15:09:12.722Z] 🔄 RemoteOK: 98 职位
[2026-04-02T15:09:41.291Z] 🔄 RemoteOK: 98 职位
[2026-04-02T15:10:12.228Z] 🔄 RemoteOK: 98 职位
[2026-04-02T15:10:42.043Z] 🔄 RemoteOK: 98 职位
[2026-04-02T15:11:10.150Z] 
📊 ===== 全球爬虫统计 =====
[2026-04-02T15:11:10.150Z] 数据源总数: 38
[2026-04-02T15:11:10.150Z] 职位总数: 485
[2026-04-02T15:11:10.150Z] 今日新增: 0
[2026-04-02T15:11:10.150Z] 最后更新: 2026-04-02T15:10:42.043Z
[2026-04-02T15:11:10.150Z] ========================

[2026-04-02T15:11:13.724Z] 🔄 RemoteOK: 98 职位
[2026-04-02T15:11:42.999Z] 🔄 RemoteOK: 98 职位
[2026-04-02T15:12:11.308Z] 🔄 RemoteOK: 98 职位
[2026-04-02T15:12:41.602Z] 🔄 RemoteOK: 98 职位
[2026-04-02T15:13:11.884Z] 🔄 RemoteOK: 98 职位
[2026-04-02T15:13:41.718Z] 🔄 RemoteOK: 98 职位
[2026-04-02T15:14:11.283Z] 🔄 RemoteOK: 98 职位
[2026-04-02T15:14:43.594Z] 🔄 RemoteOK: 98 职位
[2026-04-02T15:15:13.181Z] 🔄 RemoteOK: 98 职位
[2026-04-02T15:15:42.297Z] 🔄 RemoteOK: 98 职位
[2026-04-02T15:16:10.150Z] 
📊 ===== 全球爬虫统计 =====
[2026-04-02T15:16:10.150Z] 数据源总数: 38
[2026-04-02T15:16:10.150Z] 职位总数: 486
[2026-04-02T15:16:10.150Z] 今日新增: 1
[2026-04-02T15:16:10.150Z] 最后更新: 2026-04-02T15:15:42.297Z
[2026-04-02T15:16:10.150Z] ========================

[2026-04-02T15:16:11.461Z] 🔄 RemoteOK: 98 职位
[2026-04-02T15:16:41.608Z] 🔄 RemoteOK: 98 职位
[2026-04-02T15:17:11.617Z] 🔄 RemoteOK: 98 职位
[2026-04-02T15:17:41.776Z] 🔄 RemoteOK: 98 职位
[2026-04-02T15:18:12.038Z] 🔄 RemoteOK: 98 职位
[2026-04-02T15:18:41.879Z] 🔄 RemoteOK: 98 职位
[2026-04-02T15:19:11.685Z] 🔄 RemoteOK: 98 职位
[2026-04-02T15:19:42.510Z] 🔄 RemoteOK: 98 职位
[2026-04-02T15:20:11.432Z] 🔄 RemoteOK: 98 职位
[2026-04-02T15:20:41.694Z] 🔄 RemoteOK: 98 职位
[2026-04-02T15:21:10.150Z] 
📊 ===== 全球爬虫统计 =====
[2026-04-02T15:21:10.150Z] 数据源总数: 38
[2026-04-02T15:21:10.150Z] 职位总数: 486
[2026-04-02T15:21:10.150Z] 今日新增: 1
[2026-04-02T15:21:10.150Z] 最后更新: 2026-04-02T15:20:41.694Z
[2026-04-02T15:21:10.150Z] ========================

[2026-04-02T15:21:11.666Z] 🔄 RemoteOK: 98 职位
[2026-04-02T15:21:42.453Z] 🔄 RemoteOK: 98 职位
[2026-04-02T15:22:12.471Z] 🔄 RemoteOK: 98 职位
[2026-04-02T15:22:41.453Z] 🔄 RemoteOK: 98 职位
[2026-04-02T15:23:11.400Z] 🔄 RemoteOK: 98 职位
[2026-04-02T15:23:41.340Z] 🔄 RemoteOK: 98 职位
[2026-04-02T15:24:12.573Z] 🔄 RemoteOK: 98 职位
[2026-04-02T15:24:41.711Z] 🔄 RemoteOK: 98 职位
[2026-04-02T15:25:11.974Z] 🔄 RemoteOK: 98 职位
[2026-04-02T15:25:41.713Z] 🔄 RemoteOK: 98 职位
[2026-04-02T15:26:10.150Z] 
📊 ===== 全球爬虫统计 =====
[2026-04-02T15:26:10.150Z] 数据源总数: 38
[2026-04-02T15:26:10.150Z] 职位总数: 486
[2026-04-02T15:26:10.150Z] 今日新增: 1
[2026-04-02T15:26:10.150Z] 最后更新: 2026-04-02T15:25:41.713Z
[2026-04-02T15:26:10.150Z] ========================

[2026-04-02T15:26:11.282Z] 🔄 RemoteOK: 98 职位
[2026-04-02T15:26:42.048Z] 🔄 RemoteOK: 98 职位
[2026-04-02T15:27:11.325Z] 🔄 RemoteOK: 98 职位
[2026-04-02T15:27:42.105Z] 🔄 RemoteOK: 98 职位
[2026-04-02T15:28:11.544Z] 🔄 RemoteOK: 98 职位
[2026-04-02T15:28:41.521Z] 🔄 RemoteOK: 98 职位
[2026-04-02T15:29:13.460Z] 🔄 RemoteOK: 98 职位
[2026-04-02T15:29:41.747Z] 🔄 RemoteOK: 98 职位
[2026-04-02T15:30:11.669Z] 🔄 RemoteOK: 98 职位
[2026-04-02T15:30:41.675Z] 🔄 RemoteOK: 98 职位
[2026-04-02T15:31:10.150Z] 
📊 ===== 全球爬虫统计 =====
[2026-04-02T15:31:10.150Z] 数据源总数: 38
[2026-04-02T15:31:10.150Z] 职位总数: 486
[2026-04-02T15:31:10.150Z] 今日新增: 1
[2026-04-02T15:31:10.150Z] 最后更新: 2026-04-02T15:30:41.675Z
[2026-04-02T15:31:10.150Z] ========================

[2026-04-02T15:31:12.087Z] 🔄 RemoteOK: 98 职位
[2026-04-02T15:31:44.178Z] 🔄 RemoteOK: 98 职位
[2026-04-02T15:32:11.568Z] 🔄 RemoteOK: 98 职位
[2026-04-02T15:32:42.863Z] 🔄 RemoteOK: 98 职位
[2026-04-02T15:33:11.393Z] 🔄 RemoteOK: 98 职位
[2026-04-02T15:33:41.280Z] 🔄 RemoteOK: 98 职位
[2026-04-02T15:34:11.976Z] 🔄 RemoteOK: 98 职位
[2026-04-02T15:34:42.024Z] 🔄 RemoteOK: 98 职位
[2026-04-02T15:35:12.072Z] 🔄 RemoteOK: 98 职位
[2026-04-02T15:35:42.691Z] 🔄 RemoteOK: 98 职位
[2026-04-02T15:36:10.151Z] 
📊 ===== 全球爬虫统计 =====
[2026-04-02T15:36:10.151Z] 数据源总数: 38
[2026-04-02T15:36:10.151Z] 职位总数: 486
[2026-04-02T15:36:10.151Z] 今日新增: 1
[2026-04-02T15:36:10.151Z] 最后更新: 2026-04-02T15:35:42.691Z
[2026-04-02T15:36:10.151Z] ========================

[2026-04-02T15:36:11.692Z] 🔄 RemoteOK: 98 职位
[2026-04-02T15:36:41.607Z] 🔄 RemoteOK: 98 职位
[2026-04-02T15:37:13.317Z] 🔄 RemoteOK: 98 职位
[2026-04-02T15:37:41.942Z] 🔄 RemoteOK: 98 职位
[2026-04-02T15:38:41.635Z] 🔄 RemoteOK: 98 职位
[2026-04-02T15:39:11.700Z] 🔄 RemoteOK: 98 职位
[2026-04-02T15:39:41.936Z] 🔄 RemoteOK: 98 职位
[2026-04-02T15:40:11.473Z] 🔄 RemoteOK: 98 职位
[2026-04-02T15:40:41.516Z] 🔄 RemoteOK: 98 职位
[2026-04-02T15:41:10.151Z] 
📊 ===== 全球爬虫统计 =====
[2026-04-02T15:41:10.152Z] 数据源总数: 38
[2026-04-02T15:41:10.152Z] 职位总数: 486
[2026-04-02T15:41:10.152Z] 今日新增: 1
[2026-04-02T15:41:10.152Z] 最后更新: 2026-04-02T15:40:41.516Z
[2026-04-02T15:41:10.152Z] ========================

[2026-04-02T15:41:12.324Z] 🔄 RemoteOK: 98 职位
[2026-04-02T15:41:42.252Z] 🔄 RemoteOK: 98 职位
[2026-04-02T15:42:11.914Z] 🔄 RemoteOK: 98 职位
[2026-04-02T15:42:41.863Z] 🔄 RemoteOK: 98 职位
[2026-04-02T15:43:11.444Z] 🔄 RemoteOK: 98 职位
[2026-04-02T15:43:41.753Z] 🔄 RemoteOK: 98 职位
[2026-04-02T15:44:11.533Z] 🔄 RemoteOK: 98 职位
[2026-04-02T15:44:42.165Z] 🔄 RemoteOK: 98 职位
[2026-04-02T15:45:12.120Z] 🔄 RemoteOK: 98 职位
[2026-04-02T15:45:41.302Z] 🔄 RemoteOK: 98 职位
[2026-04-02T15:46:10.152Z] 
📊 ===== 全球爬虫统计 =====
[2026-04-02T15:46:10.152Z] 数据源总数: 38
[2026-04-02T15:46:10.152Z] 职位总数: 486
[2026-04-02T15:46:10.152Z] 今日新增: 1
[2026-04-02T15:46:10.152Z] 最后更新: 2026-04-02T15:45:41.302Z
[2026-04-02T15:46:10.152Z] ========================

[2026-04-02T15:46:11.501Z] 🔄 RemoteOK: 98 职位
[2026-04-02T15:46:42.191Z] 🔄 RemoteOK: 98 职位
[2026-04-02T15:47:11.911Z] 🔄 RemoteOK: 98 职位
[2026-04-02T15:47:42.517Z] 🔄 RemoteOK: 98 职位
[2026-04-02T15:48:11.394Z] 🔄 RemoteOK: 98 职位
[2026-04-02T15:48:42.401Z] 🔄 RemoteOK: 98 职位
[2026-04-02T15:49:11.564Z] 🔄 RemoteOK: 98 职位
[2026-04-02T15:49:41.832Z] 🔄 RemoteOK: 98 职位
[2026-04-02T15:50:12.058Z] 🔄 RemoteOK: 98 职位
[2026-04-02T15:50:41.572Z] 🔄 RemoteOK: 98 职位
[2026-04-02T15:51:10.151Z] 
📊 ===== 全球爬虫统计 =====
[2026-04-02T15:51:10.152Z] 数据源总数: 38
[2026-04-02T15:51:10.152Z] 职位总数: 486
[2026-04-02T15:51:10.152Z] 今日新增: 1
[2026-04-02T15:51:10.152Z] 最后更新: 2026-04-02T15:50:41.572Z
[2026-04-02T15:51:10.152Z] ========================

[2026-04-02T15:51:12.335Z] 🔄 RemoteOK: 98 职位
[2026-04-02T15:51:41.343Z] 🔄 RemoteOK: 98 职位
[2026-04-02T15:52:11.280Z] 🔄 RemoteOK: 98 职位
[2026-04-02T15:52:43.065Z] 🔄 RemoteOK: 98 职位
[2026-04-02T15:53:11.566Z] 🔄 RemoteOK: 98 职位
[2026-04-02T15:53:43.585Z] 🔄 RemoteOK: 98 职位
[2026-04-02T15:54:11.663Z] 🔄 RemoteOK: 98 职位
[2026-04-02T15:54:41.393Z] 🔄 RemoteOK: 98 职位
[2026-04-02T15:55:11.359Z] 🔄 RemoteOK: 98 职位
[2026-04-02T15:55:42.333Z] 🔄 RemoteOK: 98 职位
[2026-04-02T15:56:10.151Z] 
📊 ===== 全球爬虫统计 =====
[2026-04-02T15:56:10.151Z] 数据源总数: 38
[2026-04-02T15:56:10.151Z] 职位总数: 486
[2026-04-02T15:56:10.151Z] 今日新增: 1
[2026-04-02T15:56:10.151Z] 最后更新: 2026-04-02T15:55:42.333Z
[2026-04-02T15:56:10.151Z] ========================

[2026-04-02T15:56:11.649Z] 🔄 RemoteOK: 98 职位
[2026-04-02T15:56:42.072Z] 🔄 RemoteOK: 98 职位
[2026-04-02T15:57:13.043Z] 🔄 RemoteOK: 98 职位
[2026-04-02T15:57:41.691Z] 🔄 RemoteOK: 98 职位
[2026-04-02T15:58:12.464Z] 🔄 RemoteOK: 98 职位
[2026-04-02T15:58:41.910Z] 🔄 RemoteOK: 98 职位
[2026-04-02T15:59:11.305Z] 🔄 RemoteOK: 98 职位
[2026-04-02T15:59:42.113Z] 🔄 RemoteOK: 98 职位
[2026-04-02T16:00:12.656Z] 🔄 RemoteOK: 98 职位
[2026-04-02T16:00:41.588Z] 🔄 RemoteOK: 98 职位
[2026-04-02T16:01:10.151Z] 
📊 ===== 全球爬虫统计 =====
[2026-04-02T16:01:10.152Z] 数据源总数: 38
[2026-04-02T16:01:10.152Z] 职位总数: 486
[2026-04-02T16:01:10.152Z] 今日新增: 1
[2026-04-02T16:01:10.152Z] 最后更新: 2026-04-02T16:00:41.588Z
[2026-04-02T16:01:10.152Z] ========================

[2026-04-02T16:01:11.695Z] 🔄 RemoteOK: 98 职位
[2026-04-02T16:01:42.347Z] 🔄 RemoteOK: 98 职位
[2026-04-02T16:02:12.218Z] 🔄 RemoteOK: 98 职位
[2026-04-02T16:02:41.349Z] 🔄 RemoteOK: 98 职位
[2026-04-02T16:03:11.404Z] 🔄 RemoteOK: 98 职位
[2026-04-02T16:03:41.859Z] 🔄 RemoteOK: 98 职位
[2026-04-02T16:04:11.560Z] 🔄 RemoteOK: 98 职位
[2026-04-02T16:04:41.477Z] 🔄 RemoteOK: 98 职位
[2026-04-02T16:05:11.420Z] 🔄 RemoteOK: 98 职位
[2026-04-02T16:05:41.956Z] 🔄 RemoteOK: 98 职位
[2026-04-02T16:06:10.152Z] 
📊 ===== 全球爬虫统计 =====
[2026-04-02T16:06:10.153Z] 数据源总数: 38
[2026-04-02T16:06:10.153Z] 职位总数: 486
[2026-04-02T16:06:10.153Z] 今日新增: 1
[2026-04-02T16:06:10.153Z] 最后更新: 2026-04-02T16:05:41.956Z
[2026-04-02T16:06:10.153Z] ========================

[2026-04-02T16:06:11.480Z] 🔄 RemoteOK: 98 职位
[2026-04-02T16:06:43.154Z] 🔄 RemoteOK: 98 职位
[2026-04-02T16:07:11.640Z] 🔄 RemoteOK: 98 职位
[2026-04-02T16:07:41.588Z] 🔄 RemoteOK: 98 职位
[2026-04-02T16:08:12.275Z] 🔄 RemoteOK: 98 职位
[2026-04-02T16:08:41.633Z] 🔄 RemoteOK: 98 职位
[2026-04-02T16:09:11.634Z] 🔄 RemoteOK: 98 职位
[2026-04-02T16:09:41.406Z] 🔄 RemoteOK: 98 职位
[2026-04-02T16:10:11.442Z] 🔄 RemoteOK: 98 职位
[2026-04-02T16:10:41.454Z] 🔄 RemoteOK: 98 职位
[2026-04-02T16:11:10.153Z] 
📊 ===== 全球爬虫统计 =====
[2026-04-02T16:11:10.153Z] 数据源总数: 38
[2026-04-02T16:11:10.153Z] 职位总数: 486
[2026-04-02T16:11:10.153Z] 今日新增: 1
[2026-04-02T16:11:10.153Z] 最后更新: 2026-04-02T16:10:41.454Z
[2026-04-02T16:11:10.153Z] ========================

[2026-04-02T16:11:11.559Z] 🔄 RemoteOK: 98 职位
[2026-04-02T16:11:41.464Z] 🔄 RemoteOK: 98 职位
[2026-04-02T16:12:11.605Z] 🔄 RemoteOK: 98 职位
[2026-04-02T16:12:42.365Z] 🔄 RemoteOK: 98 职位
[2026-04-02T16:13:11.452Z] 🔄 RemoteOK: 98 职位
[2026-04-02T16:13:41.326Z] 🔄 RemoteOK: 98 职位
[2026-04-02T16:14:11.641Z] 🔄 RemoteOK: 98 职位
[2026-04-02T16:14:41.494Z] 🔄 RemoteOK: 98 职位
[2026-04-02T16:15:11.957Z] 🔄 RemoteOK: 98 职位
[2026-04-02T16:15:41.553Z] 🔄 RemoteOK: 98 职位
[2026-04-02T16:16:10.153Z] 
📊 ===== 全球爬虫统计 =====
[2026-04-02T16:16:10.153Z] 数据源总数: 38
[2026-04-02T16:16:10.153Z] 职位总数: 489
[2026-04-02T16:16:10.153Z] 今日新增: 1
[2026-04-02T16:16:10.153Z] 最后更新: 2026-04-02T16:15:41.553Z
[2026-04-02T16:16:10.153Z] ========================

[2026-04-02T16:16:11.962Z] 🔄 RemoteOK: 98 职位
[2026-04-02T16:16:41.943Z] 🔄 RemoteOK: 98 职位
[2026-04-02T16:17:11.427Z] 🔄 RemoteOK: 98 职位
[2026-04-02T16:17:41.310Z] 🔄 RemoteOK: 98 职位
[2026-04-02T16:18:12.165Z] 🔄 RemoteOK: 98 职位
[2026-04-02T16:18:41.515Z] 🔄 RemoteOK: 98 职位
[2026-04-02T16:19:12.570Z] 🔄 RemoteOK: 98 职位
[2026-04-02T16:19:41.413Z] 🔄 RemoteOK: 98 职位
[2026-04-02T16:20:11.583Z] 🔄 RemoteOK: 98 职位
[2026-04-02T16:20:41.781Z] 🔄 RemoteOK: 98 职位
[2026-04-02T16:21:10.153Z] 
📊 ===== 全球爬虫统计 =====
[2026-04-02T16:21:10.153Z] 数据源总数: 38
[2026-04-02T16:21:10.153Z] 职位总数: 489
[2026-04-02T16:21:10.153Z] 今日新增: 1
[2026-04-02T16:21:10.153Z] 最后更新: 2026-04-02T16:20:41.781Z
[2026-04-02T16:21:10.153Z] ========================

[2026-04-02T16:21:12.002Z] 🔄 RemoteOK: 98 职位
[2026-04-02T16:21:42.336Z] 🔄 RemoteOK: 98 职位
[2026-04-02T16:22:11.800Z] 🔄 RemoteOK: 98 职位
[2026-04-02T16:22:41.586Z] 🔄 RemoteOK: 98 职位
[2026-04-02T16:23:11.385Z] 🔄 RemoteOK: 98 职位
[2026-04-02T16:23:41.524Z] 🔄 RemoteOK: 98 职位
[2026-04-02T16:24:11.556Z] 🔄 RemoteOK: 98 职位
[2026-04-02T16:24:41.711Z] 🔄 RemoteOK: 98 职位
[2026-04-02T16:25:11.373Z] 🔄 RemoteOK: 98 职位
[2026-04-02T16:25:41.940Z] 🔄 RemoteOK: 98 职位
[2026-04-02T16:26:10.153Z] 
📊 ===== 全球爬虫统计 =====
[2026-04-02T16:26:10.153Z] 数据源总数: 38
[2026-04-02T16:26:10.153Z] 职位总数: 489
[2026-04-02T16:26:10.153Z] 今日新增: 1
[2026-04-02T16:26:10.153Z] 最后更新: 2026-04-02T16:25:41.940Z
[2026-04-02T16:26:10.153Z] ========================

[2026-04-02T16:26:11.367Z] 🔄 RemoteOK: 98 职位
[2026-04-02T16:26:41.466Z] 🔄 RemoteOK: 98 职位
[2026-04-02T16:27:11.797Z] 🔄 RemoteOK: 98 职位
[2026-04-02T16:27:41.649Z] 🔄 RemoteOK: 98 职位
[2026-04-02T16:28:11.671Z] 🔄 RemoteOK: 98 职位
[2026-04-02T16:28:41.758Z] 🔄 RemoteOK: 98 职位
[2026-04-02T16:29:11.663Z] 🔄 RemoteOK: 98 职位
[2026-04-02T16:29:41.856Z] 🔄 RemoteOK: 98 职位
[2026-04-02T16:30:12.017Z] 🔄 RemoteOK: 98 职位
[2026-04-02T16:30:41.957Z] 🔄 RemoteOK: 98 职位
[2026-04-02T16:31:10.153Z] 
📊 ===== 全球爬虫统计 =====
[2026-04-02T16:31:10.154Z] 数据源总数: 38
[2026-04-02T16:31:10.154Z] 职位总数: 489
[2026-04-02T16:31:10.154Z] 今日新增: 1
[2026-04-02T16:31:10.154Z] 最后更新: 2026-04-02T16:30:41.957Z
[2026-04-02T16:31:10.154Z] ========================

[2026-04-02T16:31:11.207Z] 🔄 RemoteOK: 98 职位
[2026-04-02T16:31:41.471Z] 🔄 RemoteOK: 98 职位
[2026-04-02T16:32:11.524Z] 🔄 RemoteOK: 98 职位
[2026-04-02T16:32:41.985Z] 🔄 RemoteOK: 98 职位
[2026-04-02T16:33:11.899Z] 🔄 RemoteOK: 98 职位
[2026-04-02T16:33:41.585Z] 🔄 RemoteOK: 98 职位
[2026-04-02T16:34:11.440Z] 🔄 RemoteOK: 98 职位
[2026-04-02T16:34:41.771Z] 🔄 RemoteOK: 98 职位
[2026-04-02T16:35:11.592Z] 🔄 RemoteOK: 98 职位
[2026-04-02T16:35:41.245Z] 🔄 RemoteOK: 98 职位
[2026-04-02T16:36:10.154Z] 
📊 ===== 全球爬虫统计 =====
[2026-04-02T16:36:10.154Z] 数据源总数: 38
[2026-04-02T16:36:10.154Z] 职位总数: 489
[2026-04-02T16:36:10.154Z] 今日新增: 1
[2026-04-02T16:36:10.154Z] 最后更新: 2026-04-02T16:35:41.245Z
[2026-04-02T16:36:10.154Z] ========================

[2026-04-02T16:36:11.082Z] 🔄 RemoteOK: 98 职位
[2026-04-02T16:36:41.450Z] 🔄 RemoteOK: 98 职位
[2026-04-02T16:37:11.546Z] 🔄 RemoteOK: 98 职位
[2026-04-02T16:37:41.285Z] 🔄 RemoteOK: 98 职位
[2026-04-02T16:38:11.353Z] 🔄 RemoteOK: 98 职位
[2026-04-02T16:38:41.586Z] 🔄 RemoteOK: 98 职位
[2026-04-02T16:39:11.414Z] 🔄 RemoteOK: 98 职位
[2026-04-02T16:39:41.504Z] 🔄 RemoteOK: 98 职位
[2026-04-02T16:40:11.523Z] 🔄 RemoteOK: 98 职位
[2026-04-02T16:40:42.181Z] 🔄 RemoteOK: 98 职位
[2026-04-02T16:41:10.154Z] 
📊 ===== 全球爬虫统计 =====
[2026-04-02T16:41:10.154Z] 数据源总数: 38
[2026-04-02T16:41:10.154Z] 职位总数: 489
[2026-04-02T16:41:10.154Z] 今日新增: 1
[2026-04-02T16:41:10.155Z] 最后更新: 2026-04-02T16:40:42.181Z
[2026-04-02T16:41:10.155Z] ========================

[2026-04-02T16:41:11.408Z] 🔄 RemoteOK: 98 职位
[2026-04-02T16:41:41.459Z] 🔄 RemoteOK: 98 职位
[2026-04-02T16:42:11.287Z] 🔄 RemoteOK: 98 职位
[2026-04-02T16:42:41.422Z] 🔄 RemoteOK: 98 职位
[2026-04-02T16:43:11.369Z] 🔄 RemoteOK: 98 职位
[2026-04-02T16:43:41.776Z] 🔄 RemoteOK: 98 职位
[2026-04-02T16:44:11.333Z] 🔄 RemoteOK: 98 职位
[2026-04-02T16:44:41.218Z] 🔄 RemoteOK: 98 职位
[2026-04-02T16:45:11.274Z] 🔄 RemoteOK: 98 职位
[2026-04-02T16:45:41.564Z] 🔄 RemoteOK: 98 职位
[2026-04-02T16:46:10.154Z] 
📊 ===== 全球爬虫统计 =====
[2026-04-02T16:46:10.155Z] 数据源总数: 38
[2026-04-02T16:46:10.155Z] 职位总数: 489
[2026-04-02T16:46:10.155Z] 今日新增: 1
[2026-04-02T16:46:10.155Z] 最后更新: 2026-04-02T16:45:41.564Z
[2026-04-02T16:46:10.155Z] ========================

[2026-04-02T16:46:11.526Z] 🔄 RemoteOK: 98 职位
[2026-04-02T16:46:41.277Z] 🔄 RemoteOK: 98 职位
[2026-04-02T16:47:11.936Z] 🔄 RemoteOK: 98 职位
[2026-04-02T16:47:41.517Z] 🔄 RemoteOK: 98 职位
[2026-04-02T16:48:11.050Z] 🔄 RemoteOK: 98 职位
[2026-04-02T16:48:42.064Z] 🔄 RemoteOK: 98 职位
[2026-04-02T16:49:11.544Z] 🔄 RemoteOK: 98 职位
[2026-04-02T16:49:41.410Z] 🔄 RemoteOK: 98 职位
[2026-04-02T16:50:12.153Z] 🔄 RemoteOK: 98 职位
[2026-04-02T16:50:41.765Z] 🔄 RemoteOK: 98 职位
[2026-04-02T16:51:10.156Z] 
📊 ===== 全球爬虫统计 =====
[2026-04-02T16:51:10.156Z] 数据源总数: 38
[2026-04-02T16:51:10.156Z] 职位总数: 489
[2026-04-02T16:51:10.156Z] 今日新增: 1
[2026-04-02T16:51:10.156Z] 最后更新: 2026-04-02T16:50:41.765Z
[2026-04-02T16:51:10.156Z] ========================

[2026-04-02T16:51:11.663Z] 🔄 RemoteOK: 98 职位
[2026-04-02T16:51:41.482Z] 🔄 RemoteOK: 98 职位
[2026-04-02T16:52:11.889Z] 🔄 RemoteOK: 98 职位
[2026-04-02T16:52:41.723Z] 🔄 RemoteOK: 98 职位
[2026-04-02T16:53:11.243Z] 🔄 RemoteOK: 98 职位
[2026-04-02T16:53:41.240Z] 🔄 RemoteOK: 98 职位
[2026-04-02T16:54:11.423Z] 🔄 RemoteOK: 98 职位
[2026-04-02T16:54:42.058Z] 🔄 RemoteOK: 98 职位
[2026-04-02T16:55:11.414Z] 🔄 RemoteOK: 98 职位
[2026-04-02T16:55:41.122Z] 🔄 RemoteOK: 98 职位
[2026-04-02T16:56:10.156Z] 
📊 ===== 全球爬虫统计 =====
[2026-04-02T16:56:10.156Z] 数据源总数: 38
[2026-04-02T16:56:10.156Z] 职位总数: 489
[2026-04-02T16:56:10.156Z] 今日新增: 1
[2026-04-02T16:56:10.156Z] 最后更新: 2026-04-02T16:55:41.122Z
[2026-04-02T16:56:10.156Z] ========================

[2026-04-02T16:56:11.728Z] 🔄 RemoteOK: 98 职位
[2026-04-02T16:56:41.519Z] 🔄 RemoteOK: 98 职位
[2026-04-02T16:57:11.082Z] 🔄 RemoteOK: 98 职位
[2026-04-02T16:57:41.518Z] 🔄 RemoteOK: 98 职位
[2026-04-02T16:58:11.412Z] 🔄 RemoteOK: 98 职位
[2026-04-02T16:58:41.342Z] 🔄 RemoteOK: 98 职位
[2026-04-02T16:59:25.318Z] 🔄 RemoteOK: 98 职位
[2026-04-02T16:59:41.278Z] 🔄 RemoteOK: 98 职位
[2026-04-02T17:00:11.453Z] 🔄 RemoteOK: 98 职位
[2026-04-02T17:00:41.486Z] 🔄 RemoteOK: 98 职位
[2026-04-02T17:01:10.155Z] 
📊 ===== 全球爬虫统计 =====
[2026-04-02T17:01:10.156Z] 数据源总数: 38
[2026-04-02T17:01:10.156Z] 职位总数: 489
[2026-04-02T17:01:10.156Z] 今日新增: 1
[2026-04-02T17:01:10.156Z] 最后更新: 2026-04-02T17:00:41.486Z
[2026-04-02T17:01:10.156Z] ========================

[2026-04-02T17:01:11.155Z] 🔄 RemoteOK: 98 职位
[2026-04-02T17:01:41.165Z] 🔄 RemoteOK: 98 职位
[2026-04-02T17:02:11.169Z] 🔄 RemoteOK: 98 职位
[2026-04-02T17:02:41.532Z] 🔄 RemoteOK: 98 职位
[2026-04-02T17:03:11.426Z] 🔄 RemoteOK: 98 职位
[2026-04-02T17:03:41.090Z] 🔄 RemoteOK: 98 职位
[2026-04-02T17:04:11.264Z] 🔄 RemoteOK: 98 职位
[2026-04-02T17:04:41.292Z] 🔄 RemoteOK: 98 职位
[2026-04-02T17:05:11.377Z] 🔄 RemoteOK: 98 职位
[2026-04-02T17:05:41.145Z] 🔄 RemoteOK: 98 职位
[2026-04-02T17:06:10.157Z] 
📊 ===== 全球爬虫统计 =====
[2026-04-02T17:06:10.157Z] 数据源总数: 38
[2026-04-02T17:06:10.157Z] 职位总数: 489
[2026-04-02T17:06:10.157Z] 今日新增: 1
[2026-04-02T17:06:10.157Z] 最后更新: 2026-04-02T17:05:41.145Z
[2026-04-02T17:06:10.157Z] ========================

[2026-04-02T17:06:11.077Z] 🔄 RemoteOK: 98 职位
[2026-04-02T17:06:41.432Z] 🔄 RemoteOK: 98 职位
[2026-04-02T17:07:11.246Z] 🔄 RemoteOK: 98 职位
[2026-04-02T17:07:41.324Z] 🔄 RemoteOK: 98 职位
[2026-04-02T17:08:11.259Z] 🔄 RemoteOK: 98 职位
[2026-04-02T17:08:41.078Z] 🔄 RemoteOK: 98 职位
[2026-04-02T17:09:11.206Z] 🔄 RemoteOK: 98 职位
[2026-04-02T17:09:41.584Z] 🔄 RemoteOK: 98 职位
[2026-04-02T17:10:11.266Z] 🔄 RemoteOK: 98 职位
[2026-04-02T17:10:41.360Z] 🔄 RemoteOK: 98 职位
[2026-04-02T17:11:10.156Z] 
📊 ===== 全球爬虫统计 =====
[2026-04-02T17:11:10.157Z] 数据源总数: 38
[2026-04-02T17:11:10.157Z] 职位总数: 489
[2026-04-02T17:11:10.157Z] 今日新增: 1
[2026-04-02T17:11:10.157Z] 最后更新: 2026-04-02T17:10:41.360Z
[2026-04-02T17:11:10.157Z] ========================

[2026-04-02T17:11:11.271Z] 🔄 RemoteOK: 98 职位
[2026-04-02T17:11:41.076Z] 🔄 RemoteOK: 98 职位
[2026-04-02T17:12:11.432Z] 🔄 RemoteOK: 98 职位
[2026-04-02T17:12:41.394Z] 🔄 RemoteOK: 98 职位
[2026-04-02T17:13:14.965Z] 🔄 RemoteOK: 98 职位
[2026-04-02T17:13:41.354Z] 🔄 RemoteOK: 98 职位
[2026-04-02T17:14:11.128Z] 🔄 RemoteOK: 98 职位
[2026-04-02T17:14:41.266Z] 🔄 RemoteOK: 98 职位
[2026-04-02T17:15:11.144Z] 🔄 RemoteOK: 98 职位
[2026-04-02T17:15:41.196Z] 🔄 RemoteOK: 98 职位
[2026-04-02T17:16:10.157Z] 
📊 ===== 全球爬虫统计 =====
[2026-04-02T17:16:10.157Z] 数据源总数: 38
[2026-04-02T17:16:10.157Z] 职位总数: 489
[2026-04-02T17:16:10.157Z] 今日新增: 1
[2026-04-02T17:16:10.157Z] 最后更新: 2026-04-02T17:15:41.196Z
[2026-04-02T17:16:10.157Z] ========================

[2026-04-02T17:16:11.862Z] 🔄 RemoteOK: 98 职位
[2026-04-02T17:16:41.812Z] 🔄 RemoteOK: 98 职位
[2026-04-02T17:17:11.368Z] 🔄 RemoteOK: 98 职位
[2026-04-02T17:17:41.394Z] 🔄 RemoteOK: 98 职位
[2026-04-02T17:18:11.084Z] 🔄 RemoteOK: 98 职位
[2026-04-02T17:18:41.092Z] 🔄 RemoteOK: 98 职位
[2026-04-02T17:19:11.253Z] 🔄 RemoteOK: 98 职位
[2026-04-02T17:19:41.174Z] 🔄 RemoteOK: 98 职位
[2026-04-02T17:20:11.139Z] 🔄 RemoteOK: 98 职位
[2026-04-02T17:20:41.100Z] 🔄 RemoteOK: 98 职位
[2026-04-02T17:21:10.157Z] 
📊 ===== 全球爬虫统计 =====
[2026-04-02T17:21:10.157Z] 数据源总数: 38
[2026-04-02T17:21:10.157Z] 职位总数: 489
[2026-04-02T17:21:10.157Z] 今日新增: 1
[2026-04-02T17:21:10.157Z] 最后更新: 2026-04-02T17:20:41.100Z
[2026-04-02T17:21:10.157Z] ========================

[2026-04-02T17:21:11.136Z] 🔄 RemoteOK: 98 职位
[2026-04-02T17:21:41.300Z] 🔄 RemoteOK: 98 职位
[2026-04-02T17:22:11.395Z] 🔄 RemoteOK: 98 职位
[2026-04-02T17:22:41.287Z] 🔄 RemoteOK: 98 职位
[2026-04-02T17:23:11.286Z] 🔄 RemoteOK: 98 职位
[2026-04-02T17:23:41.115Z] 🔄 RemoteOK: 98 职位
[2026-04-02T17:24:11.151Z] 🔄 RemoteOK: 98 职位
[2026-04-02T17:24:41.184Z] 🔄 RemoteOK: 98 职位
[2026-04-02T17:25:11.097Z] 🔄 RemoteOK: 98 职位
[2026-04-02T17:25:41.379Z] 🔄 RemoteOK: 98 职位
[2026-04-02T17:26:10.156Z] 
📊 ===== 全球爬虫统计 =====
[2026-04-02T17:26:10.156Z] 数据源总数: 38
[2026-04-02T17:26:10.156Z] 职位总数: 489
[2026-04-02T17:26:10.156Z] 今日新增: 1
[2026-04-02T17:26:10.156Z] 最后更新: 2026-04-02T17:25:41.379Z
[2026-04-02T17:26:10.156Z] ========================

[2026-04-02T17:26:11.230Z] 🔄 RemoteOK: 98 职位
[2026-04-02T17:26:41.160Z] 🔄 RemoteOK: 98 职位
[2026-04-02T17:27:11.093Z] 🔄 RemoteOK: 98 职位
[2026-04-02T17:27:41.400Z] 🔄 RemoteOK: 98 职位
[2026-04-02T17:28:11.731Z] 🔄 RemoteOK: 98 职位
[2026-04-02T17:28:42.732Z] 🔄 RemoteOK: 98 职位
[2026-04-02T17:29:11.260Z] 🔄 RemoteOK: 98 职位
[2026-04-02T17:29:41.368Z] 🔄 RemoteOK: 98 职位
[2026-04-02T17:30:11.111Z] 🔄 RemoteOK: 98 职位
[2026-04-02T17:30:41.264Z] 🔄 RemoteOK: 98 职位
[2026-04-02T17:31:10.156Z] 
📊 ===== 全球爬虫统计 =====
[2026-04-02T17:31:10.156Z] 数据源总数: 38
[2026-04-02T17:31:10.156Z] 职位总数: 489
[2026-04-02T17:31:10.156Z] 今日新增: 1
[2026-04-02T17:31:10.156Z] 最后更新: 2026-04-02T17:30:41.264Z
[2026-04-02T17:31:10.156Z] ========================

[2026-04-02T17:31:11.322Z] 🔄 RemoteOK: 98 职位
[2026-04-02T17:31:41.331Z] 🔄 RemoteOK: 98 职位
[2026-04-02T17:32:11.326Z] 🔄 RemoteOK: 98 职位
[2026-04-02T17:32:41.276Z] 🔄 RemoteOK: 98 职位
[2026-04-02T17:33:11.276Z] 🔄 RemoteOK: 98 职位
[2026-04-02T17:33:41.186Z] 🔄 RemoteOK: 98 职位
[2026-04-02T17:34:11.259Z] 🔄 RemoteOK: 98 职位
[2026-04-02T17:34:41.161Z] 🔄 RemoteOK: 98 职位
[2026-04-02T17:35:11.258Z] 🔄 RemoteOK: 98 职位
[2026-04-02T17:35:41.100Z] 🔄 RemoteOK: 98 职位
[2026-04-02T17:36:10.157Z] 
📊 ===== 全球爬虫统计 =====
[2026-04-02T17:36:10.157Z] 数据源总数: 38
[2026-04-02T17:36:10.157Z] 职位总数: 489
[2026-04-02T17:36:10.157Z] 今日新增: 1
[2026-04-02T17:36:10.157Z] 最后更新: 2026-04-02T17:35:41.100Z
[2026-04-02T17:36:10.157Z] ========================

[2026-04-02T17:36:11.221Z] 🔄 RemoteOK: 98 职位
[2026-04-02T17:36:41.116Z] 🔄 RemoteOK: 98 职位
[2026-04-02T17:37:11.475Z] 🔄 RemoteOK: 98 职位
[2026-04-02T17:37:41.137Z] 🔄 RemoteOK: 98 职位
[2026-04-02T17:38:11.246Z] 🔄 RemoteOK: 98 职位
[2026-04-02T17:38:41.122Z] 🔄 RemoteOK: 98 职位
[2026-04-02T17:39:11.403Z] 🔄 RemoteOK: 98 职位
[2026-04-02T17:39:41.174Z] 🔄 RemoteOK: 98 职位
[2026-04-02T17:40:11.170Z] 🔄 RemoteOK: 98 职位
[2026-04-02T17:40:41.252Z] 🔄 RemoteOK: 98 职位
[2026-04-02T17:41:10.157Z] 
📊 ===== 全球爬虫统计 =====
[2026-04-02T17:41:10.157Z] 数据源总数: 38
[2026-04-02T17:41:10.157Z] 职位总数: 489
[2026-04-02T17:41:10.157Z] 今日新增: 1
[2026-04-02T17:41:10.157Z] 最后更新: 2026-04-02T17:40:41.252Z
[2026-04-02T17:41:10.157Z] ========================

[2026-04-02T17:41:11.260Z] 🔄 RemoteOK: 98 职位
[2026-04-02T17:41:41.471Z] 🔄 RemoteOK: 98 职位
[2026-04-02T17:42:11.109Z] 🔄 RemoteOK: 98 职位
[2026-04-02T17:42:41.390Z] 🔄 RemoteOK: 98 职位
[2026-04-02T17:43:12.239Z] 🔄 RemoteOK: 98 职位
[2026-04-02T17:43:41.757Z] 🔄 RemoteOK: 98 职位
[2026-04-02T17:44:11.208Z] 🔄 RemoteOK: 98 职位
[2026-04-02T17:44:41.205Z] 🔄 RemoteOK: 98 职位
[2026-04-02T17:45:11.148Z] 🔄 RemoteOK: 98 职位
[2026-04-02T17:45:41.166Z] 🔄 RemoteOK: 98 职位
[2026-04-02T17:46:10.157Z] 
📊 ===== 全球爬虫统计 =====
[2026-04-02T17:46:10.157Z] 数据源总数: 38
[2026-04-02T17:46:10.157Z] 职位总数: 489
[2026-04-02T17:46:10.157Z] 今日新增: 1
[2026-04-02T17:46:10.157Z] 最后更新: 2026-04-02T17:45:41.166Z
[2026-04-02T17:46:10.157Z] ========================

[2026-04-02T17:46:11.273Z] 🔄 RemoteOK: 98 职位
[2026-04-02T17:46:41.138Z] 🔄 RemoteOK: 98 职位
[2026-04-02T17:47:11.230Z] 🔄 RemoteOK: 98 职位
[2026-04-02T17:47:41.131Z] 🔄 RemoteOK: 98 职位
[2026-04-02T17:48:11.177Z] 🔄 RemoteOK: 98 职位
[2026-04-02T17:48:41.110Z] 🔄 RemoteOK: 98 职位
[2026-04-02T17:49:11.119Z] 🔄 RemoteOK: 98 职位
[2026-04-02T17:49:41.124Z] 🔄 RemoteOK: 98 职位
[2026-04-02T17:50:11.129Z] 🔄 RemoteOK: 98 职位
[2026-04-02T17:50:41.274Z] 🔄 RemoteOK: 98 职位
[2026-04-02T17:51:10.158Z] 
📊 ===== 全球爬虫统计 =====
[2026-04-02T17:51:10.158Z] 数据源总数: 38
[2026-04-02T17:51:10.158Z] 职位总数: 510
[2026-04-02T17:51:10.158Z] 今日新增: 1
[2026-04-02T17:51:10.158Z] 最后更新: 2026-04-02T17:50:41.274Z
[2026-04-02T17:51:10.158Z] ========================

[2026-04-02T17:51:11.273Z] 🔄 RemoteOK: 98 职位
[2026-04-02T17:51:41.149Z] 🔄 RemoteOK: 98 职位
[2026-04-02T17:52:11.129Z] 🔄 RemoteOK: 98 职位
[2026-04-02T17:52:41.181Z] 🔄 RemoteOK: 98 职位
[2026-04-02T17:53:11.168Z] 🔄 RemoteOK: 98 职位
[2026-04-02T17:53:41.157Z] 🔄 RemoteOK: 98 职位
[2026-04-02T17:54:11.284Z] 🔄 RemoteOK: 98 职位
[2026-04-02T17:54:41.155Z] 🔄 RemoteOK: 98 职位
[2026-04-02T17:55:11.381Z] 🔄 RemoteOK: 98 职位
[2026-04-02T17:55:41.172Z] 🔄 RemoteOK: 98 职位
[2026-04-02T17:56:10.158Z] 
📊 ===== 全球爬虫统计 =====
[2026-04-02T17:56:10.158Z] 数据源总数: 38
[2026-04-02T17:56:10.158Z] 职位总数: 510
[2026-04-02T17:56:10.158Z] 今日新增: 1
[2026-04-02T17:56:10.158Z] 最后更新: 2026-04-02T17:55:41.172Z
[2026-04-02T17:56:10.158Z] ========================

[2026-04-02T17:56:11.129Z] 🔄 RemoteOK: 98 职位
[2026-04-02T17:56:41.170Z] 🔄 RemoteOK: 98 职位
[2026-04-02T17:57:11.201Z] 🔄 RemoteOK: 98 职位
[2026-04-02T17:57:41.290Z] 🔄 RemoteOK: 98 职位
[2026-04-02T17:58:11.774Z] 🔄 RemoteOK: 98 职位
[2026-04-02T17:58:41.330Z] 🔄 RemoteOK: 98 职位
[2026-04-02T17:59:11.170Z] 🔄 RemoteOK: 98 职位
[2026-04-02T17:59:41.488Z] 🔄 RemoteOK: 98 职位
[2026-04-02T18:00:11.173Z] 🔄 RemoteOK: 98 职位
[2026-04-02T18:00:41.130Z] 🔄 RemoteOK: 98 职位
[2026-04-02T18:01:10.158Z] 
📊 ===== 全球爬虫统计 =====
[2026-04-02T18:01:10.159Z] 数据源总数: 38
[2026-04-02T18:01:10.159Z] 职位总数: 510
[2026-04-02T18:01:10.159Z] 今日新增: 1
[2026-04-02T18:01:10.159Z] 最后更新: 2026-04-02T18:00:41.130Z
[2026-04-02T18:01:10.159Z] ========================

[2026-04-02T18:01:11.062Z] 🔄 RemoteOK: 98 职位
[2026-04-02T18:01:41.127Z] 🔄 RemoteOK: 98 职位
[2026-04-02T18:02:11.193Z] 🔄 RemoteOK: 98 职位
[2026-04-02T18:02:41.115Z] 🔄 RemoteOK: 98 职位
[2026-04-02T18:03:11.227Z] 🔄 RemoteOK: 98 职位
[2026-04-02T18:03:41.288Z] 🔄 RemoteOK: 98 职位
[2026-04-02T18:04:11.176Z] 🔄 RemoteOK: 98 职位
[2026-04-02T18:04:41.121Z] 🔄 RemoteOK: 98 职位
[2026-04-02T18:05:11.305Z] 🔄 RemoteOK: 98 职位
[2026-04-02T18:05:41.112Z] 🔄 RemoteOK: 98 职位
[2026-04-02T18:06:10.158Z] 
📊 ===== 全球爬虫统计 =====
[2026-04-02T18:06:10.158Z] 数据源总数: 38
[2026-04-02T18:06:10.158Z] 职位总数: 510
[2026-04-02T18:06:10.158Z] 今日新增: 1
[2026-04-02T18:06:10.158Z] 最后更新: 2026-04-02T18:05:41.112Z
[2026-04-02T18:06:10.158Z] ========================

[2026-04-02T18:06:11.137Z] 🔄 RemoteOK: 98 职位
[2026-04-02T18:06:41.118Z] 🔄 RemoteOK: 98 职位
[2026-04-02T18:07:11.305Z] 🔄 RemoteOK: 98 职位
[2026-04-02T18:07:41.146Z] 🔄 RemoteOK: 98 职位
[2026-04-02T18:08:11.117Z] 🔄 RemoteOK: 98 职位
[2026-04-02T18:08:41.313Z] 🔄 RemoteOK: 98 职位
[2026-04-02T18:09:11.133Z] 🔄 RemoteOK: 98 职位
[2026-04-02T18:09:41.180Z] 🔄 RemoteOK: 98 职位
[2026-04-02T18:10:11.286Z] 🔄 RemoteOK: 98 职位
[2026-04-02T18:10:41.177Z] 🔄 RemoteOK: 98 职位
[2026-04-02T18:11:10.158Z] 
📊 ===== 全球爬虫统计 =====
[2026-04-02T18:11:10.158Z] 数据源总数: 38
[2026-04-02T18:11:10.158Z] 职位总数: 510
[2026-04-02T18:11:10.158Z] 今日新增: 1
[2026-04-02T18:11:10.158Z] 最后更新: 2026-04-02T18:10:41.177Z
[2026-04-02T18:11:10.158Z] ========================

[2026-04-02T18:11:11.141Z] 🔄 RemoteOK: 98 职位
[2026-04-02T18:11:41.197Z] 🔄 RemoteOK: 98 职位
[2026-04-02T18:12:11.408Z] 🔄 RemoteOK: 98 职位
[2026-04-02T18:12:41.055Z] 🔄 RemoteOK: 98 职位
[2026-04-02T18:13:12.271Z] 🔄 RemoteOK: 98 职位
[2026-04-02T18:13:41.130Z] 🔄 RemoteOK: 98 职位
[2026-04-02T18:14:11.263Z] 🔄 RemoteOK: 98 职位
[2026-04-02T18:14:41.178Z] 🔄 RemoteOK: 98 职位
[2026-04-02T18:15:11.279Z] 🔄 RemoteOK: 98 职位
[2026-04-02T18:15:41.140Z] 🔄 RemoteOK: 98 职位
[2026-04-02T18:16:10.158Z] 
📊 ===== 全球爬虫统计 =====
[2026-04-02T18:16:10.158Z] 数据源总数: 38
[2026-04-02T18:16:10.158Z] 职位总数: 510
[2026-04-02T18:16:10.158Z] 今日新增: 1
[2026-04-02T18:16:10.159Z] 最后更新: 2026-04-02T18:15:41.140Z
[2026-04-02T18:16:10.159Z] ========================

[2026-04-02T18:16:11.151Z] 🔄 RemoteOK: 98 职位
[2026-04-02T18:16:41.146Z] 🔄 RemoteOK: 98 职位
[2026-04-02T18:17:11.145Z] 🔄 RemoteOK: 98 职位
[2026-04-02T18:17:41.151Z] 🔄 RemoteOK: 98 职位
[2026-04-02T18:18:11.142Z] 🔄 RemoteOK: 98 职位
[2026-04-02T18:18:41.185Z] 🔄 RemoteOK: 98 职位
[2026-04-02T18:19:11.138Z] 🔄 RemoteOK: 98 职位
[2026-04-02T18:19:41.291Z] 🔄 RemoteOK: 98 职位
[2026-04-02T18:20:11.132Z] 🔄 RemoteOK: 98 职位
[2026-04-02T18:20:41.127Z] 🔄 RemoteOK: 98 职位
[2026-04-02T18:21:10.159Z] 
📊 ===== 全球爬虫统计 =====
[2026-04-02T18:21:10.159Z] 数据源总数: 38
[2026-04-02T18:21:10.159Z] 职位总数: 510
[2026-04-02T18:21:10.159Z] 今日新增: 1
[2026-04-02T18:21:10.159Z] 最后更新: 2026-04-02T18:20:41.127Z
[2026-04-02T18:21:10.159Z] ========================

[2026-04-02T18:21:11.145Z] 🔄 RemoteOK: 98 职位
[2026-04-02T18:21:41.147Z] 🔄 RemoteOK: 98 职位
[2026-04-02T18:22:11.264Z] 🔄 RemoteOK: 98 职位
[2026-04-02T18:22:41.183Z] 🔄 RemoteOK: 98 职位
[2026-04-02T18:23:11.218Z] 🔄 RemoteOK: 98 职位
[2026-04-02T18:23:41.128Z] 🔄 RemoteOK: 98 职位
[2026-04-02T18:24:11.126Z] 🔄 RemoteOK: 98 职位
[2026-04-02T18:24:41.196Z] 🔄 RemoteOK: 98 职位
[2026-04-02T18:25:11.147Z] 🔄 RemoteOK: 98 职位
[2026-04-02T18:25:41.182Z] 🔄 RemoteOK: 98 职位
[2026-04-02T18:26:10.158Z] 
📊 ===== 全球爬虫统计 =====
[2026-04-02T18:26:10.159Z] 数据源总数: 38
[2026-04-02T18:26:10.159Z] 职位总数: 510
[2026-04-02T18:26:10.159Z] 今日新增: 1
[2026-04-02T18:26:10.159Z] 最后更新: 2026-04-02T18:25:41.182Z
[2026-04-02T18:26:10.159Z] ========================

[2026-04-02T18:26:11.128Z] 🔄 RemoteOK: 98 职位
[2026-04-02T18:26:41.309Z] 🔄 RemoteOK: 98 职位
[2026-04-02T18:27:11.202Z] 🔄 RemoteOK: 98 职位
[2026-04-02T18:27:41.148Z] 🔄 RemoteOK: 98 职位
[2026-04-02T18:28:11.196Z] 🔄 RemoteOK: 98 职位
[2026-04-02T18:28:41.238Z] 🔄 RemoteOK: 98 职位
[2026-04-02T18:29:11.197Z] 🔄 RemoteOK: 98 职位
[2026-04-02T18:29:41.193Z] 🔄 RemoteOK: 98 职位
[2026-04-02T18:30:11.164Z] 🔄 RemoteOK: 98 职位
[2026-04-02T18:30:41.303Z] 🔄 RemoteOK: 98 职位
[2026-04-02T18:31:10.158Z] 
📊 ===== 全球爬虫统计 =====
[2026-04-02T18:31:10.158Z] 数据源总数: 38
[2026-04-02T18:31:10.158Z] 职位总数: 510
[2026-04-02T18:31:10.158Z] 今日新增: 1
[2026-04-02T18:31:10.158Z] 最后更新: 2026-04-02T18:30:41.303Z
[2026-04-02T18:31:10.158Z] ========================

[2026-04-02T18:31:11.154Z] 🔄 RemoteOK: 98 职位
[2026-04-02T18:31:41.168Z] 🔄 RemoteOK: 98 职位
[2026-04-02T18:32:11.190Z] 🔄 RemoteOK: 98 职位
[2026-04-02T18:32:41.303Z] 🔄 RemoteOK: 98 职位
[2026-04-02T18:33:11.088Z] 🔄 RemoteOK: 98 职位
[2026-04-02T18:33:41.310Z] 🔄 RemoteOK: 98 职位
[2026-04-02T18:34:11.146Z] 🔄 RemoteOK: 98 职位
[2026-04-02T18:34:41.195Z] 🔄 RemoteOK: 98 职位
[2026-04-02T18:35:11.140Z] 🔄 RemoteOK: 98 职位
[2026-04-02T18:35:41.282Z] 🔄 RemoteOK: 98 职位
[2026-04-02T18:36:10.159Z] 
📊 ===== 全球爬虫统计 =====
[2026-04-02T18:36:10.159Z] 数据源总数: 38
[2026-04-02T18:36:10.159Z] 职位总数: 510
[2026-04-02T18:36:10.159Z] 今日新增: 1
[2026-04-02T18:36:10.159Z] 最后更新: 2026-04-02T18:35:41.282Z
[2026-04-02T18:36:10.159Z] ========================

[2026-04-02T18:36:11.313Z] 🔄 RemoteOK: 98 职位
[2026-04-02T18:36:41.208Z] 🔄 RemoteOK: 98 职位
[2026-04-02T18:37:11.086Z] 🔄 RemoteOK: 98 职位
[2026-04-02T18:37:41.131Z] 🔄 RemoteOK: 98 职位
[2026-04-02T18:38:11.137Z] 🔄 RemoteOK: 98 职位
[2026-04-02T18:38:41.159Z] 🔄 RemoteOK: 98 职位
[2026-04-02T18:39:11.236Z] 🔄 RemoteOK: 98 职位
[2026-04-02T18:39:41.300Z] 🔄 RemoteOK: 98 职位
[2026-04-02T18:40:04.621Z] 
═══════════════════════════════════════════════
[2026-04-02T18:40:04.622Z]   🌍 全球招聘信息源爬虫 v4.0
[2026-04-02T18:40:04.623Z]   📊 共 38 个数据源
[2026-04-02T18:40:04.623Z] ═══════════════════════════════════════════════

[2026-04-02T18:40:05.004Z] 
🛑 爬虫停止
