2026-04-02 18:34:55 +08:00: 
═══════════════════════════════════════
2026-04-02 18:34:55 +08:00:   🕷️ 实时爬虫守护进程启动
2026-04-02 18:34:55 +08:00:   ⏰ 检查间隔: 300秒
2026-04-02 18:34:55 +08:00:   🔄 构建冷却: 10分钟
2026-04-02 18:34:55 +08:00: ═══════════════════════════════════════

2026-04-02 18:34:55 +08:00: 
[2026-04-02T10:34:55.263Z] 🔍 检查新职位...
2026-04-02 18:34:56 +08:00: ✅ 发现 12 个新职位:
2026-04-02 18:34:56 +08:00:    - Associate Payroll & Billing Specialist @ G-P
2026-04-02 18:34:56 +08:00:    - Full Cycle Recruiter Sourcing Specialist @ Huzzle
2026-04-02 18:34:56 +08:00:    - Account Director @ MERGE
2026-04-02 18:34:56 +08:00:    - Sales Executive Telecoms & Networking @ WebProps.org
2026-04-02 18:34:56 +08:00:    - Scientific Director Medical Affairs @ Iovance Biotherapeutics
2026-04-02 18:34:56 +08:00:    - Associate Social Media Engagement Manager @ Nex
2026-04-02 18:34:56 +08:00:    - Senior Technical Success Manager @ New Relic
2026-04-02 18:34:56 +08:00:    - Ads Video Editor for DTC Group @ Paired
2026-04-02 18:34:56 +08:00:    - Staff Accountant LATAM @ HireHawk
2026-04-02 18:34:56 +08:00:    - Interior Designer @ Bold Business
2026-04-02 18:34:56 +08:00:    - Senior Accountant @ Blink Health
2026-04-02 18:34:56 +08:00:    - GenAI Senior Integrated Designer @ Brandtech+
2026-04-02 18:34:56 +08:00: 
[2026-04-02T10:34:56.222Z] 🚀 开始抓取并部署...
2026-04-02 18:34:56 +08:00: 
═══════════════════════════════════════
2026-04-02 18:34:56 +08:00:   🕷️ 全球招聘爬虫智能体系统 v2.0
2026-04-02 18:34:56 +08:00:   📡 技术智能体全力支持中...
2026-04-02 18:34:56 +08:00: ═══════════════════════════════════════

2026-04-02 18:34:56 +08:00: 🕷️ [智能体] RemoteOK 爬虫启动...
2026-04-02 18:34:56 +08:00: 🕷️ [智能体] HN WhoIsHiring 爬虫启动...
2026-04-02 18:34:56 +08:00: 🕷️ [智能体] CryptoJobsList 爬虫启动...
2026-04-02 18:34:56 +08:00: ✅ [智能体] RemoteOK: 86 个职位 (从 98 个总职位中筛选)
2026-04-02 18:34:58 +08:00: ✅ [智能体] HN: 0 个职位
2026-04-02 18:35:04 +08:00: ✅ [智能体] CryptoJobsList: 0 个职位
2026-04-02 18:35:04 +08:00: 
📊 [智能体] 爬取统计:
2026-04-02 18:35:04 +08:00: ┌────────────────┬────────┐
│ (index)        │ Values │
├────────────────┼────────┤
│ remoteok       │ 86     │
│ hackernews     │ 0      │
│ cryptojobslist │ 0      │
└────────────────┴────────┘
2026-04-02 18:35:04 +08:00: 总计: 86 个职位
2026-04-02 18:35:04 +08:00: 🔄 [智能体] 同步数据到前端页面...
2026-04-02 18:35:04 +08:00: ✅ [智能体] 已同步 86 个职位到页面
2026-04-02 18:35:04 +08:00: 
✅ [智能体] 爬虫任务完成!
2026-04-02 18:35:04 +08:00: ⏱️ 耗时: 8.53s
2026-04-02 18:35:04 +08:00: ═══════════════════════════════════════

2026-04-02 18:35:04 +08:00: 🔨 构建中...
2026-04-02 18:35:19 +08:00: [2026-04-02T10:35:19.734Z] ✅ 部署完成！
2026-04-02 18:35:19 +08:00: [2026-04-02T10:35:19.734Z] 🟢 守护进程运行中...
2026-04-02 18:35:19 +08:00: 按 Ctrl+C 停止

2026-04-02 18:40:19 +08:00: 
[2026-04-02T10:40:19.735Z] 🔍 检查新职位...
2026-04-02 18:40:20 +08:00: ⏳ 暂无新职位
2026-04-02 18:45:19 +08:00: 
[2026-04-02T10:45:19.736Z] 🔍 检查新职位...
2026-04-02 18:45:20 +08:00: ⏳ 暂无新职位
2026-04-02 18:50:19 +08:00: 
[2026-04-02T10:50:19.737Z] 🔍 检查新职位...
2026-04-02 18:50:20 +08:00: ⏳ 暂无新职位
2026-04-02 18:55:19 +08:00: 
[2026-04-02T10:55:19.737Z] 🔍 检查新职位...
2026-04-02 18:55:20 +08:00: ⏳ 暂无新职位
2026-04-02 19:00:19 +08:00: 
[2026-04-02T11:00:19.738Z] 🔍 检查新职位...
2026-04-02 19:00:21 +08:00: ⏳ 暂无新职位
2026-04-02 19:05:19 +08:00: 
[2026-04-02T11:05:19.738Z] 🔍 检查新职位...
2026-04-02 19:05:20 +08:00: ⏳ 暂无新职位
2026-04-02 19:10:19 +08:00: 
[2026-04-02T11:10:19.738Z] 🔍 检查新职位...
2026-04-02 19:10:20 +08:00: ⏳ 暂无新职位
2026-04-02 19:15:19 +08:00: 
[2026-04-02T11:15:19.739Z] 🔍 检查新职位...
2026-04-02 19:15:21 +08:00: ⏳ 暂无新职位
2026-04-02 19:20:19 +08:00: 
[2026-04-02T11:20:19.740Z] 🔍 检查新职位...
2026-04-02 19:20:20 +08:00: ⏳ 暂无新职位
2026-04-02 19:25:19 +08:00: 
[2026-04-02T11:25:19.739Z] 🔍 检查新职位...
2026-04-02 19:25:20 +08:00: ⏳ 暂无新职位
2026-04-02 19:30:19 +08:00: 
[2026-04-02T11:30:19.739Z] 🔍 检查新职位...
2026-04-02 19:30:20 +08:00: ⏳ 暂无新职位
2026-04-02 19:35:19 +08:00: 
[2026-04-02T11:35:19.740Z] 🔍 检查新职位...
2026-04-02 19:35:21 +08:00: ⏳ 暂无新职位
2026-04-02 19:40:19 +08:00: 
[2026-04-02T11:40:19.741Z] 🔍 检查新职位...
2026-04-02 19:40:20 +08:00: [2026-04-02T11:40:20.496Z] RemoteOK 失败: fetch failed
2026-04-02 19:40:20 +08:00: ⏳ 暂无新职位
2026-04-02 19:45:19 +08:00: 
[2026-04-02T11:45:19.742Z] 🔍 检查新职位...
2026-04-02 19:45:21 +08:00: ⏳ 暂无新职位
2026-04-02 19:50:19 +08:00: 
[2026-04-02T11:50:19.743Z] 🔍 检查新职位...
2026-04-02 19:50:21 +08:00: ⏳ 暂无新职位
2026-04-02 19:55:19 +08:00: 
[2026-04-02T11:55:19.743Z] 🔍 检查新职位...
2026-04-02 19:55:20 +08:00: ⏳ 暂无新职位
2026-04-02 20:00:19 +08:00: 
[2026-04-02T12:00:19.744Z] 🔍 检查新职位...
2026-04-02 20:00:25 +08:00: ⏳ 暂无新职位
2026-04-02 20:05:19 +08:00: 
[2026-04-02T12:05:19.745Z] 🔍 检查新职位...
2026-04-02 20:05:21 +08:00: ⏳ 暂无新职位
2026-04-02 20:10:19 +08:00: 
[2026-04-02T12:10:19.744Z] 🔍 检查新职位...
2026-04-02 20:10:21 +08:00: ⏳ 暂无新职位
2026-04-02 20:15:19 +08:00: 
[2026-04-02T12:15:19.745Z] 🔍 检查新职位...
2026-04-02 20:15:21 +08:00: ⏳ 暂无新职位
2026-04-02 20:20:19 +08:00: 
[2026-04-02T12:20:19.744Z] 🔍 检查新职位...
2026-04-02 20:20:20 +08:00: ⏳ 暂无新职位
2026-04-02 20:25:19 +08:00: 
[2026-04-02T12:25:19.745Z] 🔍 检查新职位...
2026-04-02 20:25:21 +08:00: ⏳ 暂无新职位
2026-04-02 20:30:19 +08:00: 
[2026-04-02T12:30:19.746Z] 🔍 检查新职位...
2026-04-02 20:30:20 +08:00: ⏳ 暂无新职位
2026-04-02 20:35:19 +08:00: 
[2026-04-02T12:35:19.747Z] 🔍 检查新职位...
2026-04-02 20:35:21 +08:00: ⏳ 暂无新职位
2026-04-02 20:40:19 +08:00: 
[2026-04-02T12:40:19.747Z] 🔍 检查新职位...
2026-04-02 20:40:20 +08:00: ⏳ 暂无新职位
2026-04-02 20:45:19 +08:00: 
[2026-04-02T12:45:19.748Z] 🔍 检查新职位...
2026-04-02 20:45:21 +08:00: ⏳ 暂无新职位
2026-04-02 20:50:19 +08:00: 
[2026-04-02T12:50:19.748Z] 🔍 检查新职位...
2026-04-02 20:50:21 +08:00: ⏳ 暂无新职位
2026-04-02 20:55:19 +08:00: 
[2026-04-02T12:55:19.749Z] 🔍 检查新职位...
2026-04-02 20:55:20 +08:00: ⏳ 暂无新职位
2026-04-02 21:00:19 +08:00: 
[2026-04-02T13:00:19.749Z] 🔍 检查新职位...
2026-04-02 21:00:21 +08:00: ⏳ 暂无新职位
2026-04-02 21:05:19 +08:00: 
[2026-04-02T13:05:19.751Z] 🔍 检查新职位...
2026-04-02 21:05:21 +08:00: ⏳ 暂无新职位
2026-04-02 21:10:19 +08:00: 
[2026-04-02T13:10:19.752Z] 🔍 检查新职位...
2026-04-02 21:10:20 +08:00: ⏳ 暂无新职位
2026-04-02 21:15:19 +08:00: 
[2026-04-02T13:15:19.752Z] 🔍 检查新职位...
2026-04-02 21:15:20 +08:00: ⏳ 暂无新职位
2026-04-02 21:20:19 +08:00: 
[2026-04-02T13:20:19.753Z] 🔍 检查新职位...
2026-04-02 21:20:21 +08:00: ⏳ 暂无新职位
2026-04-02 21:25:19 +08:00: 
[2026-04-02T13:25:19.754Z] 🔍 检查新职位...
2026-04-02 21:25:21 +08:00: ⏳ 暂无新职位
2026-04-02 21:30:19 +08:00: 
[2026-04-02T13:30:19.755Z] 🔍 检查新职位...
2026-04-02 21:30:21 +08:00: ⏳ 暂无新职位
2026-04-02 21:35:19 +08:00: 
[2026-04-02T13:35:19.755Z] 🔍 检查新职位...
2026-04-02 21:35:20 +08:00: ⏳ 暂无新职位
2026-04-02 21:40:19 +08:00: 
[2026-04-02T13:40:19.756Z] 🔍 检查新职位...
2026-04-02 21:40:20 +08:00: ⏳ 暂无新职位
2026-04-02 21:45:19 +08:00: 
[2026-04-02T13:45:19.756Z] 🔍 检查新职位...
2026-04-02 21:45:21 +08:00: ⏳ 暂无新职位
2026-04-02 21:50:19 +08:00: 
[2026-04-02T13:50:19.757Z] 🔍 检查新职位...
2026-04-02 21:50:22 +08:00: ⏳ 暂无新职位
2026-04-02 21:55:19 +08:00: 
[2026-04-02T13:55:19.757Z] 🔍 检查新职位...
2026-04-02 21:55:21 +08:00: ⏳ 暂无新职位
2026-04-02 22:00:19 +08:00: 
[2026-04-02T14:00:19.757Z] 🔍 检查新职位...
2026-04-02 22:00:21 +08:00: ⏳ 暂无新职位
2026-04-02 22:05:19 +08:00: 
[2026-04-02T14:05:19.757Z] 🔍 检查新职位...
2026-04-02 22:05:21 +08:00: ⏳ 暂无新职位
2026-04-02 22:10:19 +08:00: 
[2026-04-02T14:10:19.757Z] 🔍 检查新职位...
2026-04-02 22:10:20 +08:00: ⏳ 暂无新职位
2026-04-02 22:15:19 +08:00: 
[2026-04-02T14:15:19.757Z] 🔍 检查新职位...
2026-04-02 22:15:21 +08:00: ⏳ 暂无新职位
2026-04-02 22:20:19 +08:00: 
[2026-04-02T14:20:19.758Z] 🔍 检查新职位...
2026-04-02 22:20:20 +08:00: ⏳ 暂无新职位
2026-04-02 22:25:19 +08:00: 
[2026-04-02T14:25:19.759Z] 🔍 检查新职位...
2026-04-02 22:25:20 +08:00: ⏳ 暂无新职位
2026-04-02 22:30:19 +08:00: 
[2026-04-02T14:30:19.760Z] 🔍 检查新职位...
2026-04-02 22:30:20 +08:00: ⏳ 暂无新职位
2026-04-02 22:35:19 +08:00: 
[2026-04-02T14:35:19.760Z] 🔍 检查新职位...
2026-04-02 22:35:21 +08:00: ⏳ 暂无新职位
2026-04-02 22:40:19 +08:00: 
[2026-04-02T14:40:19.760Z] 🔍 检查新职位...
2026-04-02 22:40:21 +08:00: ⏳ 暂无新职位
2026-04-02 22:45:19 +08:00: 
[2026-04-02T14:45:19.761Z] 🔍 检查新职位...
2026-04-02 22:45:21 +08:00: ⏳ 暂无新职位
2026-04-02 22:50:19 +08:00: 
[2026-04-02T14:50:19.762Z] 🔍 检查新职位...
2026-04-02 22:50:21 +08:00: ⏳ 暂无新职位
2026-04-02 22:55:19 +08:00: 
[2026-04-02T14:55:19.762Z] 🔍 检查新职位...
2026-04-02 22:55:21 +08:00: ⏳ 暂无新职位
2026-04-02 23:00:19 +08:00: 
[2026-04-02T15:00:19.763Z] 🔍 检查新职位...
2026-04-02 23:00:21 +08:00: ⏳ 暂无新职位
2026-04-02 23:05:19 +08:00: 
[2026-04-02T15:05:19.763Z] 🔍 检查新职位...
2026-04-02 23:05:21 +08:00: ⏳ 暂无新职位
2026-04-02 23:10:19 +08:00: 
[2026-04-02T15:10:19.764Z] 🔍 检查新职位...
2026-04-02 23:10:23 +08:00: ⏳ 暂无新职位
2026-04-02 23:15:19 +08:00: 
[2026-04-02T15:15:19.765Z] 🔍 检查新职位...
2026-04-02 23:15:21 +08:00: ✅ 发现 1 个新职位:
2026-04-02 23:15:21 +08:00:    - Junior Crypto Analyst & Trader @ WhiteBridge-Ltd
2026-04-02 23:15:21 +08:00: 
[2026-04-02T15:15:21.740Z] 🚀 开始抓取并部署...
2026-04-02 23:15:21 +08:00: 
═══════════════════════════════════════
2026-04-02 23:15:21 +08:00:   🕷️ 全球招聘爬虫智能体系统 v2.0
2026-04-02 23:15:21 +08:00:   📡 技术智能体全力支持中...
2026-04-02 23:15:21 +08:00: ═══════════════════════════════════════

2026-04-02 23:15:21 +08:00: 🕷️ [智能体] RemoteOK 爬虫启动...
2026-04-02 23:15:21 +08:00: 🕷️ [智能体] HN WhoIsHiring 爬虫启动...
2026-04-02 23:15:21 +08:00: 🕷️ [智能体] CryptoJobsList 爬虫启动...
2026-04-02 23:15:22 +08:00: ✅ [智能体] RemoteOK: 86 个职位 (从 98 个总职位中筛选)
2026-04-02 23:15:25 +08:00: ✅ [智能体] HN: 0 个职位
2026-04-02 23:15:31 +08:00: ✅ [智能体] CryptoJobsList: 0 个职位
2026-04-02 23:15:31 +08:00: 
📊 [智能体] 爬取统计:
2026-04-02 23:15:31 +08:00: ┌────────────────┬────────┐
│ (index)        │ Values │
├────────────────┼────────┤
│ remoteok       │ 86     │
│ hackernews     │ 0      │
│ cryptojobslist │ 0      │
└────────────────┴────────┘
2026-04-02 23:15:31 +08:00: 总计: 86 个职位
2026-04-02 23:15:31 +08:00: 🔄 [智能体] 同步数据到前端页面...
2026-04-02 23:15:31 +08:00: ✅ [智能体] 已同步 86 个职位到页面
2026-04-02 23:15:31 +08:00: 
✅ [智能体] 爬虫任务完成!
2026-04-02 23:15:31 +08:00: ⏱️ 耗时: 9.98s
2026-04-02 23:15:31 +08:00: ═══════════════════════════════════════

2026-04-02 23:15:31 +08:00: 🔨 构建中...
2026-04-02 23:15:50 +08:00: [2026-04-02T15:15:50.318Z] ✅ 部署完成！
2026-04-02 23:20:19 +08:00: 
[2026-04-02T15:20:19.766Z] 🔍 检查新职位...
2026-04-02 23:20:21 +08:00: ⏳ 暂无新职位
2026-04-02 23:25:19 +08:00: 
[2026-04-02T15:25:19.766Z] 🔍 检查新职位...
2026-04-02 23:25:20 +08:00: ⏳ 暂无新职位
2026-04-02 23:30:19 +08:00: 
[2026-04-02T15:30:19.767Z] 🔍 检查新职位...
2026-04-02 23:30:21 +08:00: ⏳ 暂无新职位
2026-04-02 23:35:19 +08:00: 
[2026-04-02T15:35:19.766Z] 🔍 检查新职位...
2026-04-02 23:35:23 +08:00: ⏳ 暂无新职位
2026-04-02 23:40:19 +08:00: 
[2026-04-02T15:40:19.768Z] 🔍 检查新职位...
2026-04-02 23:40:22 +08:00: ⏳ 暂无新职位
2026-04-02 23:45:19 +08:00: 
[2026-04-02T15:45:19.769Z] 🔍 检查新职位...
2026-04-02 23:45:21 +08:00: ⏳ 暂无新职位
2026-04-02 23:50:19 +08:00: 
[2026-04-02T15:50:19.769Z] 🔍 检查新职位...
2026-04-02 23:50:20 +08:00: ⏳ 暂无新职位
2026-04-02 23:55:19 +08:00: 
[2026-04-02T15:55:19.769Z] 🔍 检查新职位...
2026-04-02 23:55:20 +08:00: ⏳ 暂无新职位
2026-04-03 00:00:19 +08:00: 
[2026-04-02T16:00:19.768Z] 🔍 检查新职位...
2026-04-03 00:00:21 +08:00: ⏳ 暂无新职位
2026-04-03 00:05:19 +08:00: 
[2026-04-02T16:05:19.769Z] 🔍 检查新职位...
2026-04-03 00:05:21 +08:00: ⏳ 暂无新职位
2026-04-03 00:10:19 +08:00: 
[2026-04-02T16:10:19.770Z] 🔍 检查新职位...
2026-04-03 00:10:21 +08:00: ⏳ 暂无新职位
2026-04-03 00:15:19 +08:00: 
[2026-04-02T16:15:19.771Z] 🔍 检查新职位...
2026-04-03 00:15:20 +08:00: ✅ 发现 3 个新职位:
2026-04-03 00:15:20 +08:00:    - Senior Software Engineer @ Sysdig
2026-04-03 00:15:20 +08:00:    - Lithuanian Localization QA Tester Proofreader @ Welo Global
2026-04-03 00:15:20 +08:00:    - Call Centre Manager @ Huzzle
2026-04-03 00:15:20 +08:00: 
[2026-04-02T16:15:20.518Z] 🚀 开始抓取并部署...
2026-04-03 00:15:20 +08:00: 
═══════════════════════════════════════
2026-04-03 00:15:20 +08:00:   🕷️ 全球招聘爬虫智能体系统 v2.0
2026-04-03 00:15:20 +08:00:   📡 技术智能体全力支持中...
2026-04-03 00:15:20 +08:00: ═══════════════════════════════════════

2026-04-03 00:15:20 +08:00: 🕷️ [智能体] RemoteOK 爬虫启动...
2026-04-03 00:15:20 +08:00: 🕷️ [智能体] HN WhoIsHiring 爬虫启动...
2026-04-03 00:15:20 +08:00: 🕷️ [智能体] CryptoJobsList 爬虫启动...
2026-04-03 00:15:20 +08:00: ✅ [智能体] RemoteOK: 87 个职位 (从 98 个总职位中筛选)
2026-04-03 00:15:24 +08:00: ✅ [智能体] HN: 0 个职位
2026-04-03 00:15:28 +08:00: ✅ [智能体] CryptoJobsList: 0 个职位
2026-04-03 00:15:28 +08:00: 
📊 [智能体] 爬取统计:
2026-04-03 00:15:28 +08:00: ┌────────────────┬────────┐
│ (index)        │ Values │
├────────────────┼────────┤
│ remoteok       │ 87     │
│ hackernews     │ 0      │
│ cryptojobslist │ 0      │
└────────────────┴────────┘
2026-04-03 00:15:28 +08:00: 总计: 87 个职位
2026-04-03 00:15:28 +08:00: 🔄 [智能体] 同步数据到前端页面...
2026-04-03 00:15:28 +08:00: ✅ [智能体] 已同步 87 个职位到页面
2026-04-03 00:15:28 +08:00: 
✅ [智能体] 爬虫任务完成!
2026-04-03 00:15:28 +08:00: ⏱️ 耗时: 7.59s
2026-04-03 00:15:28 +08:00: ═══════════════════════════════════════

2026-04-03 00:15:28 +08:00: 🔨 构建中...
2026-04-03 00:15:46 +08:00: [2026-04-02T16:15:46.272Z] ✅ 部署完成！
2026-04-03 00:20:19 +08:00: 
[2026-04-02T16:20:19.772Z] 🔍 检查新职位...
2026-04-03 00:20:21 +08:00: ⏳ 暂无新职位
2026-04-03 00:25:19 +08:00: 
[2026-04-02T16:25:19.772Z] 🔍 检查新职位...
2026-04-03 00:25:20 +08:00: ⏳ 暂无新职位
2026-04-03 00:30:19 +08:00: 
[2026-04-02T16:30:19.772Z] 🔍 检查新职位...
2026-04-03 00:30:21 +08:00: ⏳ 暂无新职位
2026-04-03 00:35:19 +08:00: 
[2026-04-02T16:35:19.773Z] 🔍 检查新职位...
2026-04-03 00:35:20 +08:00: ⏳ 暂无新职位
2026-04-03 00:40:19 +08:00: 
[2026-04-02T16:40:19.774Z] 🔍 检查新职位...
2026-04-03 00:40:38 +08:00: ⏳ 暂无新职位
2026-04-03 00:45:19 +08:00: 
[2026-04-02T16:45:19.773Z] 🔍 检查新职位...
2026-04-03 00:45:20 +08:00: ⏳ 暂无新职位
2026-04-03 00:50:19 +08:00: 
[2026-04-02T16:50:19.773Z] 🔍 检查新职位...
2026-04-03 00:50:20 +08:00: ⏳ 暂无新职位
2026-04-03 00:55:19 +08:00: 
[2026-04-02T16:55:19.774Z] 🔍 检查新职位...
2026-04-03 00:55:20 +08:00: ⏳ 暂无新职位
2026-04-03 01:00:19 +08:00: 
[2026-04-02T17:00:19.773Z] 🔍 检查新职位...
2026-04-03 01:00:20 +08:00: ⏳ 暂无新职位
2026-04-03 01:05:19 +08:00: 
[2026-04-02T17:05:19.775Z] 🔍 检查新职位...
2026-04-03 01:05:20 +08:00: ⏳ 暂无新职位
2026-04-03 01:10:19 +08:00: 
[2026-04-02T17:10:19.776Z] 🔍 检查新职位...
2026-04-03 01:10:20 +08:00: ⏳ 暂无新职位
2026-04-03 01:15:19 +08:00: 
[2026-04-02T17:15:19.776Z] 🔍 检查新职位...
2026-04-03 01:15:20 +08:00: ⏳ 暂无新职位
2026-04-03 01:20:19 +08:00: 
[2026-04-02T17:20:19.776Z] 🔍 检查新职位...
2026-04-03 01:20:20 +08:00: ⏳ 暂无新职位
2026-04-03 01:25:19 +08:00: 
[2026-04-02T17:25:19.776Z] 🔍 检查新职位...
2026-04-03 01:25:20 +08:00: ⏳ 暂无新职位
2026-04-03 01:30:19 +08:00: 
[2026-04-02T17:30:19.777Z] 🔍 检查新职位...
2026-04-03 01:30:20 +08:00: ⏳ 暂无新职位
2026-04-03 01:35:19 +08:00: 
[2026-04-02T17:35:19.777Z] 🔍 检查新职位...
2026-04-03 01:35:20 +08:00: ⏳ 暂无新职位
2026-04-03 01:40:19 +08:00: 
[2026-04-02T17:40:19.778Z] 🔍 检查新职位...
2026-04-03 01:40:20 +08:00: ⏳ 暂无新职位
2026-04-03 01:45:19 +08:00: 
[2026-04-02T17:45:19.777Z] 🔍 检查新职位...
2026-04-03 01:45:20 +08:00: ⏳ 暂无新职位
2026-04-03 01:50:19 +08:00: 
[2026-04-02T17:50:19.777Z] 🔍 检查新职位...
2026-04-03 01:50:20 +08:00: ⏳ 暂无新职位
2026-04-03 01:55:19 +08:00: 
[2026-04-02T17:55:19.777Z] 🔍 检查新职位...
2026-04-03 01:55:20 +08:00: ⏳ 暂无新职位
2026-04-03 02:00:19 +08:00: 
[2026-04-02T18:00:19.778Z] 🔍 检查新职位...
2026-04-03 02:00:20 +08:00: ⏳ 暂无新职位
2026-04-03 02:05:19 +08:00: 
[2026-04-02T18:05:19.778Z] 🔍 检查新职位...
2026-04-03 02:05:20 +08:00: ⏳ 暂无新职位
2026-04-03 02:10:19 +08:00: 
[2026-04-02T18:10:19.779Z] 🔍 检查新职位...
2026-04-03 02:10:20 +08:00: ⏳ 暂无新职位
2026-04-03 02:15:19 +08:00: 
[2026-04-02T18:15:19.779Z] 🔍 检查新职位...
2026-04-03 02:15:20 +08:00: ⏳ 暂无新职位
2026-04-03 02:20:19 +08:00: 
[2026-04-02T18:20:19.780Z] 🔍 检查新职位...
2026-04-03 02:20:20 +08:00: ⏳ 暂无新职位
2026-04-03 02:25:19 +08:00: 
[2026-04-02T18:25:19.781Z] 🔍 检查新职位...
2026-04-03 02:25:20 +08:00: ⏳ 暂无新职位
2026-04-03 02:30:19 +08:00: 
[2026-04-02T18:30:19.782Z] 🔍 检查新职位...
2026-04-03 02:30:20 +08:00: ⏳ 暂无新职位
2026-04-03 02:35:19 +08:00: 
[2026-04-02T18:35:19.782Z] 🔍 检查新职位...
2026-04-03 02:35:20 +08:00: ⏳ 暂无新职位
2026-04-03 02:40:04 +08:00: 
🛑 守护进程停止
