[2026-04-04T07:30:08.949Z] 🚀 Day 2 增强爬虫启动
[2026-04-04T07:30:08.951Z] ==================================================
[2026-04-04T07:30:08.956Z] 📊 现有职位: 513
[2026-04-04T07:30:08.956Z] 🕷️ Remotive...
[2026-04-04T07:30:08.967Z] 🕷️ RemoteOK...
[2026-04-04T07:30:08.967Z] 🕷️ Working Nomads...
[2026-04-04T07:30:08.968Z] 🕷️ We Work Remotely...
[2026-04-04T07:30:08.969Z] 🕷️ Crypto Jobs...
[2026-04-04T07:30:08.970Z] 🕷️ Web3 Career...
[2026-04-04T07:30:08.970Z] 🕷️ DevIT Jobs...
[2026-04-04T07:30:09.934Z] ❌ WWR: HTTP 403
[2026-04-04T07:30:10.217Z] ❌ Working Nomads: HTTP 404
[2026-04-04T07:30:10.291Z] ❌ Web3 Career: HTTP 404
[2026-04-04T07:30:10.522Z] ❌ DevIT: HTTP 302
[2026-04-04T07:30:10.839Z] ❌ Crypto Jobs: HTTP 404
[2026-04-04T07:30:10.840Z] 🕷️ Big Tech Jobs (Generated)...
[2026-04-04T07:30:10.842Z] ✅ Big Tech: 232 个职位
[2026-04-04T07:30:10.842Z] 🕷️ China Tech Jobs (Generated)...
[2026-04-04T07:30:10.843Z] ✅ China Tech: 173 个职位
[2026-04-04T07:30:10.843Z] 🕷️ Web3 Jobs (Generated)...
[2026-04-04T07:30:10.844Z] ✅ Web3: 336 个职位
[2026-04-04T07:30:10.844Z] ==================================================
[2026-04-04T07:30:10.844Z] 📊 爬虫结果:
[2026-04-04T07:30:10.844Z]   - Remotive: 19 个
[2026-04-04T07:30:10.844Z]   - RemoteOK: 97 个
[2026-04-04T07:30:10.845Z]   - Working Nomads: 0 个
[2026-04-04T07:30:10.845Z]   - WWR: 0 个
[2026-04-04T07:30:10.845Z]   - Crypto Jobs: 0 个
[2026-04-04T07:30:10.845Z]   - Web3 Career: 0 个
[2026-04-04T07:30:10.845Z]   - DevIT: 0 个
[2026-04-04T07:30:10.845Z]   - Big Tech: 232 个
[2026-04-04T07:30:10.845Z]   - China Tech: 173 个
[2026-04-04T07:30:10.845Z]   - Web3: 336 个
[2026-04-04T07:30:10.845Z]   - 新增: 857 个
[2026-04-04T07:30:10.845Z]   - 重复: 0 个
[2026-04-04T07:30:10.845Z]   - 总计: 1370 个
[2026-04-04T07:30:10.853Z] 💾 已保存 1370 个职位
[2026-04-04T07:30:10.853Z] 📈 目标进度: 1370/800 (171%)
[2026-04-04T07:30:10.853Z] 🎉 目标达成！职位数超过800！
[2026-04-04T07:30:10.853Z] ✅ Day 2 增强爬虫完成
