[2026-04-02T10:36:53.604Z] 
═══════════════════════════════════════
[2026-04-02T10:36:53.606Z]   🕷️ 多源实时爬虫 v2.0 - 7×24小时运行
[2026-04-02T10:36:53.606Z] ═══════════════════════════════════════

[2026-04-02T10:36:53.606Z] 🔍 开始全网抓取...
[2026-04-02T10:36:54.523Z] ✅ RemoteOK: 98 个职位
[2026-04-02T10:36:55.380Z] ❌ WeWorkRemotely 失败: HTTP 403
[2026-04-02T10:36:55.384Z] 💾 已保存 485 个职位 (新增 98)
[2026-04-02T10:36:55.384Z] 
📊 ===== 实时统计 =====
[2026-04-02T10:36:55.384Z] 总职位数: 485
[2026-04-02T10:36:55.384Z] 今日新增: 0
[2026-04-02T10:36:55.384Z] 最后更新: 2026-04-02T10:36:55.384Z
[2026-04-02T10:36:55.385Z] 数据源状态:
[2026-04-02T10:36:55.385Z]   ✅ RemoteOK: 98 职位
[2026-04-02T10:36:55.385Z]   ❌ WeWorkRemotely: 0 职位
[2026-04-02T10:36:55.385Z] =====================

[2026-04-02T10:36:55.385Z] 🟢 7×24小时爬虫已启动
[2026-04-02T10:36:55.385Z] 监控: RemoteOK (30s), WeWorkRemotely (2min)
[2026-04-02T10:36:55.385Z] 按 Ctrl+C 停止

[2026-04-02T10:37:26.399Z] 🔄 RemoteOK 更新: 98 个职位
[2026-04-02T10:37:56.084Z] 🔄 RemoteOK 更新: 98 个职位
[2026-04-02T10:38:26.549Z] 🔄 RemoteOK 更新: 98 个职位
[2026-04-02T10:38:55.842Z] ❌ WeWorkRemotely 失败: HTTP 403
[2026-04-02T10:38:56.094Z] 🔄 RemoteOK 更新: 98 个职位
[2026-04-02T10:39:26.443Z] 🔄 RemoteOK 更新: 98 个职位
[2026-04-02T10:39:56.627Z] 🔄 RemoteOK 更新: 98 个职位
[2026-04-02T10:40:26.329Z] 🔄 RemoteOK 更新: 98 个职位
[2026-04-02T10:40:55.856Z] ❌ WeWorkRemotely 失败: HTTP 403
[2026-04-02T10:40:56.628Z] 🔄 RemoteOK 更新: 98 个职位
[2026-04-02T10:41:26.335Z] 🔄 RemoteOK 更新: 98 个职位
[2026-04-02T10:41:55.385Z] 
📊 ===== 实时统计 =====
[2026-04-02T10:41:55.385Z] 总职位数: 485
[2026-04-02T10:41:55.385Z] 今日新增: 0
[2026-04-02T10:41:55.385Z] 最后更新: 2026-04-02T10:41:26.335Z
[2026-04-02T10:41:55.385Z] 数据源状态:
[2026-04-02T10:41:55.385Z]   ✅ RemoteOK: 98 职位
[2026-04-02T10:41:55.385Z]   ❌ WeWorkRemotely: 0 职位
[2026-04-02T10:41:55.386Z] =====================

[2026-04-02T10:41:56.340Z] 🔄 RemoteOK 更新: 98 个职位
[2026-04-02T10:42:26.281Z] 🔄 RemoteOK 更新: 98 个职位
[2026-04-02T10:42:55.978Z] ❌ WeWorkRemotely 失败: HTTP 403
[2026-04-02T10:42:56.221Z] 🔄 RemoteOK 更新: 98 个职位
[2026-04-02T10:43:26.205Z] 🔄 RemoteOK 更新: 98 个职位
[2026-04-02T10:43:56.132Z] 🔄 RemoteOK 更新: 98 个职位
[2026-04-02T10:44:26.139Z] 🔄 RemoteOK 更新: 98 个职位
[2026-04-02T10:44:56.527Z] 🔄 RemoteOK 更新: 98 个职位
[2026-04-02T10:44:56.713Z] ❌ WeWorkRemotely 失败: HTTP 403
[2026-04-02T10:45:26.494Z] 🔄 RemoteOK 更新: 98 个职位
[2026-04-02T10:45:56.203Z] 🔄 RemoteOK 更新: 98 个职位
[2026-04-02T10:46:26.321Z] 🔄 RemoteOK 更新: 98 个职位
[2026-04-02T10:46:55.386Z] 
📊 ===== 实时统计 =====
[2026-04-02T10:46:55.386Z] 总职位数: 485
[2026-04-02T10:46:55.386Z] 今日新增: 0
[2026-04-02T10:46:55.386Z] 最后更新: 2026-04-02T10:46:26.321Z
[2026-04-02T10:46:55.386Z] 数据源状态:
[2026-04-02T10:46:55.386Z]   ✅ RemoteOK: 98 职位
[2026-04-02T10:46:55.386Z]   ❌ WeWorkRemotely: 0 职位
[2026-04-02T10:46:55.386Z] =====================

[2026-04-02T10:46:55.845Z] ❌ WeWorkRemotely 失败: HTTP 403
[2026-04-02T10:46:56.231Z] 🔄 RemoteOK 更新: 98 个职位
[2026-04-02T10:47:26.632Z] 🔄 RemoteOK 更新: 98 个职位
[2026-04-02T10:47:56.247Z] 🔄 RemoteOK 更新: 98 个职位
[2026-04-02T10:48:26.286Z] 🔄 RemoteOK 更新: 98 个职位
[2026-04-02T10:48:55.946Z] ❌ WeWorkRemotely 失败: HTTP 403
[2026-04-02T10:48:56.901Z] 🔄 RemoteOK 更新: 98 个职位
[2026-04-02T10:49:26.162Z] 🔄 RemoteOK 更新: 98 个职位
[2026-04-02T10:49:56.224Z] 🔄 RemoteOK 更新: 98 个职位
[2026-04-02T10:50:26.434Z] 🔄 RemoteOK 更新: 98 个职位
[2026-04-02T10:50:55.856Z] ❌ WeWorkRemotely 失败: HTTP 403
[2026-04-02T10:50:56.323Z] 🔄 RemoteOK 更新: 98 个职位
[2026-04-02T10:51:26.658Z] 🔄 RemoteOK 更新: 98 个职位
[2026-04-02T10:51:55.387Z] 
📊 ===== 实时统计 =====
[2026-04-02T10:51:55.387Z] 总职位数: 485
[2026-04-02T10:51:55.387Z] 今日新增: 0
[2026-04-02T10:51:55.387Z] 最后更新: 2026-04-02T10:51:26.658Z
[2026-04-02T10:51:55.387Z] 数据源状态:
[2026-04-02T10:51:55.387Z]   ✅ RemoteOK: 98 职位
[2026-04-02T10:51:55.387Z]   ❌ WeWorkRemotely: 0 职位
[2026-04-02T10:51:55.387Z] =====================

[2026-04-02T10:51:56.385Z] 🔄 RemoteOK 更新: 98 个职位
[2026-04-02T10:52:26.430Z] 🔄 RemoteOK 更新: 98 个职位
[2026-04-02T10:52:55.858Z] ❌ WeWorkRemotely 失败: HTTP 403
[2026-04-02T10:52:56.436Z] 🔄 RemoteOK 更新: 98 个职位
[2026-04-02T10:53:26.218Z] 🔄 RemoteOK 更新: 98 个职位
[2026-04-02T10:53:56.366Z] 🔄 RemoteOK 更新: 98 个职位
[2026-04-02T10:54:26.368Z] 🔄 RemoteOK 更新: 98 个职位
[2026-04-02T10:54:56.389Z] ❌ WeWorkRemotely 失败: HTTP 403
[2026-04-02T10:54:56.485Z] 🔄 RemoteOK 更新: 98 个职位
[2026-04-02T10:55:26.485Z] 🔄 RemoteOK 更新: 98 个职位
[2026-04-02T10:55:56.384Z] 🔄 RemoteOK 更新: 98 个职位
[2026-04-02T10:56:26.147Z] 🔄 RemoteOK 更新: 98 个职位
[2026-04-02T10:56:55.388Z] 
📊 ===== 实时统计 =====
[2026-04-02T10:56:55.388Z] 总职位数: 485
[2026-04-02T10:56:55.388Z] 今日新增: 0
[2026-04-02T10:56:55.388Z] 最后更新: 2026-04-02T10:56:26.147Z
[2026-04-02T10:56:55.388Z] 数据源状态:
[2026-04-02T10:56:55.388Z]   ✅ RemoteOK: 98 职位
[2026-04-02T10:56:55.388Z]   ❌ WeWorkRemotely: 0 职位
[2026-04-02T10:56:55.388Z] =====================

[2026-04-02T10:56:55.857Z] ❌ WeWorkRemotely 失败: HTTP 403
[2026-04-02T10:56:56.217Z] 🔄 RemoteOK 更新: 98 个职位
[2026-04-02T10:57:26.225Z] 🔄 RemoteOK 更新: 98 个职位
[2026-04-02T10:57:56.083Z] 🔄 RemoteOK 更新: 98 个职位
[2026-04-02T10:58:26.434Z] 🔄 RemoteOK 更新: 98 个职位
[2026-04-02T10:58:56.003Z] ❌ WeWorkRemotely 失败: HTTP 403
[2026-04-02T10:58:56.325Z] 🔄 RemoteOK 更新: 98 个职位
[2026-04-02T10:59:26.443Z] 🔄 RemoteOK 更新: 98 个职位
[2026-04-02T10:59:57.156Z] 🔄 RemoteOK 更新: 98 个职位
[2026-04-02T11:00:26.511Z] 🔄 RemoteOK 更新: 98 个职位
[2026-04-02T11:00:55.988Z] ❌ WeWorkRemotely 失败: HTTP 403
[2026-04-02T11:00:57.195Z] 🔄 RemoteOK 更新: 98 个职位
[2026-04-02T11:01:26.278Z] 🔄 RemoteOK 更新: 98 个职位
[2026-04-02T11:01:55.389Z] 
📊 ===== 实时统计 =====
[2026-04-02T11:01:55.389Z] 总职位数: 485
[2026-04-02T11:01:55.389Z] 今日新增: 0
[2026-04-02T11:01:55.389Z] 最后更新: 2026-04-02T11:01:26.278Z
[2026-04-02T11:01:55.389Z] 数据源状态:
[2026-04-02T11:01:55.389Z]   ✅ RemoteOK: 98 职位
[2026-04-02T11:01:55.389Z]   ❌ WeWorkRemotely: 0 职位
[2026-04-02T11:01:55.389Z] =====================

[2026-04-02T11:01:56.100Z] 🔄 RemoteOK 更新: 98 个职位
[2026-04-02T11:02:26.570Z] 🔄 RemoteOK 更新: 98 个职位
[2026-04-02T11:02:55.858Z] ❌ WeWorkRemotely 失败: HTTP 403
[2026-04-02T11:02:56.050Z] 🔄 RemoteOK 更新: 98 个职位
[2026-04-02T11:03:26.501Z] 🔄 RemoteOK 更新: 98 个职位
[2026-04-02T11:03:56.263Z] 🔄 RemoteOK 更新: 98 个职位
[2026-04-02T11:04:26.364Z] 🔄 RemoteOK 更新: 98 个职位
[2026-04-02T11:04:55.857Z] ❌ WeWorkRemotely 失败: HTTP 403
[2026-04-02T11:04:58.073Z] 🔄 RemoteOK 更新: 98 个职位
[2026-04-02T11:05:26.205Z] 🔄 RemoteOK 更新: 98 个职位
[2026-04-02T11:05:56.186Z] 🔄 RemoteOK 更新: 98 个职位
[2026-04-02T11:06:26.662Z] 🔄 RemoteOK 更新: 98 个职位
[2026-04-02T11:06:55.389Z] 
📊 ===== 实时统计 =====
[2026-04-02T11:06:55.389Z] 总职位数: 485
[2026-04-02T11:06:55.389Z] 今日新增: 0
[2026-04-02T11:06:55.389Z] 最后更新: 2026-04-02T11:06:26.662Z
[2026-04-02T11:06:55.389Z] 数据源状态:
[2026-04-02T11:06:55.389Z]   ✅ RemoteOK: 98 职位
[2026-04-02T11:06:55.389Z]   ❌ WeWorkRemotely: 0 职位
[2026-04-02T11:06:55.389Z] =====================

[2026-04-02T11:06:55.977Z] ❌ WeWorkRemotely 失败: HTTP 403
[2026-04-02T11:06:56.511Z] 🔄 RemoteOK 更新: 98 个职位
[2026-04-02T11:07:26.614Z] 🔄 RemoteOK 更新: 98 个职位
[2026-04-02T11:07:56.339Z] 🔄 RemoteOK 更新: 98 个职位
[2026-04-02T11:08:26.408Z] 🔄 RemoteOK 更新: 98 个职位
[2026-04-02T11:08:56.474Z] 🔄 RemoteOK 更新: 98 个职位
[2026-04-02T11:08:56.997Z] ❌ WeWorkRemotely 失败: HTTP 403
[2026-04-02T11:09:26.406Z] 🔄 RemoteOK 更新: 98 个职位
[2026-04-02T11:09:56.230Z] 🔄 RemoteOK 更新: 98 个职位
[2026-04-02T11:10:26.662Z] 🔄 RemoteOK 更新: 98 个职位
[2026-04-02T11:10:56.395Z] 🔄 RemoteOK 更新: 98 个职位
[2026-04-02T11:10:56.470Z] ❌ WeWorkRemotely 失败: HTTP 403
[2026-04-02T11:11:26.362Z] 🔄 RemoteOK 更新: 98 个职位
[2026-04-02T11:11:38.319Z] 
🛑 爬虫停止
[2026-04-02T11:11:38.502Z] 
═══════════════════════════════════════
[2026-04-02T11:11:38.503Z]   🕷️ 多源实时爬虫 v2.0 - 7×24小时运行
[2026-04-02T11:11:38.503Z] ═══════════════════════════════════════

[2026-04-02T11:11:38.503Z] 🔍 开始全网抓取...
[2026-04-02T11:11:39.686Z] ✅ RemoteOK: 98 个职位
[2026-04-02T11:11:40.147Z] ❌ WeWorkRemotely 失败: HTTP 403
[2026-04-02T11:11:40.149Z] 💾 已保存 485 个职位 (新增 98)
[2026-04-02T11:11:40.150Z] 
📊 ===== 实时统计 =====
[2026-04-02T11:11:40.150Z] 总职位数: 485
[2026-04-02T11:11:40.150Z] 今日新增: 0
[2026-04-02T11:11:40.150Z] 最后更新: 2026-04-02T11:11:40.149Z
[2026-04-02T11:11:40.150Z] 数据源状态:
[2026-04-02T11:11:40.150Z]   ✅ RemoteOK: 98 职位
[2026-04-02T11:11:40.150Z]   ❌ WeWorkRemotely: 0 职位
[2026-04-02T11:11:40.150Z] =====================

[2026-04-02T11:11:40.150Z] 🟢 7×24小时爬虫已启动
[2026-04-02T11:11:40.150Z] 监控: RemoteOK (30s), WeWorkRemotely (2min)
[2026-04-02T11:11:40.150Z] 按 Ctrl+C 停止

[2026-04-02T11:12:11.022Z] 🔄 RemoteOK 更新: 98 个职位
[2026-04-02T11:12:41.227Z] 🔄 RemoteOK 更新: 98 个职位
[2026-04-02T11:13:11.257Z] 🔄 RemoteOK 更新: 98 个职位
[2026-04-02T11:13:41.590Z] 🔄 RemoteOK 更新: 98 个职位
[2026-04-02T11:13:41.603Z] ❌ WeWorkRemotely 失败: HTTP 403
[2026-04-02T11:14:11.182Z] 🔄 RemoteOK 更新: 98 个职位
[2026-04-02T11:14:41.289Z] 🔄 RemoteOK 更新: 98 个职位
[2026-04-02T11:15:10.925Z] 🔄 RemoteOK 更新: 98 个职位
[2026-04-02T11:15:40.623Z] ❌ WeWorkRemotely 失败: HTTP 403
[2026-04-02T11:15:40.825Z] 🔄 RemoteOK 更新: 98 个职位
[2026-04-02T11:16:11.088Z] 🔄 RemoteOK 更新: 98 个职位
[2026-04-02T11:16:40.151Z] 
📊 ===== 实时统计 =====
[2026-04-02T11:16:40.151Z] 总职位数: 485
[2026-04-02T11:16:40.151Z] 今日新增: 0
[2026-04-02T11:16:40.151Z] 最后更新: 2026-04-02T11:16:11.088Z
[2026-04-02T11:16:40.151Z] 数据源状态:
[2026-04-02T11:16:40.151Z]   ✅ RemoteOK: 98 职位
[2026-04-02T11:16:40.151Z]   ❌ WeWorkRemotely: 0 职位
[2026-04-02T11:16:40.151Z] =====================

[2026-04-02T11:16:41.329Z] 🔄 RemoteOK 更新: 98 个职位
[2026-04-02T11:17:11.119Z] 🔄 RemoteOK 更新: 98 个职位
[2026-04-02T11:17:40.904Z] ❌ WeWorkRemotely 失败: HTTP 403
[2026-04-02T11:17:41.175Z] 🔄 RemoteOK 更新: 98 个职位
[2026-04-02T11:18:11.000Z] 🔄 RemoteOK 更新: 98 个职位
[2026-04-02T11:18:41.269Z] 🔄 RemoteOK 更新: 98 个职位
[2026-04-02T11:19:10.877Z] 🔄 RemoteOK 更新: 98 个职位
[2026-04-02T11:19:40.617Z] ❌ WeWorkRemotely 失败: HTTP 403
[2026-04-02T11:19:41.474Z] 🔄 RemoteOK 更新: 98 个职位
[2026-04-02T11:20:11.203Z] 🔄 RemoteOK 更新: 98 个职位
[2026-04-02T11:20:41.259Z] 🔄 RemoteOK 更新: 98 个职位
[2026-04-02T11:21:11.279Z] 🔄 RemoteOK 更新: 98 个职位
[2026-04-02T11:21:40.151Z] 
📊 ===== 实时统计 =====
[2026-04-02T11:21:40.151Z] 总职位数: 485
[2026-04-02T11:21:40.152Z] 今日新增: 0
[2026-04-02T11:21:40.152Z] 最后更新: 2026-04-02T11:21:11.279Z
[2026-04-02T11:21:40.152Z] 数据源状态:
[2026-04-02T11:21:40.152Z]   ✅ RemoteOK: 98 职位
[2026-04-02T11:21:40.152Z]   ❌ WeWorkRemotely: 0 职位
[2026-04-02T11:21:40.152Z] =====================

[2026-04-02T11:21:41.043Z] ❌ WeWorkRemotely 失败: HTTP 403
[2026-04-02T11:21:41.628Z] 🔄 RemoteOK 更新: 98 个职位
[2026-04-02T11:22:12.220Z] 🔄 RemoteOK 更新: 98 个职位
[2026-04-02T11:22:42.231Z] 🔄 RemoteOK 更新: 98 个职位
[2026-04-02T11:23:10.979Z] 🔄 RemoteOK 更新: 98 个职位
[2026-04-02T11:23:40.735Z] ❌ WeWorkRemotely 失败: HTTP 403
[2026-04-02T11:23:41.176Z] 🔄 RemoteOK 更新: 98 个职位
[2026-04-02T11:24:11.431Z] 🔄 RemoteOK 更新: 98 个职位
[2026-04-02T11:24:40.988Z] 🔄 RemoteOK 更新: 98 个职位
[2026-04-02T11:25:11.272Z] 🔄 RemoteOK 更新: 98 个职位
[2026-04-02T11:25:40.777Z] 🔄 RemoteOK 更新: 98 个职位
[2026-04-02T11:25:40.815Z] ❌ WeWorkRemotely 失败: HTTP 403
[2026-04-02T11:26:11.277Z] 🔄 RemoteOK 更新: 98 个职位
[2026-04-02T11:26:40.152Z] 
📊 ===== 实时统计 =====
[2026-04-02T11:26:40.152Z] 总职位数: 485
[2026-04-02T11:26:40.152Z] 今日新增: 0
[2026-04-02T11:26:40.152Z] 最后更新: 2026-04-02T11:26:11.277Z
[2026-04-02T11:26:40.152Z] 数据源状态:
[2026-04-02T11:26:40.152Z]   ✅ RemoteOK: 98 职位
[2026-04-02T11:26:40.152Z]   ❌ WeWorkRemotely: 0 职位
[2026-04-02T11:26:40.152Z] =====================

[2026-04-02T11:26:41.161Z] 🔄 RemoteOK 更新: 98 个职位
[2026-04-02T11:27:10.962Z] 🔄 RemoteOK 更新: 98 个职位
[2026-04-02T11:27:40.617Z] ❌ WeWorkRemotely 失败: HTTP 403
[2026-04-02T11:27:42.354Z] 🔄 RemoteOK 更新: 98 个职位
[2026-04-02T11:28:11.379Z] 🔄 RemoteOK 更新: 98 个职位
[2026-04-02T11:28:41.721Z] 🔄 RemoteOK 更新: 98 个职位
[2026-04-02T11:29:11.190Z] 🔄 RemoteOK 更新: 98 个职位
[2026-04-02T11:29:40.711Z] ❌ WeWorkRemotely 失败: HTTP 403
[2026-04-02T11:29:41.208Z] 🔄 RemoteOK 更新: 98 个职位
[2026-04-02T11:30:11.315Z] 🔄 RemoteOK 更新: 98 个职位
[2026-04-02T11:30:41.413Z] 🔄 RemoteOK 更新: 98 个职位
[2026-04-02T11:31:11.448Z] 🔄 RemoteOK 更新: 98 个职位
[2026-04-02T11:31:40.151Z] 
📊 ===== 实时统计 =====
[2026-04-02T11:31:40.151Z] 总职位数: 485
[2026-04-02T11:31:40.151Z] 今日新增: 0
[2026-04-02T11:31:40.151Z] 最后更新: 2026-04-02T11:31:11.448Z
[2026-04-02T11:31:40.151Z] 数据源状态:
[2026-04-02T11:31:40.152Z]   ✅ RemoteOK: 98 职位
[2026-04-02T11:31:40.152Z]   ❌ WeWorkRemotely: 0 职位
[2026-04-02T11:31:40.152Z] =====================

[2026-04-02T11:31:40.623Z] ❌ WeWorkRemotely 失败: HTTP 403
[2026-04-02T11:31:42.278Z] 🔄 RemoteOK 更新: 98 个职位
[2026-04-02T11:32:10.958Z] 🔄 RemoteOK 更新: 98 个职位
[2026-04-02T11:32:41.449Z] 🔄 RemoteOK 更新: 98 个职位
[2026-04-02T11:33:11.867Z] 🔄 RemoteOK 更新: 98 个职位
[2026-04-02T11:33:40.766Z] ❌ WeWorkRemotely 失败: HTTP 403
[2026-04-02T11:33:41.341Z] 🔄 RemoteOK 更新: 98 个职位
[2026-04-02T11:34:12.126Z] 🔄 RemoteOK 更新: 98 个职位
[2026-04-02T11:34:40.889Z] 🔄 RemoteOK 更新: 98 个职位
[2026-04-02T11:35:11.179Z] 🔄 RemoteOK 更新: 98 个职位
[2026-04-02T11:35:40.714Z] ❌ WeWorkRemotely 失败: HTTP 403
[2026-04-02T11:35:41.204Z] 🔄 RemoteOK 更新: 98 个职位
[2026-04-02T11:36:11.179Z] 🔄 RemoteOK 更新: 98 个职位
[2026-04-02T11:36:40.152Z] 
📊 ===== 实时统计 =====
[2026-04-02T11:36:40.152Z] 总职位数: 485
[2026-04-02T11:36:40.152Z] 今日新增: 0
[2026-04-02T11:36:40.152Z] 最后更新: 2026-04-02T11:36:11.179Z
[2026-04-02T11:36:40.152Z] 数据源状态:
[2026-04-02T11:36:40.152Z]   ✅ RemoteOK: 98 职位
[2026-04-02T11:36:40.152Z]   ❌ WeWorkRemotely: 0 职位
[2026-04-02T11:36:40.152Z] =====================

[2026-04-02T11:36:41.330Z] 🔄 RemoteOK 更新: 98 个职位
[2026-04-02T11:37:12.615Z] 🔄 RemoteOK 更新: 98 个职位
[2026-04-02T11:37:41.443Z] ❌ WeWorkRemotely 失败: HTTP 403
[2026-04-02T11:37:41.694Z] 🔄 RemoteOK 更新: 98 个职位
[2026-04-02T11:38:11.830Z] 🔄 RemoteOK 更新: 98 个职位
[2026-04-02T11:38:41.438Z] 🔄 RemoteOK 更新: 98 个职位
[2026-04-02T11:39:11.675Z] 🔄 RemoteOK 更新: 98 个职位
[2026-04-02T11:39:40.616Z] ❌ WeWorkRemotely 失败: HTTP 403
[2026-04-02T11:39:41.428Z] 🔄 RemoteOK 更新: 98 个职位
[2026-04-02T11:40:14.771Z] 🔄 RemoteOK 更新: 98 个职位
[2026-04-02T11:40:50.670Z] ❌ RemoteOK 失败: fetch failed
[2026-04-02T11:41:11.559Z] 🔄 RemoteOK 更新: 98 个职位
[2026-04-02T11:41:40.153Z] 
📊 ===== 实时统计 =====
[2026-04-02T11:41:40.153Z] 总职位数: 485
[2026-04-02T11:41:40.153Z] 今日新增: 0
[2026-04-02T11:41:40.153Z] 最后更新: 2026-04-02T11:41:11.559Z
[2026-04-02T11:41:40.153Z] 数据源状态:
[2026-04-02T11:41:40.153Z]   ✅ RemoteOK: 98 职位
[2026-04-02T11:41:40.153Z]   ❌ WeWorkRemotely: 0 职位
[2026-04-02T11:41:40.153Z] =====================

[2026-04-02T11:41:40.879Z] ❌ WeWorkRemotely 失败: HTTP 403
[2026-04-02T11:41:42.715Z] 🔄 RemoteOK 更新: 98 个职位
[2026-04-02T11:42:11.776Z] 🔄 RemoteOK 更新: 98 个职位
[2026-04-02T11:42:42.648Z] 🔄 RemoteOK 更新: 98 个职位
[2026-04-02T11:43:11.829Z] 🔄 RemoteOK 更新: 98 个职位
[2026-04-02T11:43:40.646Z] ❌ WeWorkRemotely 失败: HTTP 403
[2026-04-02T11:43:41.104Z] 🔄 RemoteOK 更新: 98 个职位
[2026-04-02T11:44:11.593Z] 🔄 RemoteOK 更新: 98 个职位
[2026-04-02T11:44:41.973Z] 🔄 RemoteOK 更新: 98 个职位
[2026-04-02T11:45:11.144Z] 🔄 RemoteOK 更新: 98 个职位
[2026-04-02T11:45:41.231Z] ❌ WeWorkRemotely 失败: HTTP 403
[2026-04-02T11:45:41.783Z] 🔄 RemoteOK 更新: 98 个职位
[2026-04-02T11:46:11.885Z] 🔄 RemoteOK 更新: 98 个职位
[2026-04-02T11:46:40.153Z] 
📊 ===== 实时统计 =====
[2026-04-02T11:46:40.153Z] 总职位数: 485
[2026-04-02T11:46:40.153Z] 今日新增: 0
[2026-04-02T11:46:40.153Z] 最后更新: 2026-04-02T11:46:11.885Z
[2026-04-02T11:46:40.153Z] 数据源状态:
[2026-04-02T11:46:40.153Z]   ✅ RemoteOK: 98 职位
[2026-04-02T11:46:40.153Z]   ❌ WeWorkRemotely: 0 职位
[2026-04-02T11:46:40.153Z] =====================

[2026-04-02T11:46:41.135Z] 🔄 RemoteOK 更新: 98 个职位
[2026-04-02T11:47:11.648Z] 🔄 RemoteOK 更新: 98 个职位
[2026-04-02T11:47:41.345Z] 🔄 RemoteOK 更新: 98 个职位
[2026-04-02T11:47:41.710Z] ❌ WeWorkRemotely 失败: HTTP 403
[2026-04-02T11:48:10.901Z] 🔄 RemoteOK 更新: 98 个职位
[2026-04-02T11:48:43.569Z] 🔄 RemoteOK 更新: 98 个职位
[2026-04-02T11:49:11.572Z] 🔄 RemoteOK 更新: 98 个职位
[2026-04-02T11:49:40.629Z] ❌ WeWorkRemotely 失败: HTTP 403
[2026-04-02T11:49:41.230Z] 🔄 RemoteOK 更新: 98 个职位
[2026-04-02T11:50:12.056Z] 🔄 RemoteOK 更新: 98 个职位
[2026-04-02T11:50:42.129Z] 🔄 RemoteOK 更新: 98 个职位
[2026-04-02T11:51:12.088Z] 🔄 RemoteOK 更新: 98 个职位
[2026-04-02T11:51:40.152Z] 
📊 ===== 实时统计 =====
[2026-04-02T11:51:40.153Z] 总职位数: 485
[2026-04-02T11:51:40.153Z] 今日新增: 0
[2026-04-02T11:51:40.153Z] 最后更新: 2026-04-02T11:51:12.088Z
[2026-04-02T11:51:40.153Z] 数据源状态:
[2026-04-02T11:51:40.153Z]   ✅ RemoteOK: 98 职位
[2026-04-02T11:51:40.153Z]   ❌ WeWorkRemotely: 0 职位
[2026-04-02T11:51:40.153Z] =====================

[2026-04-02T11:51:40.769Z] ❌ WeWorkRemotely 失败: HTTP 403
[2026-04-02T11:51:41.169Z] 🔄 RemoteOK 更新: 98 个职位
[2026-04-02T11:52:11.947Z] 🔄 RemoteOK 更新: 98 个职位
[2026-04-02T11:52:41.368Z] 🔄 RemoteOK 更新: 98 个职位
[2026-04-02T11:53:11.213Z] 🔄 RemoteOK 更新: 98 个职位
[2026-04-02T11:53:40.889Z] ❌ WeWorkRemotely 失败: HTTP 403
[2026-04-02T11:53:42.225Z] 🔄 RemoteOK 更新: 98 个职位
[2026-04-02T11:54:13.389Z] 🔄 RemoteOK 更新: 98 个职位
[2026-04-02T11:54:43.915Z] 🔄 RemoteOK 更新: 98 个职位
[2026-04-02T11:55:10.956Z] 🔄 RemoteOK 更新: 98 个职位
[2026-04-02T11:55:40.821Z] ❌ WeWorkRemotely 失败: HTTP 403
[2026-04-02T11:55:42.359Z] 🔄 RemoteOK 更新: 98 个职位
[2026-04-02T11:56:11.358Z] 🔄 RemoteOK 更新: 98 个职位
[2026-04-02T11:56:40.153Z] 
📊 ===== 实时统计 =====
[2026-04-02T11:56:40.153Z] 总职位数: 485
[2026-04-02T11:56:40.153Z] 今日新增: 0
[2026-04-02T11:56:40.153Z] 最后更新: 2026-04-02T11:56:11.358Z
[2026-04-02T11:56:40.153Z] 数据源状态:
[2026-04-02T11:56:40.153Z]   ✅ RemoteOK: 98 职位
[2026-04-02T11:56:40.153Z]   ❌ WeWorkRemotely: 0 职位
[2026-04-02T11:56:40.153Z] =====================

[2026-04-02T11:56:41.589Z] 🔄 RemoteOK 更新: 98 个职位
[2026-04-02T11:57:11.884Z] 🔄 RemoteOK 更新: 98 个职位
[2026-04-02T11:57:40.709Z] ❌ WeWorkRemotely 失败: HTTP 403
[2026-04-02T11:57:42.496Z] 🔄 RemoteOK 更新: 98 个职位
[2026-04-02T11:58:11.276Z] 🔄 RemoteOK 更新: 98 个职位
[2026-04-02T11:58:41.433Z] 🔄 RemoteOK 更新: 98 个职位
[2026-04-02T11:59:11.782Z] 🔄 RemoteOK 更新: 98 个职位
[2026-04-02T11:59:40.706Z] ❌ WeWorkRemotely 失败: HTTP 403
[2026-04-02T11:59:41.404Z] 🔄 RemoteOK 更新: 98 个职位
[2026-04-02T12:00:11.298Z] 🔄 RemoteOK 更新: 98 个职位
[2026-04-02T12:00:41.262Z] 🔄 RemoteOK 更新: 98 个职位
[2026-04-02T12:01:11.198Z] 🔄 RemoteOK 更新: 98 个职位
[2026-04-02T12:01:40.153Z] 
📊 ===== 实时统计 =====
[2026-04-02T12:01:40.153Z] 总职位数: 485
[2026-04-02T12:01:40.153Z] 今日新增: 0
[2026-04-02T12:01:40.153Z] 最后更新: 2026-04-02T12:01:11.198Z
[2026-04-02T12:01:40.153Z] 数据源状态:
[2026-04-02T12:01:40.153Z]   ✅ RemoteOK: 98 职位
[2026-04-02T12:01:40.153Z]   ❌ WeWorkRemotely: 0 职位
[2026-04-02T12:01:40.153Z] =====================

[2026-04-02T12:01:41.611Z] 🔄 RemoteOK 更新: 98 个职位
[2026-04-02T12:01:41.847Z] ❌ WeWorkRemotely 失败: HTTP 403
[2026-04-02T12:02:11.504Z] 🔄 RemoteOK 更新: 98 个职位
[2026-04-02T12:02:41.077Z] 🔄 RemoteOK 更新: 98 个职位
[2026-04-02T12:03:12.147Z] 🔄 RemoteOK 更新: 98 个职位
[2026-04-02T12:03:40.720Z] ❌ WeWorkRemotely 失败: HTTP 403
[2026-04-02T12:03:41.407Z] 🔄 RemoteOK 更新: 98 个职位
[2026-04-02T12:04:11.988Z] 🔄 RemoteOK 更新: 98 个职位
[2026-04-02T12:04:41.308Z] 🔄 RemoteOK 更新: 98 个职位
[2026-04-02T12:05:11.240Z] 🔄 RemoteOK 更新: 98 个职位
[2026-04-02T12:05:41.095Z] ❌ WeWorkRemotely 失败: HTTP 403
[2026-04-02T12:05:41.210Z] 🔄 RemoteOK 更新: 98 个职位
[2026-04-02T12:06:12.482Z] 🔄 RemoteOK 更新: 98 个职位
[2026-04-02T12:06:40.152Z] 
📊 ===== 实时统计 =====
[2026-04-02T12:06:40.153Z] 总职位数: 485
[2026-04-02T12:06:40.153Z] 今日新增: 0
[2026-04-02T12:06:40.153Z] 最后更新: 2026-04-02T12:06:12.482Z
[2026-04-02T12:06:40.153Z] 数据源状态:
[2026-04-02T12:06:40.153Z]   ✅ RemoteOK: 98 职位
[2026-04-02T12:06:40.153Z]   ❌ WeWorkRemotely: 0 职位
[2026-04-02T12:06:40.153Z] =====================

[2026-04-02T12:06:42.605Z] 🔄 RemoteOK 更新: 98 个职位
[2026-04-02T12:07:12.645Z] 🔄 RemoteOK 更新: 98 个职位
[2026-04-02T12:07:40.626Z] ❌ WeWorkRemotely 失败: HTTP 403
[2026-04-02T12:07:41.219Z] 🔄 RemoteOK 更新: 98 个职位
[2026-04-02T12:08:12.173Z] 🔄 RemoteOK 更新: 98 个职位
[2026-04-02T12:08:41.302Z] 🔄 RemoteOK 更新: 98 个职位
[2026-04-02T12:09:11.745Z] 🔄 RemoteOK 更新: 98 个职位
[2026-04-02T12:09:40.901Z] ❌ WeWorkRemotely 失败: HTTP 403
[2026-04-02T12:09:42.012Z] 🔄 RemoteOK 更新: 98 个职位
[2026-04-02T12:10:11.160Z] 🔄 RemoteOK 更新: 98 个职位
[2026-04-02T12:10:41.484Z] 🔄 RemoteOK 更新: 98 个职位
[2026-04-02T12:11:11.829Z] 🔄 RemoteOK 更新: 98 个职位
[2026-04-02T12:11:40.154Z] 
📊 ===== 实时统计 =====
[2026-04-02T12:11:40.154Z] 总职位数: 485
[2026-04-02T12:11:40.154Z] 今日新增: 0
[2026-04-02T12:11:40.154Z] 最后更新: 2026-04-02T12:11:11.829Z
[2026-04-02T12:11:40.154Z] 数据源状态:
[2026-04-02T12:11:40.154Z]   ✅ RemoteOK: 98 职位
[2026-04-02T12:11:40.154Z]   ❌ WeWorkRemotely: 0 职位
[2026-04-02T12:11:40.154Z] =====================

[2026-04-02T12:11:40.982Z] ❌ WeWorkRemotely 失败: HTTP 403
[2026-04-02T12:11:41.644Z] 🔄 RemoteOK 更新: 98 个职位
[2026-04-02T12:12:11.542Z] 🔄 RemoteOK 更新: 98 个职位
[2026-04-02T12:12:42.465Z] 🔄 RemoteOK 更新: 98 个职位
[2026-04-02T12:13:11.718Z] 🔄 RemoteOK 更新: 98 个职位
[2026-04-02T12:13:40.631Z] ❌ WeWorkRemotely 失败: HTTP 403
[2026-04-02T12:13:41.896Z] 🔄 RemoteOK 更新: 98 个职位
[2026-04-02T12:14:11.472Z] 🔄 RemoteOK 更新: 98 个职位
[2026-04-02T12:14:41.262Z] 🔄 RemoteOK 更新: 98 个职位
[2026-04-02T12:15:11.208Z] 🔄 RemoteOK 更新: 98 个职位
[2026-04-02T12:15:40.722Z] ❌ WeWorkRemotely 失败: HTTP 403
[2026-04-02T12:15:41.162Z] 🔄 RemoteOK 更新: 98 个职位
[2026-04-02T12:16:11.802Z] 🔄 RemoteOK 更新: 98 个职位
[2026-04-02T12:16:40.153Z] 
📊 ===== 实时统计 =====
[2026-04-02T12:16:40.153Z] 总职位数: 485
[2026-04-02T12:16:40.153Z] 今日新增: 0
[2026-04-02T12:16:40.153Z] 最后更新: 2026-04-02T12:16:11.802Z
[2026-04-02T12:16:40.153Z] 数据源状态:
[2026-04-02T12:16:40.154Z]   ✅ RemoteOK: 98 职位
[2026-04-02T12:16:40.154Z]   ❌ WeWorkRemotely: 0 职位
[2026-04-02T12:16:40.154Z] =====================

[2026-04-02T12:16:41.368Z] 🔄 RemoteOK 更新: 98 个职位
[2026-04-02T12:17:11.883Z] 🔄 RemoteOK 更新: 98 个职位
[2026-04-02T12:17:40.748Z] ❌ WeWorkRemotely 失败: HTTP 403
[2026-04-02T12:17:42.204Z] 🔄 RemoteOK 更新: 98 个职位
[2026-04-02T12:18:10.938Z] 🔄 RemoteOK 更新: 98 个职位
[2026-04-02T12:18:41.711Z] 🔄 RemoteOK 更新: 98 个职位
[2026-04-02T12:19:11.396Z] 🔄 RemoteOK 更新: 98 个职位
[2026-04-02T12:19:40.821Z] ❌ WeWorkRemotely 失败: HTTP 403
[2026-04-02T12:19:41.695Z] 🔄 RemoteOK 更新: 98 个职位
[2026-04-02T12:20:12.365Z] 🔄 RemoteOK 更新: 98 个职位
[2026-04-02T12:20:41.451Z] 🔄 RemoteOK 更新: 98 个职位
[2026-04-02T12:21:11.400Z] 🔄 RemoteOK 更新: 98 个职位
[2026-04-02T12:21:40.154Z] 
📊 ===== 实时统计 =====
[2026-04-02T12:21:40.154Z] 总职位数: 485
[2026-04-02T12:21:40.154Z] 今日新增: 0
[2026-04-02T12:21:40.154Z] 最后更新: 2026-04-02T12:21:11.400Z
[2026-04-02T12:21:40.154Z] 数据源状态:
[2026-04-02T12:21:40.154Z]   ✅ RemoteOK: 98 职位
[2026-04-02T12:21:40.154Z]   ❌ WeWorkRemotely: 0 职位
[2026-04-02T12:21:40.154Z] =====================

[2026-04-02T12:21:40.746Z] ❌ WeWorkRemotely 失败: HTTP 403
[2026-04-02T12:21:41.392Z] 🔄 RemoteOK 更新: 98 个职位
[2026-04-02T12:22:11.582Z] 🔄 RemoteOK 更新: 98 个职位
[2026-04-02T12:22:42.402Z] 🔄 RemoteOK 更新: 98 个职位
[2026-04-02T12:23:11.469Z] 🔄 RemoteOK 更新: 98 个职位
[2026-04-02T12:23:40.952Z] ❌ WeWorkRemotely 失败: HTTP 403
[2026-04-02T12:23:41.916Z] 🔄 RemoteOK 更新: 98 个职位
[2026-04-02T12:24:11.434Z] 🔄 RemoteOK 更新: 98 个职位
[2026-04-02T12:24:41.818Z] 🔄 RemoteOK 更新: 98 个职位
[2026-04-02T12:25:12.433Z] 🔄 RemoteOK 更新: 98 个职位
[2026-04-02T12:25:40.630Z] ❌ WeWorkRemotely 失败: HTTP 403
[2026-04-02T12:25:41.338Z] 🔄 RemoteOK 更新: 98 个职位
[2026-04-02T12:26:11.982Z] 🔄 RemoteOK 更新: 98 个职位
[2026-04-02T12:26:40.155Z] 
📊 ===== 实时统计 =====
[2026-04-02T12:26:40.156Z] 总职位数: 485
[2026-04-02T12:26:40.156Z] 今日新增: 0
[2026-04-02T12:26:40.156Z] 最后更新: 2026-04-02T12:26:11.982Z
[2026-04-02T12:26:40.156Z] 数据源状态:
[2026-04-02T12:26:40.156Z]   ✅ RemoteOK: 98 职位
[2026-04-02T12:26:40.156Z]   ❌ WeWorkRemotely: 0 职位
[2026-04-02T12:26:40.156Z] =====================

[2026-04-02T12:26:41.649Z] 🔄 RemoteOK 更新: 98 个职位
[2026-04-02T12:27:12.493Z] 🔄 RemoteOK 更新: 98 个职位
[2026-04-02T12:27:41.323Z] ❌ WeWorkRemotely 失败: HTTP 403
[2026-04-02T12:27:42.052Z] 🔄 RemoteOK 更新: 98 个职位
[2026-04-02T12:28:12.068Z] 🔄 RemoteOK 更新: 98 个职位
[2026-04-02T12:28:42.080Z] 🔄 RemoteOK 更新: 98 个职位
[2026-04-02T12:29:11.312Z] 🔄 RemoteOK 更新: 98 个职位
[2026-04-02T12:29:41.600Z] 🔄 RemoteOK 更新: 98 个职位
[2026-04-02T12:29:41.614Z] ❌ WeWorkRemotely 失败: HTTP 403
[2026-04-02T12:30:11.327Z] 🔄 RemoteOK 更新: 98 个职位
[2026-04-02T12:30:42.612Z] 🔄 RemoteOK 更新: 98 个职位
[2026-04-02T12:31:11.541Z] 🔄 RemoteOK 更新: 98 个职位
[2026-04-02T12:31:40.156Z] 
📊 ===== 实时统计 =====
[2026-04-02T12:31:40.156Z] 总职位数: 485
[2026-04-02T12:31:40.156Z] 今日新增: 0
[2026-04-02T12:31:40.156Z] 最后更新: 2026-04-02T12:31:11.541Z
[2026-04-02T12:31:40.156Z] 数据源状态:
[2026-04-02T12:31:40.156Z]   ✅ RemoteOK: 98 职位
[2026-04-02T12:31:40.156Z]   ❌ WeWorkRemotely: 0 职位
[2026-04-02T12:31:40.156Z] =====================

[2026-04-02T12:31:41.428Z] ❌ WeWorkRemotely 失败: HTTP 403
[2026-04-02T12:31:41.913Z] 🔄 RemoteOK 更新: 98 个职位
[2026-04-02T12:32:11.524Z] 🔄 RemoteOK 更新: 98 个职位
[2026-04-02T12:32:41.368Z] 🔄 RemoteOK 更新: 98 个职位
[2026-04-02T12:33:11.722Z] 🔄 RemoteOK 更新: 98 个职位
[2026-04-02T12:33:40.719Z] ❌ WeWorkRemotely 失败: HTTP 403
[2026-04-02T12:33:41.324Z] 🔄 RemoteOK 更新: 98 个职位
[2026-04-02T12:34:12.011Z] 🔄 RemoteOK 更新: 98 个职位
[2026-04-02T12:34:41.198Z] 🔄 RemoteOK 更新: 98 个职位
[2026-04-02T12:35:13.110Z] 🔄 RemoteOK 更新: 98 个职位
[2026-04-02T12:35:40.716Z] ❌ WeWorkRemotely 失败: HTTP 403
[2026-04-02T12:35:41.388Z] 🔄 RemoteOK 更新: 98 个职位
[2026-04-02T12:36:11.346Z] 🔄 RemoteOK 更新: 98 个职位
[2026-04-02T12:36:40.156Z] 
📊 ===== 实时统计 =====
[2026-04-02T12:36:40.156Z] 总职位数: 485
[2026-04-02T12:36:40.156Z] 今日新增: 0
[2026-04-02T12:36:40.156Z] 最后更新: 2026-04-02T12:36:11.346Z
[2026-04-02T12:36:40.156Z] 数据源状态:
[2026-04-02T12:36:40.156Z]   ✅ RemoteOK: 98 职位
[2026-04-02T12:36:40.156Z]   ❌ WeWorkRemotely: 0 职位
[2026-04-02T12:36:40.156Z] =====================

[2026-04-02T12:36:41.077Z] 🔄 RemoteOK 更新: 98 个职位
[2026-04-02T12:37:11.516Z] 🔄 RemoteOK 更新: 98 个职位
[2026-04-02T12:37:40.665Z] ❌ WeWorkRemotely 失败: HTTP 403
[2026-04-02T12:37:41.174Z] 🔄 RemoteOK 更新: 98 个职位
[2026-04-02T12:38:11.197Z] 🔄 RemoteOK 更新: 98 个职位
[2026-04-02T12:38:41.281Z] 🔄 RemoteOK 更新: 98 个职位
[2026-04-02T12:39:11.316Z] 🔄 RemoteOK 更新: 98 个职位
[2026-04-02T12:39:40.933Z] ❌ WeWorkRemotely 失败: HTTP 403
[2026-04-02T12:39:42.067Z] 🔄 RemoteOK 更新: 98 个职位
[2026-04-02T12:40:11.703Z] 🔄 RemoteOK 更新: 98 个职位
[2026-04-02T12:40:41.881Z] 🔄 RemoteOK 更新: 98 个职位
[2026-04-02T12:41:11.124Z] 🔄 RemoteOK 更新: 98 个职位
[2026-04-02T12:41:40.157Z] 
📊 ===== 实时统计 =====
[2026-04-02T12:41:40.157Z] 总职位数: 485
[2026-04-02T12:41:40.157Z] 今日新增: 0
[2026-04-02T12:41:40.157Z] 最后更新: 2026-04-02T12:41:11.124Z
[2026-04-02T12:41:40.157Z] 数据源状态:
[2026-04-02T12:41:40.157Z]   ✅ RemoteOK: 98 职位
[2026-04-02T12:41:40.157Z]   ❌ WeWorkRemotely: 0 职位
[2026-04-02T12:41:40.157Z] =====================

[2026-04-02T12:41:40.907Z] ❌ WeWorkRemotely 失败: HTTP 403
[2026-04-02T12:41:42.454Z] 🔄 RemoteOK 更新: 98 个职位
[2026-04-02T12:42:11.346Z] 🔄 RemoteOK 更新: 98 个职位
[2026-04-02T12:42:43.040Z] 🔄 RemoteOK 更新: 98 个职位
[2026-04-02T12:43:12.005Z] 🔄 RemoteOK 更新: 98 个职位
[2026-04-02T12:43:41.247Z] ❌ WeWorkRemotely 失败: HTTP 403
[2026-04-02T12:43:41.615Z] 🔄 RemoteOK 更新: 98 个职位
[2026-04-02T12:44:12.426Z] 🔄 RemoteOK 更新: 98 个职位
[2026-04-02T12:44:41.359Z] 🔄 RemoteOK 更新: 98 个职位
[2026-04-02T12:45:12.044Z] 🔄 RemoteOK 更新: 98 个职位
[2026-04-02T12:45:40.730Z] ❌ WeWorkRemotely 失败: HTTP 403
[2026-04-02T12:45:41.527Z] 🔄 RemoteOK 更新: 98 个职位
[2026-04-02T12:46:11.580Z] 🔄 RemoteOK 更新: 98 个职位
[2026-04-02T12:46:40.157Z] 
📊 ===== 实时统计 =====
[2026-04-02T12:46:40.157Z] 总职位数: 485
[2026-04-02T12:46:40.157Z] 今日新增: 0
[2026-04-02T12:46:40.157Z] 最后更新: 2026-04-02T12:46:11.580Z
[2026-04-02T12:46:40.157Z] 数据源状态:
[2026-04-02T12:46:40.157Z]   ✅ RemoteOK: 98 职位
[2026-04-02T12:46:40.158Z]   ❌ WeWorkRemotely: 0 职位
[2026-04-02T12:46:40.158Z] =====================

[2026-04-02T12:46:41.419Z] 🔄 RemoteOK 更新: 98 个职位
[2026-04-02T12:47:11.333Z] 🔄 RemoteOK 更新: 98 个职位
[2026-04-02T12:47:40.756Z] ❌ WeWorkRemotely 失败: HTTP 403
[2026-04-02T12:47:41.661Z] 🔄 RemoteOK 更新: 98 个职位
[2026-04-02T12:48:11.689Z] 🔄 RemoteOK 更新: 98 个职位
[2026-04-02T12:48:41.738Z] 🔄 RemoteOK 更新: 98 个职位
[2026-04-02T12:49:11.287Z] 🔄 RemoteOK 更新: 98 个职位
[2026-04-02T12:49:41.442Z] ❌ WeWorkRemotely 失败: HTTP 403
[2026-04-02T12:49:41.948Z] 🔄 RemoteOK 更新: 98 个职位
[2026-04-02T12:50:11.226Z] 🔄 RemoteOK 更新: 98 个职位
[2026-04-02T12:50:42.625Z] 🔄 RemoteOK 更新: 98 个职位
[2026-04-02T12:51:11.705Z] 🔄 RemoteOK 更新: 98 个职位
[2026-04-02T12:51:40.159Z] 
📊 ===== 实时统计 =====
[2026-04-02T12:51:40.159Z] 总职位数: 485
[2026-04-02T12:51:40.159Z] 今日新增: 0
[2026-04-02T12:51:40.159Z] 最后更新: 2026-04-02T12:51:11.705Z
[2026-04-02T12:51:40.159Z] 数据源状态:
[2026-04-02T12:51:40.159Z]   ✅ RemoteOK: 98 职位
[2026-04-02T12:51:40.159Z]   ❌ WeWorkRemotely: 0 职位
[2026-04-02T12:51:40.159Z] =====================

[2026-04-02T12:51:40.919Z] ❌ WeWorkRemotely 失败: HTTP 403
[2026-04-02T12:51:41.544Z] 🔄 RemoteOK 更新: 98 个职位
[2026-04-02T12:52:12.065Z] 🔄 RemoteOK 更新: 98 个职位
[2026-04-02T12:52:41.405Z] 🔄 RemoteOK 更新: 98 个职位
[2026-04-02T12:53:12.506Z] 🔄 RemoteOK 更新: 98 个职位
[2026-04-02T12:53:40.974Z] ❌ WeWorkRemotely 失败: HTTP 403
[2026-04-02T12:53:41.002Z] ❌ RemoteOK 失败: fetch failed
[2026-04-02T12:54:11.303Z] 🔄 RemoteOK 更新: 98 个职位
[2026-04-02T12:54:41.924Z] 🔄 RemoteOK 更新: 98 个职位
[2026-04-02T12:55:11.566Z] 🔄 RemoteOK 更新: 98 个职位
[2026-04-02T12:55:40.980Z] ❌ WeWorkRemotely 失败: HTTP 403
[2026-04-02T12:55:41.137Z] 🔄 RemoteOK 更新: 98 个职位
[2026-04-02T12:56:11.349Z] 🔄 RemoteOK 更新: 98 个职位
[2026-04-02T12:56:40.159Z] 
📊 ===== 实时统计 =====
[2026-04-02T12:56:40.159Z] 总职位数: 485
[2026-04-02T12:56:40.159Z] 今日新增: 0
[2026-04-02T12:56:40.159Z] 最后更新: 2026-04-02T12:56:11.349Z
[2026-04-02T12:56:40.159Z] 数据源状态:
[2026-04-02T12:56:40.159Z]   ✅ RemoteOK: 98 职位
[2026-04-02T12:56:40.159Z]   ❌ WeWorkRemotely: 0 职位
[2026-04-02T12:56:40.159Z] =====================

[2026-04-02T12:56:42.201Z] 🔄 RemoteOK 更新: 98 个职位
[2026-04-02T12:57:11.740Z] 🔄 RemoteOK 更新: 98 个职位
[2026-04-02T12:57:40.726Z] ❌ WeWorkRemotely 失败: HTTP 403
[2026-04-02T12:57:41.382Z] 🔄 RemoteOK 更新: 98 个职位
[2026-04-02T12:58:11.461Z] 🔄 RemoteOK 更新: 98 个职位
[2026-04-02T12:58:41.791Z] 🔄 RemoteOK 更新: 98 个职位
[2026-04-02T12:59:13.081Z] 🔄 RemoteOK 更新: 98 个职位
[2026-04-02T12:59:40.638Z] ❌ WeWorkRemotely 失败: HTTP 403
[2026-04-02T12:59:41.503Z] 🔄 RemoteOK 更新: 98 个职位
[2026-04-02T13:00:12.822Z] 🔄 RemoteOK 更新: 98 个职位
[2026-04-02T13:00:41.668Z] 🔄 RemoteOK 更新: 98 个职位
[2026-04-02T13:01:13.403Z] 🔄 RemoteOK 更新: 98 个职位
[2026-04-02T13:01:40.159Z] 
📊 ===== 实时统计 =====
[2026-04-02T13:01:40.159Z] 总职位数: 485
[2026-04-02T13:01:40.159Z] 今日新增: 0
[2026-04-02T13:01:40.159Z] 最后更新: 2026-04-02T13:01:13.403Z
[2026-04-02T13:01:40.159Z] 数据源状态:
[2026-04-02T13:01:40.159Z]   ✅ RemoteOK: 98 职位
[2026-04-02T13:01:40.159Z]   ❌ WeWorkRemotely: 0 职位
[2026-04-02T13:01:40.159Z] =====================

[2026-04-02T13:01:40.671Z] ❌ WeWorkRemotely 失败: HTTP 403
[2026-04-02T13:01:41.763Z] 🔄 RemoteOK 更新: 98 个职位
[2026-04-02T13:02:11.513Z] 🔄 RemoteOK 更新: 98 个职位
[2026-04-02T13:02:41.796Z] 🔄 RemoteOK 更新: 98 个职位
[2026-04-02T13:03:11.437Z] 🔄 RemoteOK 更新: 98 个职位
[2026-04-02T13:03:40.722Z] ❌ WeWorkRemotely 失败: HTTP 403
[2026-04-02T13:03:41.330Z] 🔄 RemoteOK 更新: 98 个职位
[2026-04-02T13:04:11.348Z] 🔄 RemoteOK 更新: 98 个职位
[2026-04-02T13:04:41.567Z] 🔄 RemoteOK 更新: 98 个职位
[2026-04-02T13:05:11.523Z] 🔄 RemoteOK 更新: 98 个职位
[2026-04-02T13:05:40.673Z] ❌ WeWorkRemotely 失败: HTTP 403
[2026-04-02T13:05:41.669Z] 🔄 RemoteOK 更新: 98 个职位
[2026-04-02T13:06:11.355Z] 🔄 RemoteOK 更新: 98 个职位
[2026-04-02T13:06:40.160Z] 
📊 ===== 实时统计 =====
[2026-04-02T13:06:40.160Z] 总职位数: 485
[2026-04-02T13:06:40.160Z] 今日新增: 0
[2026-04-02T13:06:40.160Z] 最后更新: 2026-04-02T13:06:11.355Z
[2026-04-02T13:06:40.160Z] 数据源状态:
[2026-04-02T13:06:40.160Z]   ✅ RemoteOK: 98 职位
[2026-04-02T13:06:40.160Z]   ❌ WeWorkRemotely: 0 职位
[2026-04-02T13:06:40.160Z] =====================

[2026-04-02T13:06:41.023Z] 🔄 RemoteOK 更新: 98 个职位
[2026-04-02T13:07:11.619Z] 🔄 RemoteOK 更新: 98 个职位
[2026-04-02T13:07:40.667Z] ❌ WeWorkRemotely 失败: HTTP 403
[2026-04-02T13:07:42.277Z] 🔄 RemoteOK 更新: 98 个职位
[2026-04-02T13:08:11.518Z] 🔄 RemoteOK 更新: 98 个职位
[2026-04-02T13:08:41.287Z] 🔄 RemoteOK 更新: 98 个职位
[2026-04-02T13:09:11.497Z] 🔄 RemoteOK 更新: 98 个职位
[2026-04-02T13:09:40.737Z] ❌ WeWorkRemotely 失败: HTTP 403
[2026-04-02T13:09:42.479Z] 🔄 RemoteOK 更新: 98 个职位
[2026-04-02T13:10:11.460Z] 🔄 RemoteOK 更新: 98 个职位
[2026-04-02T13:10:41.467Z] 🔄 RemoteOK 更新: 98 个职位
[2026-04-02T13:11:12.872Z] 🔄 RemoteOK 更新: 98 个职位
[2026-04-02T13:11:40.159Z] 
📊 ===== 实时统计 =====
[2026-04-02T13:11:40.159Z] 总职位数: 485
[2026-04-02T13:11:40.159Z] 今日新增: 0
[2026-04-02T13:11:40.159Z] 最后更新: 2026-04-02T13:11:12.872Z
[2026-04-02T13:11:40.159Z] 数据源状态:
[2026-04-02T13:11:40.159Z]   ✅ RemoteOK: 98 职位
[2026-04-02T13:11:40.159Z]   ❌ WeWorkRemotely: 0 职位
[2026-04-02T13:11:40.159Z] =====================

[2026-04-02T13:11:41.134Z] 🔄 RemoteOK 更新: 98 个职位
[2026-04-02T13:11:41.646Z] ❌ WeWorkRemotely 失败: HTTP 403
[2026-04-02T13:12:11.945Z] 🔄 RemoteOK 更新: 98 个职位
[2026-04-02T13:12:41.584Z] 🔄 RemoteOK 更新: 98 个职位
[2026-04-02T13:13:11.551Z] 🔄 RemoteOK 更新: 98 个职位
[2026-04-02T13:13:40.983Z] ❌ WeWorkRemotely 失败: HTTP 403
[2026-04-02T13:13:42.361Z] 🔄 RemoteOK 更新: 98 个职位
[2026-04-02T13:14:11.670Z] 🔄 RemoteOK 更新: 98 个职位
[2026-04-02T13:14:41.758Z] 🔄 RemoteOK 更新: 98 个职位
[2026-04-02T13:15:12.018Z] 🔄 RemoteOK 更新: 98 个职位
[2026-04-02T13:15:41.628Z] ❌ WeWorkRemotely 失败: HTTP 403
[2026-04-02T13:15:41.933Z] 🔄 RemoteOK 更新: 98 个职位
[2026-04-02T13:16:11.657Z] 🔄 RemoteOK 更新: 98 个职位
[2026-04-02T13:16:40.160Z] 
📊 ===== 实时统计 =====
[2026-04-02T13:16:40.160Z] 总职位数: 485
[2026-04-02T13:16:40.160Z] 今日新增: 0
[2026-04-02T13:16:40.160Z] 最后更新: 2026-04-02T13:16:11.657Z
[2026-04-02T13:16:40.160Z] 数据源状态:
[2026-04-02T13:16:40.160Z]   ✅ RemoteOK: 98 职位
[2026-04-02T13:16:40.160Z]   ❌ WeWorkRemotely: 0 职位
[2026-04-02T13:16:40.160Z] =====================

[2026-04-02T13:16:41.555Z] 🔄 RemoteOK 更新: 98 个职位
[2026-04-02T13:17:11.926Z] 🔄 RemoteOK 更新: 98 个职位
[2026-04-02T13:17:40.843Z] ❌ WeWorkRemotely 失败: HTTP 403
[2026-04-02T13:17:41.283Z] 🔄 RemoteOK 更新: 98 个职位
[2026-04-02T13:18:11.500Z] 🔄 RemoteOK 更新: 98 个职位
[2026-04-02T13:18:41.605Z] 🔄 RemoteOK 更新: 98 个职位
[2026-04-02T13:19:11.498Z] 🔄 RemoteOK 更新: 98 个职位
[2026-04-02T13:19:40.646Z] ❌ WeWorkRemotely 失败: HTTP 403
[2026-04-02T13:19:41.337Z] 🔄 RemoteOK 更新: 98 个职位
[2026-04-02T13:20:11.468Z] 🔄 RemoteOK 更新: 98 个职位
[2026-04-02T13:20:41.826Z] 🔄 RemoteOK 更新: 98 个职位
[2026-04-02T13:21:11.676Z] 🔄 RemoteOK 更新: 98 个职位
[2026-04-02T13:21:40.161Z] 
📊 ===== 实时统计 =====
[2026-04-02T13:21:40.161Z] 总职位数: 485
[2026-04-02T13:21:40.161Z] 今日新增: 0
[2026-04-02T13:21:40.161Z] 最后更新: 2026-04-02T13:21:11.676Z
[2026-04-02T13:21:40.161Z] 数据源状态:
[2026-04-02T13:21:40.161Z]   ✅ RemoteOK: 98 职位
[2026-04-02T13:21:40.161Z]   ❌ WeWorkRemotely: 0 职位
[2026-04-02T13:21:40.161Z] =====================

[2026-04-02T13:21:41.175Z] ❌ WeWorkRemotely 失败: HTTP 403
[2026-04-02T13:21:41.952Z] 🔄 RemoteOK 更新: 98 个职位
[2026-04-02T13:22:12.076Z] 🔄 RemoteOK 更新: 98 个职位
[2026-04-02T13:22:41.768Z] 🔄 RemoteOK 更新: 98 个职位
[2026-04-02T13:23:11.761Z] 🔄 RemoteOK 更新: 98 个职位
[2026-04-02T13:23:40.838Z] ❌ WeWorkRemotely 失败: HTTP 403
[2026-04-02T13:23:43.216Z] 🔄 RemoteOK 更新: 98 个职位
[2026-04-02T13:24:11.385Z] 🔄 RemoteOK 更新: 98 个职位
[2026-04-02T13:24:43.095Z] 🔄 RemoteOK 更新: 98 个职位
[2026-04-02T13:25:11.696Z] 🔄 RemoteOK 更新: 98 个职位
[2026-04-02T13:25:40.913Z] ❌ WeWorkRemotely 失败: HTTP 403
[2026-04-02T13:25:41.489Z] 🔄 RemoteOK 更新: 98 个职位
[2026-04-02T13:26:12.631Z] 🔄 RemoteOK 更新: 98 个职位
[2026-04-02T13:26:40.161Z] 
📊 ===== 实时统计 =====
[2026-04-02T13:26:40.161Z] 总职位数: 485
[2026-04-02T13:26:40.161Z] 今日新增: 0
[2026-04-02T13:26:40.161Z] 最后更新: 2026-04-02T13:26:12.631Z
[2026-04-02T13:26:40.161Z] 数据源状态:
[2026-04-02T13:26:40.161Z]   ✅ RemoteOK: 98 职位
[2026-04-02T13:26:40.161Z]   ❌ WeWorkRemotely: 0 职位
[2026-04-02T13:26:40.161Z] =====================

[2026-04-02T13:26:41.528Z] 🔄 RemoteOK 更新: 98 个职位
[2026-04-02T13:27:12.758Z] 🔄 RemoteOK 更新: 98 个职位
[2026-04-02T13:27:40.996Z] ❌ WeWorkRemotely 失败: HTTP 403
[2026-04-02T13:27:42.361Z] 🔄 RemoteOK 更新: 98 个职位
[2026-04-02T13:28:12.646Z] 🔄 RemoteOK 更新: 98 个职位
[2026-04-02T13:28:41.258Z] 🔄 RemoteOK 更新: 98 个职位
[2026-04-02T13:29:11.967Z] 🔄 RemoteOK 更新: 98 个职位
[2026-04-02T13:29:41.730Z] 🔄 RemoteOK 更新: 98 个职位
[2026-04-02T13:29:41.938Z] ❌ WeWorkRemotely 失败: HTTP 403
[2026-04-02T13:30:11.033Z] ❌ RemoteOK 失败: fetch failed
[2026-04-02T13:30:42.120Z] 🔄 RemoteOK 更新: 98 个职位
[2026-04-02T13:31:11.966Z] 🔄 RemoteOK 更新: 98 个职位
[2026-04-02T13:31:40.161Z] 
📊 ===== 实时统计 =====
[2026-04-02T13:31:40.162Z] 总职位数: 485
[2026-04-02T13:31:40.162Z] 今日新增: 0
[2026-04-02T13:31:40.162Z] 最后更新: 2026-04-02T13:31:11.966Z
[2026-04-02T13:31:40.162Z] 数据源状态:
[2026-04-02T13:31:40.162Z]   ✅ RemoteOK: 98 职位
[2026-04-02T13:31:40.162Z]   ❌ WeWorkRemotely: 0 职位
[2026-04-02T13:31:40.162Z] =====================

[2026-04-02T13:31:40.833Z] ❌ WeWorkRemotely 失败: HTTP 403
[2026-04-02T13:31:41.570Z] 🔄 RemoteOK 更新: 98 个职位
[2026-04-02T13:32:11.913Z] 🔄 RemoteOK 更新: 98 个职位
[2026-04-02T13:32:41.798Z] 🔄 RemoteOK 更新: 98 个职位
[2026-04-02T13:33:11.469Z] 🔄 RemoteOK 更新: 98 个职位
[2026-04-02T13:33:40.987Z] ❌ WeWorkRemotely 失败: HTTP 403
[2026-04-02T13:33:43.200Z] 🔄 RemoteOK 更新: 98 个职位
[2026-04-02T13:34:11.609Z] 🔄 RemoteOK 更新: 98 个职位
[2026-04-02T13:34:41.791Z] 🔄 RemoteOK 更新: 98 个职位
[2026-04-02T13:35:11.483Z] 🔄 RemoteOK 更新: 98 个职位
[2026-04-02T13:35:40.641Z] ❌ WeWorkRemotely 失败: HTTP 403
[2026-04-02T13:35:43.270Z] 🔄 RemoteOK 更新: 98 个职位
[2026-04-02T13:36:12.036Z] 🔄 RemoteOK 更新: 98 个职位
[2026-04-02T13:36:40.163Z] 
📊 ===== 实时统计 =====
[2026-04-02T13:36:40.163Z] 总职位数: 485
[2026-04-02T13:36:40.163Z] 今日新增: 0
[2026-04-02T13:36:40.163Z] 最后更新: 2026-04-02T13:36:12.036Z
[2026-04-02T13:36:40.163Z] 数据源状态:
[2026-04-02T13:36:40.163Z]   ✅ RemoteOK: 98 职位
[2026-04-02T13:36:40.163Z]   ❌ WeWorkRemotely: 0 职位
[2026-04-02T13:36:40.163Z] =====================

[2026-04-02T13:36:42.761Z] 🔄 RemoteOK 更新: 98 个职位
[2026-04-02T13:37:12.959Z] 🔄 RemoteOK 更新: 98 个职位
[2026-04-02T13:37:41.833Z] 🔄 RemoteOK 更新: 98 个职位
[2026-04-02T13:37:41.889Z] ❌ WeWorkRemotely 失败: HTTP 403
[2026-04-02T13:38:13.050Z] 🔄 RemoteOK 更新: 98 个职位
[2026-04-02T13:38:44.213Z] 🔄 RemoteOK 更新: 98 个职位
[2026-04-02T13:39:11.315Z] 🔄 RemoteOK 更新: 98 个职位
[2026-04-02T13:39:40.754Z] ❌ WeWorkRemotely 失败: HTTP 403
[2026-04-02T13:39:43.482Z] 🔄 RemoteOK 更新: 98 个职位
[2026-04-02T13:40:13.606Z] 🔄 RemoteOK 更新: 98 个职位
[2026-04-02T13:40:41.682Z] 🔄 RemoteOK 更新: 98 个职位
[2026-04-02T13:41:12.063Z] 🔄 RemoteOK 更新: 98 个职位
[2026-04-02T13:41:40.163Z] 
📊 ===== 实时统计 =====
[2026-04-02T13:41:40.164Z] 总职位数: 485
[2026-04-02T13:41:40.164Z] 今日新增: 0
[2026-04-02T13:41:40.164Z] 最后更新: 2026-04-02T13:41:12.063Z
[2026-04-02T13:41:40.164Z] 数据源状态:
[2026-04-02T13:41:40.164Z]   ✅ RemoteOK: 98 职位
[2026-04-02T13:41:40.164Z]   ❌ WeWorkRemotely: 0 职位
[2026-04-02T13:41:40.164Z] =====================

[2026-04-02T13:41:40.905Z] ❌ WeWorkRemotely 失败: HTTP 403
[2026-04-02T13:41:42.007Z] 🔄 RemoteOK 更新: 98 个职位
[2026-04-02T13:42:12.632Z] 🔄 RemoteOK 更新: 98 个职位
[2026-04-02T13:42:42.314Z] 🔄 RemoteOK 更新: 98 个职位
[2026-04-02T13:43:12.150Z] 🔄 RemoteOK 更新: 98 个职位
[2026-04-02T13:43:40.652Z] ❌ WeWorkRemotely 失败: HTTP 403
[2026-04-02T13:43:41.609Z] 🔄 RemoteOK 更新: 98 个职位
[2026-04-02T13:44:11.863Z] 🔄 RemoteOK 更新: 98 个职位
[2026-04-02T13:44:43.635Z] 🔄 RemoteOK 更新: 98 个职位
[2026-04-02T13:45:11.386Z] 🔄 RemoteOK 更新: 98 个职位
[2026-04-02T13:45:41.338Z] ❌ WeWorkRemotely 失败: HTTP 403
[2026-04-02T13:45:42.219Z] 🔄 RemoteOK 更新: 98 个职位
[2026-04-02T13:46:11.997Z] 🔄 RemoteOK 更新: 98 个职位
[2026-04-02T13:46:40.164Z] 
📊 ===== 实时统计 =====
[2026-04-02T13:46:40.164Z] 总职位数: 485
[2026-04-02T13:46:40.164Z] 今日新增: 0
[2026-04-02T13:46:40.164Z] 最后更新: 2026-04-02T13:46:11.997Z
[2026-04-02T13:46:40.164Z] 数据源状态:
[2026-04-02T13:46:40.165Z]   ✅ RemoteOK: 98 职位
[2026-04-02T13:46:40.165Z]   ❌ WeWorkRemotely: 0 职位
[2026-04-02T13:46:40.165Z] =====================

[2026-04-02T13:46:41.311Z] 🔄 RemoteOK 更新: 98 个职位
[2026-04-02T13:46:56.824Z] 
🛑 爬虫停止
[2026-04-02T13:46:57.007Z] 
═══════════════════════════════════════
[2026-04-02T13:46:57.008Z]   🕷️ 多源实时爬虫 v2.0 - 7×24小时运行
[2026-04-02T13:46:57.008Z] ═══════════════════════════════════════

[2026-04-02T13:46:57.008Z] 🔍 开始全网抓取...
[2026-04-02T13:46:58.705Z] ✅ RemoteOK: 98 个职位
[2026-04-02T13:46:59.363Z] ❌ WeWorkRemotely 失败: HTTP 403
[2026-04-02T13:46:59.366Z] 💾 已保存 485 个职位 (新增 98)
[2026-04-02T13:46:59.366Z] 
📊 ===== 实时统计 =====
[2026-04-02T13:46:59.366Z] 总职位数: 485
[2026-04-02T13:46:59.367Z] 今日新增: 0
[2026-04-02T13:46:59.367Z] 最后更新: 2026-04-02T13:46:59.366Z
[2026-04-02T13:46:59.367Z] 数据源状态:
[2026-04-02T13:46:59.367Z]   ✅ RemoteOK: 98 职位
[2026-04-02T13:46:59.367Z]   ❌ WeWorkRemotely: 0 职位
[2026-04-02T13:46:59.367Z] =====================

[2026-04-02T13:46:59.367Z] 🟢 7×24小时爬虫已启动
[2026-04-02T13:46:59.367Z] 监控: RemoteOK (30s), WeWorkRemotely (2min)
[2026-04-02T13:46:59.367Z] 按 Ctrl+C 停止

[2026-04-02T13:47:31.253Z] 🔄 RemoteOK 更新: 98 个职位
[2026-04-02T13:48:01.842Z] 🔄 RemoteOK 更新: 98 个职位
[2026-04-02T13:48:04.501Z] 
🛑 爬虫停止
[2026-04-02T13:48:04.689Z] 
═══════════════════════════════════════
[2026-04-02T13:48:04.690Z]   🕷️ 多源实时爬虫 v2.0 - 7×24小时运行
[2026-04-02T13:48:04.690Z] ═══════════════════════════════════════

[2026-04-02T13:48:04.691Z] 🔍 开始全网抓取...
[2026-04-02T13:48:05.865Z] ✅ RemoteOK: 98 个职位
[2026-04-02T13:48:08.263Z] ❌ WeWorkRemotely RSS也失败: HTTP 403
[2026-04-02T13:48:08.266Z] 💾 已保存 485 个职位 (新增 98)
[2026-04-02T13:48:08.266Z] 
📊 ===== 实时统计 =====
[2026-04-02T13:48:08.266Z] 总职位数: 485
[2026-04-02T13:48:08.266Z] 今日新增: 0
[2026-04-02T13:48:08.266Z] 最后更新: 2026-04-02T13:48:08.266Z
[2026-04-02T13:48:08.266Z] 数据源状态:
[2026-04-02T13:48:08.266Z]   ✅ RemoteOK: 98 职位
[2026-04-02T13:48:08.266Z]   ❌ WeWorkRemotely: 0 职位
[2026-04-02T13:48:08.266Z] =====================

[2026-04-02T13:48:08.266Z] 🟢 7×24小时爬虫已启动
[2026-04-02T13:48:08.266Z] 监控: RemoteOK (30s), WeWorkRemotely (2min)
[2026-04-02T13:48:08.266Z] 按 Ctrl+C 停止

[2026-04-02T13:48:39.380Z] 🔄 RemoteOK 更新: 98 个职位
[2026-04-02T13:49:10.037Z] 🔄 RemoteOK 更新: 98 个职位
[2026-04-02T13:49:40.080Z] 🔄 RemoteOK 更新: 98 个职位
[2026-04-02T13:50:09.657Z] 🔄 RemoteOK 更新: 98 个职位
[2026-04-02T13:50:15.432Z] ❌ WeWorkRemotely RSS也失败: HTTP 403
[2026-04-02T13:50:40.131Z] 🔄 RemoteOK 更新: 98 个职位
[2026-04-02T13:51:10.244Z] 🔄 RemoteOK 更新: 98 个职位
[2026-04-02T13:51:39.544Z] 🔄 RemoteOK 更新: 98 个职位
[2026-04-02T13:52:09.681Z] 🔄 RemoteOK 更新: 98 个职位
[2026-04-02T13:52:16.278Z] ❌ WeWorkRemotely RSS也失败: HTTP 403
[2026-04-02T13:52:39.266Z] 🔄 RemoteOK 更新: 98 个职位
[2026-04-02T13:53:08.266Z] 
📊 ===== 实时统计 =====
[2026-04-02T13:53:08.266Z] 总职位数: 485
[2026-04-02T13:53:08.266Z] 今日新增: 0
[2026-04-02T13:53:08.266Z] 最后更新: 2026-04-02T13:52:39.266Z
[2026-04-02T13:53:08.266Z] 数据源状态:
[2026-04-02T13:53:08.266Z]   ✅ RemoteOK: 98 职位
[2026-04-02T13:53:08.266Z]   ❌ WeWorkRemotely: 0 职位
[2026-04-02T13:53:08.266Z] =====================

[2026-04-02T13:53:09.922Z] 🔄 RemoteOK 更新: 98 个职位
[2026-04-02T13:53:39.426Z] 🔄 RemoteOK 更新: 98 个职位
[2026-04-02T13:54:09.888Z] 🔄 RemoteOK 更新: 98 个职位
[2026-04-02T13:54:10.519Z] ❌ WeWorkRemotely RSS也失败: HTTP 403
[2026-04-02T13:54:39.482Z] 🔄 RemoteOK 更新: 98 个职位
[2026-04-02T13:55:10.891Z] 🔄 RemoteOK 更新: 98 个职位
[2026-04-02T13:55:39.506Z] 🔄 RemoteOK 更新: 98 个职位
[2026-04-02T13:56:09.495Z] 🔄 RemoteOK 更新: 98 个职位
[2026-04-02T13:56:10.859Z] ❌ WeWorkRemotely RSS也失败: HTTP 403
[2026-04-02T13:56:39.994Z] 🔄 RemoteOK 更新: 98 个职位
[2026-04-02T13:57:09.349Z] 🔄 RemoteOK 更新: 98 个职位
[2026-04-02T13:57:39.509Z] 🔄 RemoteOK 更新: 98 个职位
[2026-04-02T13:58:08.266Z] 
📊 ===== 实时统计 =====
[2026-04-02T13:58:08.267Z] 总职位数: 485
[2026-04-02T13:58:08.267Z] 今日新增: 0
[2026-04-02T13:58:08.267Z] 最后更新: 2026-04-02T13:57:39.509Z
[2026-04-02T13:58:08.267Z] 数据源状态:
[2026-04-02T13:58:08.267Z]   ✅ RemoteOK: 98 职位
[2026-04-02T13:58:08.267Z]   ❌ WeWorkRemotely: 0 职位
[2026-04-02T13:58:08.267Z] =====================

[2026-04-02T13:58:10.575Z] 🔄 RemoteOK 更新: 98 个职位
[2026-04-02T13:58:11.191Z] ❌ WeWorkRemotely RSS也失败: HTTP 403
[2026-04-02T13:58:39.862Z] 🔄 RemoteOK 更新: 98 个职位
[2026-04-02T13:59:10.429Z] 🔄 RemoteOK 更新: 98 个职位
[2026-04-02T13:59:47.151Z] 🔄 RemoteOK 更新: 98 个职位
[2026-04-02T14:00:09.171Z] 🔄 RemoteOK 更新: 98 个职位
[2026-04-02T14:00:10.531Z] ❌ WeWorkRemotely RSS也失败: HTTP 403
[2026-04-02T14:00:39.778Z] 🔄 RemoteOK 更新: 98 个职位
[2026-04-02T14:01:09.424Z] 🔄 RemoteOK 更新: 98 个职位
[2026-04-02T14:01:40.092Z] 🔄 RemoteOK 更新: 98 个职位
[2026-04-02T14:02:10.381Z] 🔄 RemoteOK 更新: 98 个职位
[2026-04-02T14:02:10.700Z] ❌ WeWorkRemotely RSS也失败: HTTP 403
[2026-04-02T14:02:40.256Z] 🔄 RemoteOK 更新: 98 个职位
[2026-04-02T14:03:08.266Z] 
📊 ===== 实时统计 =====
[2026-04-02T14:03:08.266Z] 总职位数: 485
[2026-04-02T14:03:08.266Z] 今日新增: 0
[2026-04-02T14:03:08.266Z] 最后更新: 2026-04-02T14:02:40.256Z
[2026-04-02T14:03:08.266Z] 数据源状态:
[2026-04-02T14:03:08.266Z]   ✅ RemoteOK: 98 职位
[2026-04-02T14:03:08.267Z]   ❌ WeWorkRemotely: 0 职位
[2026-04-02T14:03:08.267Z] =====================

[2026-04-02T14:03:09.186Z] 🔄 RemoteOK 更新: 98 个职位
[2026-04-02T14:03:40.537Z] 🔄 RemoteOK 更新: 98 个职位
[2026-04-02T14:04:09.689Z] 🔄 RemoteOK 更新: 98 个职位
[2026-04-02T14:04:11.308Z] ❌ WeWorkRemotely RSS也失败: HTTP 403
[2026-04-02T14:04:40.330Z] 🔄 RemoteOK 更新: 98 个职位
[2026-04-02T14:05:10.394Z] 🔄 RemoteOK 更新: 98 个职位
[2026-04-02T14:05:39.466Z] 🔄 RemoteOK 更新: 98 个职位
[2026-04-02T14:06:10.021Z] 🔄 RemoteOK 更新: 98 个职位
[2026-04-02T14:06:10.208Z] ❌ WeWorkRemotely RSS也失败: HTTP 403
[2026-04-02T14:06:39.467Z] 🔄 RemoteOK 更新: 98 个职位
[2026-04-02T14:07:10.953Z] 🔄 RemoteOK 更新: 98 个职位
[2026-04-02T14:07:39.681Z] 🔄 RemoteOK 更新: 98 个职位
[2026-04-02T14:08:08.267Z] 
📊 ===== 实时统计 =====
[2026-04-02T14:08:08.267Z] 总职位数: 485
[2026-04-02T14:08:08.267Z] 今日新增: 0
[2026-04-02T14:08:08.267Z] 最后更新: 2026-04-02T14:07:39.681Z
[2026-04-02T14:08:08.267Z] 数据源状态:
[2026-04-02T14:08:08.268Z]   ✅ RemoteOK: 98 职位
[2026-04-02T14:08:08.268Z]   ❌ WeWorkRemotely: 0 职位
[2026-04-02T14:08:08.268Z] =====================

[2026-04-02T14:08:10.398Z] ❌ WeWorkRemotely RSS也失败: HTTP 403
[2026-04-02T14:08:10.943Z] 🔄 RemoteOK 更新: 98 个职位
[2026-04-02T14:08:40.444Z] 🔄 RemoteOK 更新: 98 个职位
[2026-04-02T14:09:09.698Z] 🔄 RemoteOK 更新: 98 个职位
[2026-04-02T14:09:39.375Z] 🔄 RemoteOK 更新: 98 个职位
[2026-04-02T14:10:09.502Z] 🔄 RemoteOK 更新: 98 个职位
[2026-04-02T14:10:10.348Z] ❌ WeWorkRemotely RSS也失败: HTTP 403
[2026-04-02T14:10:39.642Z] 🔄 RemoteOK 更新: 98 个职位
[2026-04-02T14:11:09.964Z] 🔄 RemoteOK 更新: 98 个职位
[2026-04-02T14:11:40.404Z] 🔄 RemoteOK 更新: 98 个职位
[2026-04-02T14:12:09.508Z] 🔄 RemoteOK 更新: 98 个职位
[2026-04-02T14:12:10.720Z] ❌ WeWorkRemotely RSS也失败: HTTP 403
[2026-04-02T14:12:40.351Z] 🔄 RemoteOK 更新: 98 个职位
[2026-04-02T14:13:08.268Z] 
📊 ===== 实时统计 =====
[2026-04-02T14:13:08.268Z] 总职位数: 485
[2026-04-02T14:13:08.268Z] 今日新增: 0
[2026-04-02T14:13:08.268Z] 最后更新: 2026-04-02T14:12:40.351Z
[2026-04-02T14:13:08.268Z] 数据源状态:
[2026-04-02T14:13:08.268Z]   ✅ RemoteOK: 98 职位
[2026-04-02T14:13:08.268Z]   ❌ WeWorkRemotely: 0 职位
[2026-04-02T14:13:08.268Z] =====================

[2026-04-02T14:13:10.466Z] 🔄 RemoteOK 更新: 98 个职位
[2026-04-02T14:13:39.522Z] 🔄 RemoteOK 更新: 98 个职位
[2026-04-02T14:14:09.377Z] 🔄 RemoteOK 更新: 98 个职位
[2026-04-02T14:14:11.347Z] ❌ WeWorkRemotely RSS也失败: HTTP 403
[2026-04-02T14:14:40.108Z] 🔄 RemoteOK 更新: 98 个职位
[2026-04-02T14:15:09.629Z] 🔄 RemoteOK 更新: 98 个职位
[2026-04-02T14:15:39.230Z] 🔄 RemoteOK 更新: 98 个职位
[2026-04-02T14:16:10.084Z] 🔄 RemoteOK 更新: 98 个职位
[2026-04-02T14:16:10.745Z] ❌ WeWorkRemotely RSS也失败: HTTP 403
[2026-04-02T14:16:39.649Z] 🔄 RemoteOK 更新: 98 个职位
[2026-04-02T14:17:09.273Z] 🔄 RemoteOK 更新: 98 个职位
[2026-04-02T14:17:40.251Z] 🔄 RemoteOK 更新: 98 个职位
[2026-04-02T14:18:08.267Z] 
📊 ===== 实时统计 =====
[2026-04-02T14:18:08.267Z] 总职位数: 485
[2026-04-02T14:18:08.267Z] 今日新增: 0
[2026-04-02T14:18:08.267Z] 最后更新: 2026-04-02T14:17:40.251Z
[2026-04-02T14:18:08.267Z] 数据源状态:
[2026-04-02T14:18:08.267Z]   ✅ RemoteOK: 98 职位
[2026-04-02T14:18:08.267Z]   ❌ WeWorkRemotely: 0 职位
[2026-04-02T14:18:08.267Z] =====================

[2026-04-02T14:18:10.457Z] 🔄 RemoteOK 更新: 98 个职位
[2026-04-02T14:18:10.840Z] ❌ WeWorkRemotely RSS也失败: HTTP 403
[2026-04-02T14:18:41.440Z] 🔄 RemoteOK 更新: 98 个职位
[2026-04-02T14:19:10.359Z] 🔄 RemoteOK 更新: 98 个职位
[2026-04-02T14:19:40.621Z] 🔄 RemoteOK 更新: 98 个职位
[2026-04-02T14:20:09.631Z] 🔄 RemoteOK 更新: 98 个职位
[2026-04-02T14:20:10.480Z] ❌ WeWorkRemotely RSS也失败: HTTP 403
[2026-04-02T14:20:39.352Z] 🔄 RemoteOK 更新: 98 个职位
[2026-04-02T14:21:10.278Z] 🔄 RemoteOK 更新: 98 个职位
[2026-04-02T14:21:39.417Z] 🔄 RemoteOK 更新: 98 个职位
[2026-04-02T14:22:10.504Z] ❌ WeWorkRemotely RSS也失败: HTTP 403
[2026-04-02T14:22:10.540Z] 🔄 RemoteOK 更新: 98 个职位
[2026-04-02T14:22:40.236Z] 🔄 RemoteOK 更新: 98 个职位
[2026-04-02T14:23:08.268Z] 
📊 ===== 实时统计 =====
[2026-04-02T14:23:08.268Z] 总职位数: 485
[2026-04-02T14:23:08.268Z] 今日新增: 0
[2026-04-02T14:23:08.268Z] 最后更新: 2026-04-02T14:22:40.236Z
[2026-04-02T14:23:08.268Z] 数据源状态:
[2026-04-02T14:23:08.268Z]   ✅ RemoteOK: 98 职位
[2026-04-02T14:23:08.268Z]   ❌ WeWorkRemotely: 0 职位
[2026-04-02T14:23:08.268Z] =====================

[2026-04-02T14:23:09.944Z] 🔄 RemoteOK 更新: 98 个职位
[2026-04-02T14:23:40.809Z] 🔄 RemoteOK 更新: 98 个职位
[2026-04-02T14:24:11.406Z] ❌ WeWorkRemotely RSS也失败: HTTP 403
[2026-04-02T14:24:11.854Z] 🔄 RemoteOK 更新: 98 个职位
[2026-04-02T14:24:39.793Z] 🔄 RemoteOK 更新: 98 个职位
[2026-04-02T14:25:09.331Z] 🔄 RemoteOK 更新: 98 个职位
[2026-04-02T14:25:39.494Z] 🔄 RemoteOK 更新: 98 个职位
[2026-04-02T14:26:09.629Z] 🔄 RemoteOK 更新: 98 个职位
[2026-04-02T14:26:11.764Z] ❌ WeWorkRemotely RSS也失败: HTTP 403
[2026-04-02T14:26:39.553Z] 🔄 RemoteOK 更新: 98 个职位
[2026-04-02T14:27:09.643Z] 🔄 RemoteOK 更新: 98 个职位
[2026-04-02T14:27:40.135Z] 🔄 RemoteOK 更新: 98 个职位
[2026-04-02T14:28:08.268Z] 
📊 ===== 实时统计 =====
[2026-04-02T14:28:08.268Z] 总职位数: 485
[2026-04-02T14:28:08.268Z] 今日新增: 0
[2026-04-02T14:28:08.268Z] 最后更新: 2026-04-02T14:27:40.135Z
[2026-04-02T14:28:08.268Z] 数据源状态:
[2026-04-02T14:28:08.268Z]   ✅ RemoteOK: 98 职位
[2026-04-02T14:28:08.268Z]   ❌ WeWorkRemotely: 0 职位
[2026-04-02T14:28:08.268Z] =====================

[2026-04-02T14:28:10.317Z] ❌ WeWorkRemotely RSS也失败: HTTP 403
[2026-04-02T14:28:10.609Z] 🔄 RemoteOK 更新: 98 个职位
[2026-04-02T14:28:39.842Z] 🔄 RemoteOK 更新: 98 个职位
[2026-04-02T14:29:09.905Z] 🔄 RemoteOK 更新: 98 个职位
[2026-04-02T14:29:39.772Z] 🔄 RemoteOK 更新: 98 个职位
[2026-04-02T14:30:10.349Z] 🔄 RemoteOK 更新: 98 个职位
[2026-04-02T14:30:11.265Z] ❌ WeWorkRemotely RSS也失败: HTTP 403
[2026-04-02T14:30:39.494Z] 🔄 RemoteOK 更新: 98 个职位
[2026-04-02T14:31:09.526Z] 🔄 RemoteOK 更新: 98 个职位
[2026-04-02T14:31:39.728Z] 🔄 RemoteOK 更新: 98 个职位
[2026-04-02T14:32:09.730Z] 🔄 RemoteOK 更新: 98 个职位
[2026-04-02T14:32:11.879Z] ❌ WeWorkRemotely RSS也失败: HTTP 403
[2026-04-02T14:32:40.427Z] 🔄 RemoteOK 更新: 98 个职位
[2026-04-02T14:33:08.269Z] 
📊 ===== 实时统计 =====
[2026-04-02T14:33:08.269Z] 总职位数: 485
[2026-04-02T14:33:08.269Z] 今日新增: 0
[2026-04-02T14:33:08.269Z] 最后更新: 2026-04-02T14:32:40.427Z
[2026-04-02T14:33:08.269Z] 数据源状态:
[2026-04-02T14:33:08.269Z]   ✅ RemoteOK: 98 职位
[2026-04-02T14:33:08.269Z]   ❌ WeWorkRemotely: 0 职位
[2026-04-02T14:33:08.269Z] =====================

[2026-04-02T14:33:10.201Z] 🔄 RemoteOK 更新: 98 个职位
[2026-04-02T14:33:40.466Z] 🔄 RemoteOK 更新: 98 个职位
[2026-04-02T14:34:09.400Z] 🔄 RemoteOK 更新: 98 个职位
[2026-04-02T14:34:12.654Z] ❌ WeWorkRemotely RSS也失败: HTTP 403
[2026-04-02T14:34:40.284Z] 🔄 RemoteOK 更新: 98 个职位
[2026-04-02T14:35:09.485Z] 🔄 RemoteOK 更新: 98 个职位
[2026-04-02T14:35:40.641Z] 🔄 RemoteOK 更新: 98 个职位
[2026-04-02T14:36:09.725Z] 🔄 RemoteOK 更新: 98 个职位
[2026-04-02T14:36:10.724Z] ❌ WeWorkRemotely RSS也失败: HTTP 403
[2026-04-02T14:36:41.106Z] 🔄 RemoteOK 更新: 98 个职位
[2026-04-02T14:37:09.897Z] 🔄 RemoteOK 更新: 98 个职位
[2026-04-02T14:37:40.271Z] 🔄 RemoteOK 更新: 98 个职位
[2026-04-02T14:38:08.268Z] 
📊 ===== 实时统计 =====
[2026-04-02T14:38:08.268Z] 总职位数: 485
[2026-04-02T14:38:08.269Z] 今日新增: 0
[2026-04-02T14:38:08.269Z] 最后更新: 2026-04-02T14:37:40.271Z
[2026-04-02T14:38:08.269Z] 数据源状态:
[2026-04-02T14:38:08.269Z]   ✅ RemoteOK: 98 职位
[2026-04-02T14:38:08.269Z]   ❌ WeWorkRemotely: 0 职位
[2026-04-02T14:38:08.269Z] =====================

[2026-04-02T14:38:09.934Z] 🔄 RemoteOK 更新: 98 个职位
[2026-04-02T14:38:10.252Z] ❌ WeWorkRemotely RSS也失败: HTTP 403
[2026-04-02T14:38:39.396Z] 🔄 RemoteOK 更新: 98 个职位
[2026-04-02T14:39:09.427Z] 🔄 RemoteOK 更新: 98 个职位
[2026-04-02T14:39:40.705Z] 🔄 RemoteOK 更新: 98 个职位
[2026-04-02T14:40:09.393Z] 🔄 RemoteOK 更新: 98 个职位
[2026-04-02T14:40:10.923Z] ❌ WeWorkRemotely RSS也失败: HTTP 403
[2026-04-02T14:40:40.769Z] 🔄 RemoteOK 更新: 98 个职位
[2026-04-02T14:41:09.539Z] 🔄 RemoteOK 更新: 98 个职位
[2026-04-02T14:41:39.820Z] 🔄 RemoteOK 更新: 98 个职位
[2026-04-02T14:42:11.073Z] 🔄 RemoteOK 更新: 98 个职位
[2026-04-02T14:42:11.313Z] ❌ WeWorkRemotely RSS也失败: HTTP 403
[2026-04-02T14:42:39.844Z] 🔄 RemoteOK 更新: 98 个职位
[2026-04-02T14:43:08.268Z] 
📊 ===== 实时统计 =====
[2026-04-02T14:43:08.268Z] 总职位数: 485
[2026-04-02T14:43:08.268Z] 今日新增: 0
[2026-04-02T14:43:08.268Z] 最后更新: 2026-04-02T14:42:39.844Z
[2026-04-02T14:43:08.269Z] 数据源状态:
[2026-04-02T14:43:08.269Z]   ✅ RemoteOK: 98 职位
[2026-04-02T14:43:08.269Z]   ❌ WeWorkRemotely: 0 职位
[2026-04-02T14:43:08.269Z] =====================

[2026-04-02T14:43:10.357Z] 🔄 RemoteOK 更新: 98 个职位
[2026-04-02T14:43:39.513Z] 🔄 RemoteOK 更新: 98 个职位
[2026-04-02T14:44:10.139Z] 🔄 RemoteOK 更新: 98 个职位
[2026-04-02T14:44:10.353Z] ❌ WeWorkRemotely RSS也失败: HTTP 403
[2026-04-02T14:44:40.461Z] 🔄 RemoteOK 更新: 98 个职位
[2026-04-02T14:45:09.971Z] 🔄 RemoteOK 更新: 98 个职位
[2026-04-02T14:45:40.058Z] 🔄 RemoteOK 更新: 98 个职位
[2026-04-02T14:46:10.010Z] 🔄 RemoteOK 更新: 98 个职位
[2026-04-02T14:46:10.801Z] ❌ WeWorkRemotely RSS也失败: HTTP 403
[2026-04-02T14:46:40.546Z] 🔄 RemoteOK 更新: 98 个职位
[2026-04-02T14:47:10.140Z] 🔄 RemoteOK 更新: 98 个职位
[2026-04-02T14:47:40.195Z] 🔄 RemoteOK 更新: 98 个职位
[2026-04-02T14:48:08.269Z] 
📊 ===== 实时统计 =====
[2026-04-02T14:48:08.269Z] 总职位数: 485
[2026-04-02T14:48:08.269Z] 今日新增: 0
[2026-04-02T14:48:08.270Z] 最后更新: 2026-04-02T14:47:40.195Z
[2026-04-02T14:48:08.270Z] 数据源状态:
[2026-04-02T14:48:08.270Z]   ✅ RemoteOK: 98 职位
[2026-04-02T14:48:08.270Z]   ❌ WeWorkRemotely: 0 职位
[2026-04-02T14:48:08.270Z] =====================

[2026-04-02T14:48:09.839Z] 🔄 RemoteOK 更新: 98 个职位
[2026-04-02T14:48:10.483Z] ❌ WeWorkRemotely RSS也失败: HTTP 403
[2026-04-02T14:48:39.493Z] 🔄 RemoteOK 更新: 98 个职位
[2026-04-02T14:49:09.368Z] 🔄 RemoteOK 更新: 98 个职位
[2026-04-02T14:49:39.629Z] 🔄 RemoteOK 更新: 98 个职位
[2026-04-02T14:50:09.821Z] 🔄 RemoteOK 更新: 98 个职位
[2026-04-02T14:50:10.404Z] ❌ WeWorkRemotely RSS也失败: HTTP 403
[2026-04-02T14:50:39.532Z] 🔄 RemoteOK 更新: 98 个职位
[2026-04-02T14:51:09.133Z] 🔄 RemoteOK 更新: 98 个职位
[2026-04-02T14:51:39.679Z] 🔄 RemoteOK 更新: 98 个职位
[2026-04-02T14:52:10.055Z] 🔄 RemoteOK 更新: 98 个职位
[2026-04-02T14:52:11.585Z] ❌ WeWorkRemotely RSS也失败: HTTP 403
[2026-04-02T14:52:39.701Z] 🔄 RemoteOK 更新: 98 个职位
[2026-04-02T14:53:08.270Z] 
📊 ===== 实时统计 =====
[2026-04-02T14:53:08.270Z] 总职位数: 485
[2026-04-02T14:53:08.270Z] 今日新增: 0
[2026-04-02T14:53:08.270Z] 最后更新: 2026-04-02T14:52:39.701Z
[2026-04-02T14:53:08.270Z] 数据源状态:
[2026-04-02T14:53:08.270Z]   ✅ RemoteOK: 98 职位
[2026-04-02T14:53:08.270Z]   ❌ WeWorkRemotely: 0 职位
[2026-04-02T14:53:08.270Z] =====================

[2026-04-02T14:53:09.710Z] 🔄 RemoteOK 更新: 98 个职位
[2026-04-02T14:53:40.312Z] 🔄 RemoteOK 更新: 98 个职位
[2026-04-02T14:54:09.802Z] 🔄 RemoteOK 更新: 98 个职位
[2026-04-02T14:54:10.545Z] ❌ WeWorkRemotely RSS也失败: HTTP 403
[2026-04-02T14:54:39.621Z] 🔄 RemoteOK 更新: 98 个职位
[2026-04-02T14:55:09.512Z] 🔄 RemoteOK 更新: 98 个职位
[2026-04-02T14:55:39.649Z] 🔄 RemoteOK 更新: 98 个职位
[2026-04-02T14:56:10.107Z] 🔄 RemoteOK 更新: 98 个职位
[2026-04-02T14:56:10.214Z] ❌ WeWorkRemotely RSS也失败: HTTP 403
[2026-04-02T14:56:40.083Z] 🔄 RemoteOK 更新: 98 个职位
[2026-04-02T14:57:11.455Z] 🔄 RemoteOK 更新: 98 个职位
[2026-04-02T14:57:39.451Z] 🔄 RemoteOK 更新: 98 个职位
[2026-04-02T14:58:08.269Z] 
📊 ===== 实时统计 =====
[2026-04-02T14:58:08.270Z] 总职位数: 485
[2026-04-02T14:58:08.270Z] 今日新增: 0
[2026-04-02T14:58:08.270Z] 最后更新: 2026-04-02T14:57:39.451Z
[2026-04-02T14:58:08.270Z] 数据源状态:
[2026-04-02T14:58:08.270Z]   ✅ RemoteOK: 98 职位
[2026-04-02T14:58:08.270Z]   ❌ WeWorkRemotely: 0 职位
[2026-04-02T14:58:08.270Z] =====================

[2026-04-02T14:58:11.100Z] 🔄 RemoteOK 更新: 98 个职位
[2026-04-02T14:58:12.002Z] ❌ WeWorkRemotely RSS也失败: HTTP 403
[2026-04-02T14:58:40.726Z] 🔄 RemoteOK 更新: 98 个职位
[2026-04-02T14:59:09.649Z] 🔄 RemoteOK 更新: 98 个职位
[2026-04-02T14:59:39.948Z] 🔄 RemoteOK 更新: 98 个职位
[2026-04-02T15:00:09.340Z] 🔄 RemoteOK 更新: 98 个职位
[2026-04-02T15:00:10.484Z] ❌ WeWorkRemotely RSS也失败: HTTP 403
[2026-04-02T15:00:40.432Z] 🔄 RemoteOK 更新: 98 个职位
[2026-04-02T15:01:10.775Z] 🔄 RemoteOK 更新: 98 个职位
[2026-04-02T15:01:39.300Z] 🔄 RemoteOK 更新: 98 个职位
[2026-04-02T15:02:09.426Z] 🔄 RemoteOK 更新: 98 个职位
[2026-04-02T15:02:11.258Z] ❌ WeWorkRemotely RSS也失败: HTTP 403
[2026-04-02T15:02:40.050Z] 🔄 RemoteOK 更新: 98 个职位
[2026-04-02T15:03:08.270Z] 
📊 ===== 实时统计 =====
[2026-04-02T15:03:08.270Z] 总职位数: 485
[2026-04-02T15:03:08.270Z] 今日新增: 0
[2026-04-02T15:03:08.270Z] 最后更新: 2026-04-02T15:02:40.050Z
[2026-04-02T15:03:08.270Z] 数据源状态:
[2026-04-02T15:03:08.270Z]   ✅ RemoteOK: 98 职位
[2026-04-02T15:03:08.270Z]   ❌ WeWorkRemotely: 0 职位
[2026-04-02T15:03:08.270Z] =====================

[2026-04-02T15:03:09.379Z] 🔄 RemoteOK 更新: 98 个职位
[2026-04-02T15:03:39.131Z] 🔄 RemoteOK 更新: 98 个职位
[2026-04-02T15:04:10.154Z] 🔄 RemoteOK 更新: 98 个职位
[2026-04-02T15:04:11.168Z] ❌ WeWorkRemotely RSS也失败: HTTP 403
[2026-04-02T15:04:40.686Z] 🔄 RemoteOK 更新: 98 个职位
[2026-04-02T15:05:10.231Z] 🔄 RemoteOK 更新: 98 个职位
[2026-04-02T15:05:39.248Z] 🔄 RemoteOK 更新: 98 个职位
[2026-04-02T15:06:10.581Z] ❌ WeWorkRemotely RSS也失败: HTTP 403
[2026-04-02T15:06:12.010Z] 🔄 RemoteOK 更新: 98 个职位
[2026-04-02T15:06:40.047Z] 🔄 RemoteOK 更新: 98 个职位
[2026-04-02T15:07:09.573Z] 🔄 RemoteOK 更新: 98 个职位
[2026-04-02T15:07:39.326Z] 🔄 RemoteOK 更新: 98 个职位
[2026-04-02T15:08:08.269Z] 
📊 ===== 实时统计 =====
[2026-04-02T15:08:08.269Z] 总职位数: 485
[2026-04-02T15:08:08.269Z] 今日新增: 0
[2026-04-02T15:08:08.269Z] 最后更新: 2026-04-02T15:07:39.326Z
[2026-04-02T15:08:08.270Z] 数据源状态:
[2026-04-02T15:08:08.270Z]   ✅ RemoteOK: 98 职位
[2026-04-02T15:08:08.270Z]   ❌ WeWorkRemotely: 0 职位
[2026-04-02T15:08:08.270Z] =====================

[2026-04-02T15:08:09.354Z] 🔄 RemoteOK 更新: 98 个职位
[2026-04-02T15:08:10.901Z] ❌ WeWorkRemotely RSS也失败: HTTP 403
[2026-04-02T15:08:39.867Z] 🔄 RemoteOK 更新: 98 个职位
[2026-04-02T15:09:09.729Z] 🔄 RemoteOK 更新: 98 个职位
[2026-04-02T15:09:39.421Z] 🔄 RemoteOK 更新: 98 个职位
[2026-04-02T15:10:10.351Z] 🔄 RemoteOK 更新: 98 个职位
[2026-04-02T15:10:10.687Z] ❌ WeWorkRemotely RSS也失败: HTTP 403
[2026-04-02T15:10:39.558Z] 🔄 RemoteOK 更新: 98 个职位
[2026-04-02T15:11:10.111Z] 🔄 RemoteOK 更新: 98 个职位
[2026-04-02T15:11:39.406Z] 🔄 RemoteOK 更新: 98 个职位
[2026-04-02T15:12:10.344Z] 🔄 RemoteOK 更新: 98 个职位
[2026-04-02T15:12:11.090Z] ❌ WeWorkRemotely RSS也失败: HTTP 403
[2026-04-02T15:12:40.584Z] 🔄 RemoteOK 更新: 98 个职位
[2026-04-02T15:13:08.271Z] 
📊 ===== 实时统计 =====
[2026-04-02T15:13:08.271Z] 总职位数: 486
[2026-04-02T15:13:08.271Z] 今日新增: 0
[2026-04-02T15:13:08.271Z] 最后更新: 2026-04-02T15:12:40.584Z
[2026-04-02T15:13:08.271Z] 数据源状态:
[2026-04-02T15:13:08.271Z]   ✅ RemoteOK: 98 职位
[2026-04-02T15:13:08.271Z]   ❌ WeWorkRemotely: 0 职位
[2026-04-02T15:13:08.271Z] =====================

[2026-04-02T15:13:10.636Z] 🔄 RemoteOK 更新: 98 个职位
[2026-04-02T15:13:39.715Z] 🔄 RemoteOK 更新: 98 个职位
[2026-04-02T15:14:10.030Z] 🔄 RemoteOK 更新: 98 个职位
[2026-04-02T15:14:10.253Z] ❌ WeWorkRemotely RSS也失败: HTTP 403
[2026-04-02T15:14:41.869Z] 🔄 RemoteOK 更新: 98 个职位
[2026-04-02T15:15:10.346Z] 🔄 RemoteOK 更新: 98 个职位
[2026-04-02T15:15:39.523Z] 🔄 RemoteOK 更新: 98 个职位
[2026-04-02T15:16:08.876Z] ❌ WeWorkRemotely JSON失败: fetch failed，尝试RSS...
[2026-04-02T15:16:10.489Z] ❌ WeWorkRemotely RSS也失败: HTTP 403
[2026-04-02T15:16:10.932Z] 🔄 RemoteOK 更新: 98 个职位
[2026-04-02T15:16:39.673Z] 🔄 RemoteOK 更新: 98 个职位
[2026-04-02T15:17:11.008Z] 🔄 RemoteOK 更新: 98 个职位
[2026-04-02T15:17:39.694Z] 🔄 RemoteOK 更新: 98 个职位
[2026-04-02T15:18:08.272Z] 
📊 ===== 实时统计 =====
[2026-04-02T15:18:08.272Z] 总职位数: 486
[2026-04-02T15:18:08.272Z] 今日新增: 0
[2026-04-02T15:18:08.272Z] 最后更新: 2026-04-02T15:17:39.694Z
[2026-04-02T15:18:08.272Z] 数据源状态:
[2026-04-02T15:18:08.272Z]   ✅ RemoteOK: 98 职位
[2026-04-02T15:18:08.273Z]   ❌ WeWorkRemotely: 0 职位
[2026-04-02T15:18:08.273Z] =====================

[2026-04-02T15:18:08.885Z] ❌ WeWorkRemotely JSON失败: fetch failed，尝试RSS...
[2026-04-02T15:18:09.518Z] 🔄 RemoteOK 更新: 98 个职位
[2026-04-02T15:18:10.602Z] ❌ WeWorkRemotely RSS也失败: HTTP 403
[2026-04-02T15:18:39.719Z] 🔄 RemoteOK 更新: 98 个职位
[2026-04-02T15:19:09.549Z] 🔄 RemoteOK 更新: 98 个职位
[2026-04-02T15:19:39.349Z] 🔄 RemoteOK 更新: 98 个职位
[2026-04-02T15:20:09.082Z] ❌ RemoteOK 失败: fetch failed
[2026-04-02T15:20:11.972Z] ❌ WeWorkRemotely RSS也失败: HTTP 403
[2026-04-02T15:20:39.565Z] 🔄 RemoteOK 更新: 98 个职位
[2026-04-02T15:21:09.809Z] 🔄 RemoteOK 更新: 98 个职位
[2026-04-02T15:21:40.869Z] 🔄 RemoteOK 更新: 98 个职位
[2026-04-02T15:22:10.310Z] 🔄 RemoteOK 更新: 98 个职位
[2026-04-02T15:22:10.924Z] ❌ WeWorkRemotely RSS也失败: HTTP 403
[2026-04-02T15:22:39.825Z] 🔄 RemoteOK 更新: 98 个职位
[2026-04-02T15:23:08.272Z] 
📊 ===== 实时统计 =====
[2026-04-02T15:23:08.272Z] 总职位数: 486
[2026-04-02T15:23:08.272Z] 今日新增: 0
[2026-04-02T15:23:08.272Z] 最后更新: 2026-04-02T15:22:39.825Z
[2026-04-02T15:23:08.272Z] 数据源状态:
[2026-04-02T15:23:08.272Z]   ✅ RemoteOK: 98 职位
[2026-04-02T15:23:08.273Z]   ❌ WeWorkRemotely: 0 职位
[2026-04-02T15:23:08.273Z] =====================

[2026-04-02T15:23:09.681Z] 🔄 RemoteOK 更新: 98 个职位
[2026-04-02T15:23:39.279Z] 🔄 RemoteOK 更新: 98 个职位
[2026-04-02T15:24:09.908Z] 🔄 RemoteOK 更新: 98 个职位
[2026-04-02T15:24:11.262Z] ❌ WeWorkRemotely RSS也失败: HTTP 403
[2026-04-02T15:24:40.358Z] 🔄 RemoteOK 更新: 98 个职位
[2026-04-02T15:25:12.798Z] 🔄 RemoteOK 更新: 98 个职位
[2026-04-02T15:25:40.120Z] 🔄 RemoteOK 更新: 98 个职位
[2026-04-02T15:26:09.418Z] 🔄 RemoteOK 更新: 98 个职位
[2026-04-02T15:26:11.422Z] ❌ WeWorkRemotely RSS也失败: HTTP 403
[2026-04-02T15:26:40.029Z] 🔄 RemoteOK 更新: 98 个职位
[2026-04-02T15:27:10.001Z] 🔄 RemoteOK 更新: 98 个职位
[2026-04-02T15:27:42.966Z] 🔄 RemoteOK 更新: 98 个职位
[2026-04-02T15:28:08.273Z] 
📊 ===== 实时统计 =====
[2026-04-02T15:28:08.273Z] 总职位数: 486
[2026-04-02T15:28:08.273Z] 今日新增: 0
[2026-04-02T15:28:08.273Z] 最后更新: 2026-04-02T15:27:42.966Z
[2026-04-02T15:28:08.273Z] 数据源状态:
[2026-04-02T15:28:08.273Z]   ✅ RemoteOK: 98 职位
[2026-04-02T15:28:08.273Z]   ❌ WeWorkRemotely: 0 职位
[2026-04-02T15:28:08.273Z] =====================

[2026-04-02T15:28:10.083Z] 🔄 RemoteOK 更新: 98 个职位
[2026-04-02T15:28:10.446Z] ❌ WeWorkRemotely RSS也失败: HTTP 403
[2026-04-02T15:28:39.448Z] 🔄 RemoteOK 更新: 98 个职位
[2026-04-02T15:29:09.786Z] 🔄 RemoteOK 更新: 98 个职位
[2026-04-02T15:29:39.425Z] 🔄 RemoteOK 更新: 98 个职位
[2026-04-02T15:30:10.396Z] 🔄 RemoteOK 更新: 98 个职位
[2026-04-02T15:30:11.344Z] ❌ WeWorkRemotely RSS也失败: HTTP 403
[2026-04-02T15:30:40.145Z] 🔄 RemoteOK 更新: 98 个职位
[2026-04-02T15:31:10.173Z] 🔄 RemoteOK 更新: 98 个职位
[2026-04-02T15:31:39.798Z] 🔄 RemoteOK 更新: 98 个职位
[2026-04-02T15:32:10.502Z] ❌ WeWorkRemotely RSS也失败: HTTP 403
[2026-04-02T15:32:11.382Z] 🔄 RemoteOK 更新: 98 个职位
[2026-04-02T15:32:39.713Z] 🔄 RemoteOK 更新: 98 个职位
[2026-04-02T15:33:08.273Z] 
📊 ===== 实时统计 =====
[2026-04-02T15:33:08.274Z] 总职位数: 486
[2026-04-02T15:33:08.274Z] 今日新增: 0
[2026-04-02T15:33:08.274Z] 最后更新: 2026-04-02T15:32:39.713Z
[2026-04-02T15:33:08.274Z] 数据源状态:
[2026-04-02T15:33:08.274Z]   ✅ RemoteOK: 98 职位
[2026-04-02T15:33:08.274Z]   ❌ WeWorkRemotely: 0 职位
[2026-04-02T15:33:08.274Z] =====================

[2026-04-02T15:33:09.672Z] 🔄 RemoteOK 更新: 98 个职位
[2026-04-02T15:33:41.204Z] 🔄 RemoteOK 更新: 98 个职位
[2026-04-02T15:34:09.470Z] 🔄 RemoteOK 更新: 98 个职位
[2026-04-02T15:34:10.669Z] ❌ WeWorkRemotely RSS也失败: HTTP 403
[2026-04-02T15:34:39.783Z] 🔄 RemoteOK 更新: 98 个职位
[2026-04-02T15:35:10.251Z] 🔄 RemoteOK 更新: 98 个职位
[2026-04-02T15:35:40.961Z] 🔄 RemoteOK 更新: 98 个职位
[2026-04-02T15:36:09.696Z] 🔄 RemoteOK 更新: 98 个职位
[2026-04-02T15:36:10.466Z] ❌ WeWorkRemotely RSS也失败: HTTP 403
[2026-04-02T15:36:42.143Z] 🔄 RemoteOK 更新: 98 个职位
[2026-04-02T15:37:11.472Z] 🔄 RemoteOK 更新: 98 个职位
[2026-04-02T15:37:40.210Z] 🔄 RemoteOK 更新: 98 个职位
[2026-04-02T15:38:08.274Z] 
📊 ===== 实时统计 =====
[2026-04-02T15:38:08.274Z] 总职位数: 486
[2026-04-02T15:38:08.274Z] 今日新增: 0
[2026-04-02T15:38:08.274Z] 最后更新: 2026-04-02T15:37:40.210Z
[2026-04-02T15:38:08.274Z] 数据源状态:
[2026-04-02T15:38:08.274Z]   ✅ RemoteOK: 98 职位
[2026-04-02T15:38:08.274Z]   ❌ WeWorkRemotely: 0 职位
[2026-04-02T15:38:08.275Z] =====================

[2026-04-02T15:38:10.022Z] 🔄 RemoteOK 更新: 98 个职位
[2026-04-02T15:38:10.506Z] ❌ WeWorkRemotely RSS也失败: HTTP 403
[2026-04-02T15:38:40.399Z] 🔄 RemoteOK 更新: 98 个职位
[2026-04-02T15:39:09.648Z] 🔄 RemoteOK 更新: 98 个职位
[2026-04-02T15:39:39.608Z] 🔄 RemoteOK 更新: 98 个职位
[2026-04-02T15:40:09.590Z] 🔄 RemoteOK 更新: 98 个职位
[2026-04-02T15:40:10.274Z] ❌ WeWorkRemotely RSS也失败: HTTP 403
[2026-04-02T15:40:39.770Z] 🔄 RemoteOK 更新: 98 个职位
[2026-04-02T15:41:10.147Z] 🔄 RemoteOK 更新: 98 个职位
[2026-04-02T15:41:39.435Z] 🔄 RemoteOK 更新: 98 个职位
[2026-04-02T15:42:10.503Z] ❌ WeWorkRemotely RSS也失败: HTTP 403
[2026-04-02T15:42:11.207Z] 🔄 RemoteOK 更新: 98 个职位
[2026-04-02T15:42:39.860Z] 🔄 RemoteOK 更新: 98 个职位
[2026-04-02T15:43:08.275Z] 
📊 ===== 实时统计 =====
[2026-04-02T15:43:08.275Z] 总职位数: 486
[2026-04-02T15:43:08.275Z] 今日新增: 0
[2026-04-02T15:43:08.275Z] 最后更新: 2026-04-02T15:42:39.860Z
[2026-04-02T15:43:08.275Z] 数据源状态:
[2026-04-02T15:43:08.275Z]   ✅ RemoteOK: 98 职位
[2026-04-02T15:43:08.275Z]   ❌ WeWorkRemotely: 0 职位
[2026-04-02T15:43:08.275Z] =====================

[2026-04-02T15:43:09.869Z] 🔄 RemoteOK 更新: 98 个职位
[2026-04-02T15:43:41.102Z] 🔄 RemoteOK 更新: 98 个职位
[2026-04-02T15:44:10.569Z] ❌ WeWorkRemotely RSS也失败: HTTP 403
[2026-04-02T15:44:11.351Z] 🔄 RemoteOK 更新: 98 个职位
[2026-04-02T15:44:40.117Z] 🔄 RemoteOK 更新: 98 个职位
[2026-04-02T15:45:09.727Z] 🔄 RemoteOK 更新: 98 个职位
[2026-04-02T15:45:40.296Z] 🔄 RemoteOK 更新: 98 个职位
[2026-04-02T15:46:10.863Z] ❌ WeWorkRemotely RSS也失败: HTTP 403
[2026-04-02T15:46:11.868Z] 🔄 RemoteOK 更新: 98 个职位
[2026-04-02T15:46:39.884Z] 🔄 RemoteOK 更新: 98 个职位
[2026-04-02T15:47:10.108Z] 🔄 RemoteOK 更新: 98 个职位
[2026-04-02T15:47:40.399Z] 🔄 RemoteOK 更新: 98 个职位
[2026-04-02T15:48:08.274Z] 
📊 ===== 实时统计 =====
[2026-04-02T15:48:08.274Z] 总职位数: 486
[2026-04-02T15:48:08.274Z] 今日新增: 0
[2026-04-02T15:48:08.274Z] 最后更新: 2026-04-02T15:47:40.399Z
[2026-04-02T15:48:08.274Z] 数据源状态:
[2026-04-02T15:48:08.274Z]   ✅ RemoteOK: 98 职位
[2026-04-02T15:48:08.274Z]   ❌ WeWorkRemotely: 0 职位
[2026-04-02T15:48:08.274Z] =====================

[2026-04-02T15:48:10.102Z] 🔄 RemoteOK 更新: 98 个职位
[2026-04-02T15:48:10.897Z] ❌ WeWorkRemotely RSS也失败: HTTP 403
[2026-04-02T15:48:39.486Z] 🔄 RemoteOK 更新: 98 个职位
[2026-04-02T15:49:09.722Z] 🔄 RemoteOK 更新: 98 个职位
[2026-04-02T15:49:39.352Z] 🔄 RemoteOK 更新: 98 个职位
[2026-04-02T15:50:09.699Z] 🔄 RemoteOK 更新: 98 个职位
[2026-04-02T15:50:10.662Z] ❌ WeWorkRemotely RSS也失败: HTTP 403
[2026-04-02T15:50:39.528Z] 🔄 RemoteOK 更新: 98 个职位
[2026-04-02T15:51:10.415Z] 🔄 RemoteOK 更新: 98 个职位
[2026-04-02T15:51:40.087Z] 🔄 RemoteOK 更新: 98 个职位
[2026-04-02T15:52:10.232Z] ❌ WeWorkRemotely RSS也失败: HTTP 403
[2026-04-02T15:52:10.958Z] 🔄 RemoteOK 更新: 98 个职位
[2026-04-02T15:52:39.604Z] 🔄 RemoteOK 更新: 98 个职位
[2026-04-02T15:53:08.274Z] 
📊 ===== 实时统计 =====
[2026-04-02T15:53:08.274Z] 总职位数: 486
[2026-04-02T15:53:08.274Z] 今日新增: 0
[2026-04-02T15:53:08.274Z] 最后更新: 2026-04-02T15:52:39.604Z
[2026-04-02T15:53:08.274Z] 数据源状态:
[2026-04-02T15:53:08.274Z]   ✅ RemoteOK: 98 职位
[2026-04-02T15:53:08.275Z]   ❌ WeWorkRemotely: 0 职位
[2026-04-02T15:53:08.275Z] =====================

[2026-04-02T15:53:11.093Z] 🔄 RemoteOK 更新: 98 个职位
[2026-04-02T15:53:39.356Z] 🔄 RemoteOK 更新: 98 个职位
[2026-04-02T15:54:10.105Z] 🔄 RemoteOK 更新: 98 个职位
[2026-04-02T15:54:11.347Z] ❌ WeWorkRemotely RSS也失败: HTTP 403
[2026-04-02T15:54:39.571Z] 🔄 RemoteOK 更新: 98 个职位
[2026-04-02T15:55:09.550Z] 🔄 RemoteOK 更新: 98 个职位
[2026-04-02T15:55:39.829Z] 🔄 RemoteOK 更新: 98 个职位
[2026-04-02T15:56:09.963Z] 🔄 RemoteOK 更新: 98 个职位
[2026-04-02T15:56:10.818Z] ❌ WeWorkRemotely RSS也失败: HTTP 403
[2026-04-02T15:56:41.520Z] 🔄 RemoteOK 更新: 98 个职位
[2026-04-02T15:57:09.938Z] 🔄 RemoteOK 更新: 98 个职位
[2026-04-02T15:57:39.186Z] 🔄 RemoteOK 更新: 98 个职位
[2026-04-02T15:58:08.275Z] 
📊 ===== 实时统计 =====
[2026-04-02T15:58:08.275Z] 总职位数: 486
[2026-04-02T15:58:08.275Z] 今日新增: 0
[2026-04-02T15:58:08.275Z] 最后更新: 2026-04-02T15:57:39.186Z
[2026-04-02T15:58:08.275Z] 数据源状态:
[2026-04-02T15:58:08.275Z]   ✅ RemoteOK: 98 职位
[2026-04-02T15:58:08.275Z]   ❌ WeWorkRemotely: 0 职位
[2026-04-02T15:58:08.275Z] =====================

[2026-04-02T15:58:09.751Z] 🔄 RemoteOK 更新: 98 个职位
[2026-04-02T15:58:10.416Z] ❌ WeWorkRemotely RSS也失败: HTTP 403
[2026-04-02T15:58:39.939Z] 🔄 RemoteOK 更新: 98 个职位
[2026-04-02T15:59:10.238Z] 🔄 RemoteOK 更新: 98 个职位
[2026-04-02T15:59:39.881Z] 🔄 RemoteOK 更新: 98 个职位
[2026-04-02T16:00:10.167Z] 🔄 RemoteOK 更新: 98 个职位
[2026-04-02T16:00:10.240Z] ❌ WeWorkRemotely RSS也失败: HTTP 403
[2026-04-02T16:00:39.153Z] 🔄 RemoteOK 更新: 98 个职位
[2026-04-02T16:01:09.701Z] 🔄 RemoteOK 更新: 98 个职位
[2026-04-02T16:01:39.280Z] 🔄 RemoteOK 更新: 98 个职位
[2026-04-02T16:02:09.240Z] 🔄 RemoteOK 更新: 98 个职位
[2026-04-02T16:02:10.483Z] ❌ WeWorkRemotely RSS也失败: HTTP 403
[2026-04-02T16:02:39.987Z] 🔄 RemoteOK 更新: 98 个职位
[2026-04-02T16:03:08.274Z] 
📊 ===== 实时统计 =====
[2026-04-02T16:03:08.275Z] 总职位数: 486
[2026-04-02T16:03:08.275Z] 今日新增: 0
[2026-04-02T16:03:08.275Z] 最后更新: 2026-04-02T16:02:39.987Z
[2026-04-02T16:03:08.275Z] 数据源状态:
[2026-04-02T16:03:08.275Z]   ✅ RemoteOK: 98 职位
[2026-04-02T16:03:08.275Z]   ❌ WeWorkRemotely: 0 职位
[2026-04-02T16:03:08.275Z] =====================

[2026-04-02T16:03:09.956Z] 🔄 RemoteOK 更新: 98 个职位
[2026-04-02T16:03:40.054Z] 🔄 RemoteOK 更新: 98 个职位
[2026-04-02T16:04:09.546Z] 🔄 RemoteOK 更新: 98 个职位
[2026-04-02T16:04:10.525Z] ❌ WeWorkRemotely RSS也失败: HTTP 403
[2026-04-02T16:04:41.331Z] 🔄 RemoteOK 更新: 98 个职位
[2026-04-02T16:05:09.835Z] 🔄 RemoteOK 更新: 98 个职位
[2026-04-02T16:05:39.496Z] 🔄 RemoteOK 更新: 98 个职位
[2026-04-02T16:06:09.436Z] 🔄 RemoteOK 更新: 98 个职位
[2026-04-02T16:06:10.511Z] ❌ WeWorkRemotely RSS也失败: HTTP 403
[2026-04-02T16:06:39.192Z] 🔄 RemoteOK 更新: 98 个职位
[2026-04-02T16:07:09.528Z] 🔄 RemoteOK 更新: 98 个职位
[2026-04-02T16:07:39.537Z] 🔄 RemoteOK 更新: 98 个职位
[2026-04-02T16:08:08.275Z] 
📊 ===== 实时统计 =====
[2026-04-02T16:08:08.275Z] 总职位数: 486
[2026-04-02T16:08:08.275Z] 今日新增: 0
[2026-04-02T16:08:08.275Z] 最后更新: 2026-04-02T16:07:39.537Z
[2026-04-02T16:08:08.275Z] 数据源状态:
[2026-04-02T16:08:08.275Z]   ✅ RemoteOK: 98 职位
[2026-04-02T16:08:08.276Z]   ❌ WeWorkRemotely: 0 职位
[2026-04-02T16:08:08.276Z] =====================

[2026-04-02T16:08:09.307Z] 🔄 RemoteOK 更新: 98 个职位
[2026-04-02T16:08:10.387Z] ❌ WeWorkRemotely RSS也失败: fetch failed
[2026-04-02T16:08:39.092Z] 🔄 RemoteOK 更新: 98 个职位
[2026-04-02T16:09:09.565Z] 🔄 RemoteOK 更新: 98 个职位
[2026-04-02T16:09:39.828Z] 🔄 RemoteOK 更新: 98 个职位
[2026-04-02T16:10:09.317Z] 🔄 RemoteOK 更新: 98 个职位
[2026-04-02T16:10:10.441Z] ❌ WeWorkRemotely RSS也失败: HTTP 403
[2026-04-02T16:10:39.988Z] 🔄 RemoteOK 更新: 98 个职位
[2026-04-02T16:11:09.418Z] 🔄 RemoteOK 更新: 98 个职位
[2026-04-02T16:11:39.792Z] 🔄 RemoteOK 更新: 98 个职位
[2026-04-02T16:12:09.649Z] 🔄 RemoteOK 更新: 98 个职位
[2026-04-02T16:12:10.447Z] ❌ WeWorkRemotely RSS也失败: HTTP 403
[2026-04-02T16:12:39.634Z] 🔄 RemoteOK 更新: 98 个职位
[2026-04-02T16:13:08.275Z] 
📊 ===== 实时统计 =====
[2026-04-02T16:13:08.276Z] 总职位数: 489
[2026-04-02T16:13:08.276Z] 今日新增: 0
[2026-04-02T16:13:08.276Z] 最后更新: 2026-04-02T16:12:39.634Z
[2026-04-02T16:13:08.276Z] 数据源状态:
[2026-04-02T16:13:08.276Z]   ✅ RemoteOK: 98 职位
[2026-04-02T16:13:08.276Z]   ❌ WeWorkRemotely: 0 职位
[2026-04-02T16:13:08.276Z] =====================

[2026-04-02T16:13:10.046Z] 🔄 RemoteOK 更新: 98 个职位
[2026-04-02T16:13:39.849Z] 🔄 RemoteOK 更新: 98 个职位
[2026-04-02T16:14:10.189Z] 🔄 RemoteOK 更新: 98 个职位
[2026-04-02T16:14:10.359Z] ❌ WeWorkRemotely RSS也失败: HTTP 403
[2026-04-02T16:14:39.467Z] 🔄 RemoteOK 更新: 98 个职位
[2026-04-02T16:15:09.690Z] 🔄 RemoteOK 更新: 98 个职位
[2026-04-02T16:15:39.823Z] 🔄 RemoteOK 更新: 98 个职位
[2026-04-02T16:16:10.350Z] 🔄 RemoteOK 更新: 98 个职位
[2026-04-02T16:16:10.788Z] ❌ WeWorkRemotely RSS也失败: HTTP 403
[2026-04-02T16:16:39.870Z] 🔄 RemoteOK 更新: 98 个职位
[2026-04-02T16:17:10.283Z] 🔄 RemoteOK 更新: 98 个职位
[2026-04-02T16:17:40.011Z] 🔄 RemoteOK 更新: 98 个职位
[2026-04-02T16:18:08.276Z] 
📊 ===== 实时统计 =====
[2026-04-02T16:18:08.277Z] 总职位数: 489
[2026-04-02T16:18:08.277Z] 今日新增: 0
[2026-04-02T16:18:08.277Z] 最后更新: 2026-04-02T16:17:40.011Z
[2026-04-02T16:18:08.277Z] 数据源状态:
[2026-04-02T16:18:08.277Z]   ✅ RemoteOK: 98 职位
[2026-04-02T16:18:08.277Z]   ❌ WeWorkRemotely: 0 职位
[2026-04-02T16:18:08.277Z] =====================

[2026-04-02T16:18:09.382Z] 🔄 RemoteOK 更新: 98 个职位
[2026-04-02T16:18:11.302Z] ❌ WeWorkRemotely RSS也失败: HTTP 403
[2026-04-02T16:18:39.982Z] 🔄 RemoteOK 更新: 98 个职位
[2026-04-02T16:19:09.452Z] 🔄 RemoteOK 更新: 98 个职位
[2026-04-02T16:19:39.547Z] 🔄 RemoteOK 更新: 98 个职位
[2026-04-02T16:20:10.563Z] 🔄 RemoteOK 更新: 98 个职位
[2026-04-02T16:20:10.798Z] ❌ WeWorkRemotely RSS也失败: HTTP 403
[2026-04-02T16:20:39.322Z] 🔄 RemoteOK 更新: 98 个职位
[2026-04-02T16:21:16.307Z] 🔄 RemoteOK 更新: 98 个职位
[2026-04-02T16:21:39.621Z] 🔄 RemoteOK 更新: 98 个职位
[2026-04-02T16:22:10.036Z] 🔄 RemoteOK 更新: 98 个职位
[2026-04-02T16:22:10.574Z] ❌ WeWorkRemotely RSS也失败: HTTP 403
[2026-04-02T16:22:39.573Z] 🔄 RemoteOK 更新: 98 个职位
[2026-04-02T16:23:08.276Z] 
📊 ===== 实时统计 =====
[2026-04-02T16:23:08.277Z] 总职位数: 489
[2026-04-02T16:23:08.277Z] 今日新增: 0
[2026-04-02T16:23:08.277Z] 最后更新: 2026-04-02T16:22:39.573Z
[2026-04-02T16:23:08.277Z] 数据源状态:
[2026-04-02T16:23:08.277Z]   ✅ RemoteOK: 98 职位
[2026-04-02T16:23:08.277Z]   ❌ WeWorkRemotely: 0 职位
[2026-04-02T16:23:08.277Z] =====================

[2026-04-02T16:23:10.822Z] 🔄 RemoteOK 更新: 98 个职位
[2026-04-02T16:23:39.816Z] 🔄 RemoteOK 更新: 98 个职位
[2026-04-02T16:24:09.480Z] 🔄 RemoteOK 更新: 98 个职位
[2026-04-02T16:24:10.373Z] ❌ WeWorkRemotely RSS也失败: HTTP 403
[2026-04-02T16:24:39.608Z] 🔄 RemoteOK 更新: 98 个职位
[2026-04-02T16:25:23.274Z] 🔄 RemoteOK 更新: 98 个职位
[2026-04-02T16:25:39.803Z] 🔄 RemoteOK 更新: 98 个职位
[2026-04-02T16:26:10.359Z] ❌ WeWorkRemotely RSS也失败: HTTP 403
[2026-04-02T16:26:10.557Z] 🔄 RemoteOK 更新: 98 个职位
[2026-04-02T16:26:39.742Z] 🔄 RemoteOK 更新: 98 个职位
[2026-04-02T16:27:11.426Z] 🔄 RemoteOK 更新: 98 个职位
[2026-04-02T16:27:39.243Z] 🔄 RemoteOK 更新: 98 个职位
[2026-04-02T16:28:08.277Z] 
📊 ===== 实时统计 =====
[2026-04-02T16:28:08.277Z] 总职位数: 489
[2026-04-02T16:28:08.277Z] 今日新增: 0
[2026-04-02T16:28:08.277Z] 最后更新: 2026-04-02T16:27:39.243Z
[2026-04-02T16:28:08.277Z] 数据源状态:
[2026-04-02T16:28:08.277Z]   ✅ RemoteOK: 98 职位
[2026-04-02T16:28:08.277Z]   ❌ WeWorkRemotely: 0 职位
[2026-04-02T16:28:08.277Z] =====================

[2026-04-02T16:28:10.034Z] 🔄 RemoteOK 更新: 98 个职位
[2026-04-02T16:28:10.660Z] ❌ WeWorkRemotely RSS也失败: HTTP 403
[2026-04-02T16:28:40.335Z] 🔄 RemoteOK 更新: 98 个职位
[2026-04-02T16:29:09.602Z] 🔄 RemoteOK 更新: 98 个职位
[2026-04-02T16:29:39.440Z] 🔄 RemoteOK 更新: 98 个职位
[2026-04-02T16:30:09.723Z] 🔄 RemoteOK 更新: 98 个职位
[2026-04-02T16:30:10.832Z] ❌ WeWorkRemotely RSS也失败: HTTP 403
[2026-04-02T16:30:40.503Z] 🔄 RemoteOK 更新: 98 个职位
[2026-04-02T16:31:09.293Z] 🔄 RemoteOK 更新: 98 个职位
[2026-04-02T16:31:39.595Z] 🔄 RemoteOK 更新: 98 个职位
[2026-04-02T16:32:09.771Z] 🔄 RemoteOK 更新: 98 个职位
[2026-04-02T16:32:10.585Z] ❌ WeWorkRemotely RSS也失败: HTTP 403
[2026-04-02T16:32:40.320Z] 🔄 RemoteOK 更新: 98 个职位
[2026-04-02T16:33:08.278Z] 
📊 ===== 实时统计 =====
[2026-04-02T16:33:08.278Z] 总职位数: 489
[2026-04-02T16:33:08.278Z] 今日新增: 0
[2026-04-02T16:33:08.278Z] 最后更新: 2026-04-02T16:32:40.320Z
[2026-04-02T16:33:08.278Z] 数据源状态:
[2026-04-02T16:33:08.278Z]   ✅ RemoteOK: 98 职位
[2026-04-02T16:33:08.278Z]   ❌ WeWorkRemotely: 0 职位
[2026-04-02T16:33:08.278Z] =====================

[2026-04-02T16:33:09.426Z] 🔄 RemoteOK 更新: 98 个职位
[2026-04-02T16:33:39.744Z] 🔄 RemoteOK 更新: 98 个职位
[2026-04-02T16:34:10.223Z] ❌ WeWorkRemotely RSS也失败: HTTP 403
[2026-04-02T16:34:11.186Z] 🔄 RemoteOK 更新: 98 个职位
[2026-04-02T16:34:39.951Z] 🔄 RemoteOK 更新: 98 个职位
[2026-04-02T16:35:09.856Z] 🔄 RemoteOK 更新: 98 个职位
[2026-04-02T16:35:39.833Z] 🔄 RemoteOK 更新: 98 个职位
[2026-04-02T16:36:10.227Z] ❌ WeWorkRemotely RSS也失败: HTTP 403
[2026-04-02T16:36:10.279Z] 🔄 RemoteOK 更新: 98 个职位
[2026-04-02T16:36:39.357Z] 🔄 RemoteOK 更新: 98 个职位
[2026-04-02T16:37:09.304Z] 🔄 RemoteOK 更新: 98 个职位
[2026-04-02T16:37:39.327Z] 🔄 RemoteOK 更新: 98 个职位
[2026-04-02T16:38:08.277Z] 
📊 ===== 实时统计 =====
[2026-04-02T16:38:08.277Z] 总职位数: 489
[2026-04-02T16:38:08.277Z] 今日新增: 0
[2026-04-02T16:38:08.277Z] 最后更新: 2026-04-02T16:37:39.327Z
[2026-04-02T16:38:08.277Z] 数据源状态:
[2026-04-02T16:38:08.277Z]   ✅ RemoteOK: 98 职位
[2026-04-02T16:38:08.277Z]   ❌ WeWorkRemotely: 0 职位
[2026-04-02T16:38:08.277Z] =====================

[2026-04-02T16:38:10.045Z] 🔄 RemoteOK 更新: 98 个职位
[2026-04-02T16:38:10.328Z] ❌ WeWorkRemotely RSS也失败: HTTP 403
[2026-04-02T16:38:39.490Z] 🔄 RemoteOK 更新: 98 个职位
[2026-04-02T16:39:09.469Z] 🔄 RemoteOK 更新: 98 个职位
[2026-04-02T16:39:40.305Z] 🔄 RemoteOK 更新: 98 个职位
[2026-04-02T16:40:09.496Z] 🔄 RemoteOK 更新: 98 个职位
[2026-04-02T16:40:11.053Z] ❌ WeWorkRemotely RSS也失败: HTTP 403
[2026-04-02T16:40:39.514Z] 🔄 RemoteOK 更新: 98 个职位
[2026-04-02T16:41:09.816Z] 🔄 RemoteOK 更新: 98 个职位
[2026-04-02T16:41:39.362Z] 🔄 RemoteOK 更新: 98 个职位
[2026-04-02T16:42:09.293Z] 🔄 RemoteOK 更新: 98 个职位
[2026-04-02T16:42:10.623Z] ❌ WeWorkRemotely RSS也失败: HTTP 403
[2026-04-02T16:42:52.337Z] 🔄 RemoteOK 更新: 98 个职位
[2026-04-02T16:43:08.277Z] 
📊 ===== 实时统计 =====
[2026-04-02T16:43:08.277Z] 总职位数: 489
[2026-04-02T16:43:08.277Z] 今日新增: 0
[2026-04-02T16:43:08.277Z] 最后更新: 2026-04-02T16:42:52.337Z
[2026-04-02T16:43:08.277Z] 数据源状态:
[2026-04-02T16:43:08.277Z]   ✅ RemoteOK: 98 职位
[2026-04-02T16:43:08.277Z]   ❌ WeWorkRemotely: 0 职位
[2026-04-02T16:43:08.277Z] =====================

[2026-04-02T16:43:11.051Z] 🔄 RemoteOK 更新: 98 个职位
[2026-04-02T16:43:40.126Z] 🔄 RemoteOK 更新: 98 个职位
[2026-04-02T16:44:09.655Z] 🔄 RemoteOK 更新: 98 个职位
[2026-04-02T16:44:10.359Z] ❌ WeWorkRemotely RSS也失败: HTTP 403
[2026-04-02T16:44:39.660Z] 🔄 RemoteOK 更新: 98 个职位
[2026-04-02T16:45:09.571Z] 🔄 RemoteOK 更新: 98 个职位
[2026-04-02T16:45:39.177Z] 🔄 RemoteOK 更新: 98 个职位
[2026-04-02T16:46:10.088Z] 🔄 RemoteOK 更新: 98 个职位
[2026-04-02T16:46:10.238Z] ❌ WeWorkRemotely RSS也失败: HTTP 403
[2026-04-02T16:46:39.744Z] 🔄 RemoteOK 更新: 98 个职位
[2026-04-02T16:47:09.753Z] 🔄 RemoteOK 更新: 98 个职位
[2026-04-02T16:47:39.618Z] 🔄 RemoteOK 更新: 98 个职位
[2026-04-02T16:48:08.278Z] 
📊 ===== 实时统计 =====
[2026-04-02T16:48:08.278Z] 总职位数: 489
[2026-04-02T16:48:08.278Z] 今日新增: 0
[2026-04-02T16:48:08.278Z] 最后更新: 2026-04-02T16:47:39.618Z
[2026-04-02T16:48:08.278Z] 数据源状态:
[2026-04-02T16:48:08.278Z]   ✅ RemoteOK: 98 职位
[2026-04-02T16:48:08.278Z]   ❌ WeWorkRemotely: 0 职位
[2026-04-02T16:48:08.278Z] =====================

[2026-04-02T16:48:10.002Z] 🔄 RemoteOK 更新: 98 个职位
[2026-04-02T16:48:10.379Z] ❌ WeWorkRemotely RSS也失败: HTTP 403
[2026-04-02T16:48:51.527Z] 🔄 RemoteOK 更新: 98 个职位
[2026-04-02T16:49:09.274Z] 🔄 RemoteOK 更新: 98 个职位
[2026-04-02T16:49:39.139Z] 🔄 RemoteOK 更新: 98 个职位
[2026-04-02T16:50:09.419Z] 🔄 RemoteOK 更新: 98 个职位
[2026-04-02T16:50:10.819Z] ❌ WeWorkRemotely RSS也失败: HTTP 403
[2026-04-02T16:50:39.372Z] 🔄 RemoteOK 更新: 98 个职位
[2026-04-02T16:51:09.089Z] 🔄 RemoteOK 更新: 98 个职位
[2026-04-02T16:51:39.948Z] 🔄 RemoteOK 更新: 98 个职位
[2026-04-02T16:52:09.682Z] 🔄 RemoteOK 更新: 98 个职位
[2026-04-02T16:52:10.245Z] ❌ WeWorkRemotely RSS也失败: HTTP 403
[2026-04-02T16:52:39.723Z] 🔄 RemoteOK 更新: 98 个职位
[2026-04-02T16:53:08.277Z] 
📊 ===== 实时统计 =====
[2026-04-02T16:53:08.278Z] 总职位数: 489
[2026-04-02T16:53:08.278Z] 今日新增: 0
[2026-04-02T16:53:08.278Z] 最后更新: 2026-04-02T16:52:39.723Z
[2026-04-02T16:53:08.278Z] 数据源状态:
[2026-04-02T16:53:08.278Z]   ✅ RemoteOK: 98 职位
[2026-04-02T16:53:08.278Z]   ❌ WeWorkRemotely: 0 职位
[2026-04-02T16:53:08.278Z] =====================

[2026-04-02T16:53:09.342Z] 🔄 RemoteOK 更新: 98 个职位
[2026-04-02T16:53:39.304Z] 🔄 RemoteOK 更新: 98 个职位
[2026-04-02T16:54:09.505Z] 🔄 RemoteOK 更新: 98 个职位
[2026-04-02T16:54:10.862Z] ❌ WeWorkRemotely RSS也失败: HTTP 403
[2026-04-02T16:54:39.668Z] 🔄 RemoteOK 更新: 98 个职位
[2026-04-02T16:55:09.417Z] 🔄 RemoteOK 更新: 98 个职位
[2026-04-02T16:55:39.385Z] 🔄 RemoteOK 更新: 98 个职位
[2026-04-02T16:56:09.730Z] 🔄 RemoteOK 更新: 98 个职位
[2026-04-02T16:56:11.252Z] ❌ WeWorkRemotely RSS也失败: HTTP 403
[2026-04-02T16:56:39.413Z] 🔄 RemoteOK 更新: 98 个职位
[2026-04-02T16:57:09.449Z] 🔄 RemoteOK 更新: 98 个职位
[2026-04-02T16:57:39.738Z] 🔄 RemoteOK 更新: 98 个职位
[2026-04-02T16:58:08.278Z] 
📊 ===== 实时统计 =====
[2026-04-02T16:58:08.278Z] 总职位数: 489
[2026-04-02T16:58:08.278Z] 今日新增: 0
[2026-04-02T16:58:08.278Z] 最后更新: 2026-04-02T16:57:39.738Z
[2026-04-02T16:58:08.279Z] 数据源状态:
[2026-04-02T16:58:08.279Z]   ✅ RemoteOK: 98 职位
[2026-04-02T16:58:08.279Z]   ❌ WeWorkRemotely: 0 职位
[2026-04-02T16:58:08.279Z] =====================

[2026-04-02T16:58:10.049Z] 🔄 RemoteOK 更新: 98 个职位
[2026-04-02T16:58:10.323Z] ❌ WeWorkRemotely RSS也失败: HTTP 403
[2026-04-02T16:58:39.598Z] 🔄 RemoteOK 更新: 98 个职位
[2026-04-02T16:59:09.470Z] 🔄 RemoteOK 更新: 98 个职位
[2026-04-02T16:59:39.470Z] 🔄 RemoteOK 更新: 98 个职位
[2026-04-02T17:00:09.239Z] 🔄 RemoteOK 更新: 98 个职位
[2026-04-02T17:00:10.841Z] ❌ WeWorkRemotely RSS也失败: HTTP 403
[2026-04-02T17:00:40.214Z] 🔄 RemoteOK 更新: 98 个职位
[2026-04-02T17:01:09.825Z] 🔄 RemoteOK 更新: 98 个职位
[2026-04-02T17:01:39.301Z] 🔄 RemoteOK 更新: 98 个职位
[2026-04-02T17:02:09.288Z] 🔄 RemoteOK 更新: 98 个职位
[2026-04-02T17:02:10.327Z] ❌ WeWorkRemotely RSS也失败: HTTP 403
[2026-04-02T17:02:39.623Z] 🔄 RemoteOK 更新: 98 个职位
[2026-04-02T17:03:08.279Z] 
📊 ===== 实时统计 =====
[2026-04-02T17:03:08.279Z] 总职位数: 489
[2026-04-02T17:03:08.279Z] 今日新增: 0
[2026-04-02T17:03:08.279Z] 最后更新: 2026-04-02T17:02:39.623Z
[2026-04-02T17:03:08.279Z] 数据源状态:
[2026-04-02T17:03:08.279Z]   ✅ RemoteOK: 98 职位
[2026-04-02T17:03:08.280Z]   ❌ WeWorkRemotely: 0 职位
[2026-04-02T17:03:08.280Z] =====================

[2026-04-02T17:03:09.465Z] 🔄 RemoteOK 更新: 98 个职位
[2026-04-02T17:03:39.260Z] 🔄 RemoteOK 更新: 98 个职位
[2026-04-02T17:04:09.394Z] 🔄 RemoteOK 更新: 98 个职位
[2026-04-02T17:04:10.401Z] ❌ WeWorkRemotely RSS也失败: HTTP 403
[2026-04-02T17:04:39.369Z] 🔄 RemoteOK 更新: 98 个职位
[2026-04-02T17:05:09.386Z] 🔄 RemoteOK 更新: 98 个职位
[2026-04-02T17:05:39.115Z] 🔄 RemoteOK 更新: 98 个职位
[2026-04-02T17:06:09.870Z] 🔄 RemoteOK 更新: 98 个职位
[2026-04-02T17:06:10.508Z] ❌ WeWorkRemotely RSS也失败: HTTP 403
[2026-04-02T17:06:39.270Z] 🔄 RemoteOK 更新: 98 个职位
[2026-04-02T17:07:09.958Z] 🔄 RemoteOK 更新: 98 个职位
[2026-04-02T17:07:39.268Z] 🔄 RemoteOK 更新: 98 个职位
[2026-04-02T17:08:08.280Z] 
📊 ===== 实时统计 =====
[2026-04-02T17:08:08.280Z] 总职位数: 489
[2026-04-02T17:08:08.280Z] 今日新增: 0
[2026-04-02T17:08:08.280Z] 最后更新: 2026-04-02T17:07:39.268Z
[2026-04-02T17:08:08.280Z] 数据源状态:
[2026-04-02T17:08:08.280Z]   ✅ RemoteOK: 98 职位
[2026-04-02T17:08:08.280Z]   ❌ WeWorkRemotely: 0 职位
[2026-04-02T17:08:08.280Z] =====================

[2026-04-02T17:08:09.488Z] 🔄 RemoteOK 更新: 98 个职位
[2026-04-02T17:08:10.319Z] ❌ WeWorkRemotely RSS也失败: HTTP 403
[2026-04-02T17:08:39.508Z] 🔄 RemoteOK 更新: 98 个职位
[2026-04-02T17:09:09.382Z] 🔄 RemoteOK 更新: 98 个职位
[2026-04-02T17:09:39.636Z] 🔄 RemoteOK 更新: 98 个职位
[2026-04-02T17:10:09.107Z] 🔄 RemoteOK 更新: 98 个职位
[2026-04-02T17:10:10.228Z] ❌ WeWorkRemotely RSS也失败: HTTP 403
[2026-04-02T17:10:39.466Z] 🔄 RemoteOK 更新: 98 个职位
[2026-04-02T17:11:09.121Z] 🔄 RemoteOK 更新: 98 个职位
[2026-04-02T17:11:39.097Z] 🔄 RemoteOK 更新: 98 个职位
[2026-04-02T17:12:09.361Z] 🔄 RemoteOK 更新: 98 个职位
[2026-04-02T17:12:10.236Z] ❌ WeWorkRemotely RSS也失败: HTTP 403
[2026-04-02T17:12:39.212Z] 🔄 RemoteOK 更新: 98 个职位
[2026-04-02T17:13:08.280Z] 
📊 ===== 实时统计 =====
[2026-04-02T17:13:08.281Z] 总职位数: 489
[2026-04-02T17:13:08.281Z] 今日新增: 0
[2026-04-02T17:13:08.281Z] 最后更新: 2026-04-02T17:12:39.212Z
[2026-04-02T17:13:08.281Z] 数据源状态:
[2026-04-02T17:13:08.281Z]   ✅ RemoteOK: 98 职位
[2026-04-02T17:13:08.281Z]   ❌ WeWorkRemotely: 0 职位
[2026-04-02T17:13:08.281Z] =====================

[2026-04-02T17:13:09.931Z] 🔄 RemoteOK 更新: 98 个职位
[2026-04-02T17:13:39.362Z] 🔄 RemoteOK 更新: 98 个职位
[2026-04-02T17:14:09.442Z] 🔄 RemoteOK 更新: 98 个职位
[2026-04-02T17:14:10.235Z] ❌ WeWorkRemotely RSS也失败: HTTP 403
[2026-04-02T17:14:39.567Z] 🔄 RemoteOK 更新: 98 个职位
[2026-04-02T17:15:10.754Z] 🔄 RemoteOK 更新: 98 个职位
[2026-04-02T17:15:39.286Z] 🔄 RemoteOK 更新: 98 个职位
[2026-04-02T17:16:09.149Z] 🔄 RemoteOK 更新: 98 个职位
[2026-04-02T17:16:10.341Z] ❌ WeWorkRemotely RSS也失败: HTTP 403
[2026-04-02T17:16:39.814Z] 🔄 RemoteOK 更新: 98 个职位
[2026-04-02T17:17:09.303Z] 🔄 RemoteOK 更新: 98 个职位
[2026-04-02T17:17:39.576Z] 🔄 RemoteOK 更新: 98 个职位
[2026-04-02T17:18:08.281Z] 
📊 ===== 实时统计 =====
[2026-04-02T17:18:08.281Z] 总职位数: 489
[2026-04-02T17:18:08.281Z] 今日新增: 0
[2026-04-02T17:18:08.281Z] 最后更新: 2026-04-02T17:17:39.576Z
[2026-04-02T17:18:08.281Z] 数据源状态:
[2026-04-02T17:18:08.281Z]   ✅ RemoteOK: 98 职位
[2026-04-02T17:18:08.281Z]   ❌ WeWorkRemotely: 0 职位
[2026-04-02T17:18:08.281Z] =====================

[2026-04-02T17:18:09.324Z] 🔄 RemoteOK 更新: 98 个职位
[2026-04-02T17:18:10.551Z] ❌ WeWorkRemotely RSS也失败: HTTP 403
[2026-04-02T17:18:39.278Z] 🔄 RemoteOK 更新: 98 个职位
[2026-04-02T17:19:09.372Z] 🔄 RemoteOK 更新: 98 个职位
[2026-04-02T17:19:39.818Z] 🔄 RemoteOK 更新: 98 个职位
[2026-04-02T17:20:09.359Z] 🔄 RemoteOK 更新: 98 个职位
[2026-04-02T17:20:10.430Z] ❌ WeWorkRemotely RSS也失败: HTTP 403
[2026-04-02T17:20:39.112Z] 🔄 RemoteOK 更新: 98 个职位
[2026-04-02T17:21:09.606Z] 🔄 RemoteOK 更新: 98 个职位
[2026-04-02T17:21:39.331Z] 🔄 RemoteOK 更新: 98 个职位
[2026-04-02T17:22:09.265Z] 🔄 RemoteOK 更新: 98 个职位
[2026-04-02T17:22:10.357Z] ❌ WeWorkRemotely RSS也失败: HTTP 403
[2026-04-02T17:22:39.262Z] 🔄 RemoteOK 更新: 98 个职位
[2026-04-02T17:23:08.282Z] 
📊 ===== 实时统计 =====
[2026-04-02T17:23:08.282Z] 总职位数: 489
[2026-04-02T17:23:08.282Z] 今日新增: 0
[2026-04-02T17:23:08.282Z] 最后更新: 2026-04-02T17:22:39.262Z
[2026-04-02T17:23:08.282Z] 数据源状态:
[2026-04-02T17:23:08.282Z]   ✅ RemoteOK: 98 职位
[2026-04-02T17:23:08.282Z]   ❌ WeWorkRemotely: 0 职位
[2026-04-02T17:23:08.282Z] =====================

[2026-04-02T17:23:09.164Z] 🔄 RemoteOK 更新: 98 个职位
[2026-04-02T17:23:39.304Z] 🔄 RemoteOK 更新: 98 个职位
[2026-04-02T17:24:09.337Z] 🔄 RemoteOK 更新: 98 个职位
[2026-04-02T17:24:10.261Z] ❌ WeWorkRemotely RSS也失败: HTTP 403
[2026-04-02T17:24:39.374Z] 🔄 RemoteOK 更新: 98 个职位
[2026-04-02T17:25:09.154Z] 🔄 RemoteOK 更新: 98 个职位
[2026-04-02T17:25:39.423Z] 🔄 RemoteOK 更新: 98 个职位
[2026-04-02T17:26:09.170Z] 🔄 RemoteOK 更新: 98 个职位
[2026-04-02T17:26:10.431Z] ❌ WeWorkRemotely RSS也失败: HTTP 403
[2026-04-02T17:26:39.121Z] 🔄 RemoteOK 更新: 98 个职位
[2026-04-02T17:27:09.176Z] 🔄 RemoteOK 更新: 98 个职位
[2026-04-02T17:27:39.100Z] 🔄 RemoteOK 更新: 98 个职位
[2026-04-02T17:28:08.283Z] 
📊 ===== 实时统计 =====
[2026-04-02T17:28:08.283Z] 总职位数: 489
[2026-04-02T17:28:08.283Z] 今日新增: 0
[2026-04-02T17:28:08.283Z] 最后更新: 2026-04-02T17:27:39.100Z
[2026-04-02T17:28:08.283Z] 数据源状态:
[2026-04-02T17:28:08.283Z]   ✅ RemoteOK: 98 职位
[2026-04-02T17:28:08.283Z]   ❌ WeWorkRemotely: 0 职位
[2026-04-02T17:28:08.283Z] =====================

[2026-04-02T17:28:09.201Z] ❌ RemoteOK 失败: fetch failed
[2026-04-02T17:28:10.328Z] ❌ WeWorkRemotely RSS也失败: HTTP 403
[2026-04-02T17:28:39.417Z] 🔄 RemoteOK 更新: 98 个职位
[2026-04-02T17:29:09.134Z] 🔄 RemoteOK 更新: 98 个职位
[2026-04-02T17:29:39.206Z] 🔄 RemoteOK 更新: 98 个职位
[2026-04-02T17:30:09.316Z] 🔄 RemoteOK 更新: 98 个职位
[2026-04-02T17:30:10.242Z] ❌ WeWorkRemotely RSS也失败: HTTP 403
[2026-04-02T17:30:39.160Z] 🔄 RemoteOK 更新: 98 个职位
[2026-04-02T17:31:09.274Z] 🔄 RemoteOK 更新: 98 个职位
[2026-04-02T17:31:39.620Z] 🔄 RemoteOK 更新: 98 个职位
[2026-04-02T17:32:09.285Z] 🔄 RemoteOK 更新: 98 个职位
[2026-04-02T17:32:10.254Z] ❌ WeWorkRemotely RSS也失败: HTTP 403
[2026-04-02T17:32:39.401Z] 🔄 RemoteOK 更新: 98 个职位
[2026-04-02T17:33:08.283Z] 
📊 ===== 实时统计 =====
[2026-04-02T17:33:08.283Z] 总职位数: 489
[2026-04-02T17:33:08.283Z] 今日新增: 0
[2026-04-02T17:33:08.283Z] 最后更新: 2026-04-02T17:32:39.401Z
[2026-04-02T17:33:08.283Z] 数据源状态:
[2026-04-02T17:33:08.283Z]   ✅ RemoteOK: 98 职位
[2026-04-02T17:33:08.283Z]   ❌ WeWorkRemotely: 0 职位
[2026-04-02T17:33:08.283Z] =====================

[2026-04-02T17:33:09.430Z] 🔄 RemoteOK 更新: 98 个职位
[2026-04-02T17:33:39.240Z] 🔄 RemoteOK 更新: 98 个职位
[2026-04-02T17:34:09.185Z] 🔄 RemoteOK 更新: 98 个职位
[2026-04-02T17:34:10.480Z] ❌ WeWorkRemotely RSS也失败: HTTP 403
[2026-04-02T17:34:39.171Z] 🔄 RemoteOK 更新: 98 个职位
[2026-04-02T17:35:09.130Z] 🔄 RemoteOK 更新: 98 个职位
[2026-04-02T17:35:39.180Z] 🔄 RemoteOK 更新: 98 个职位
[2026-04-02T17:36:09.118Z] 🔄 RemoteOK 更新: 98 个职位
[2026-04-02T17:36:10.233Z] ❌ WeWorkRemotely RSS也失败: HTTP 403
[2026-04-02T17:36:39.121Z] 🔄 RemoteOK 更新: 98 个职位
[2026-04-02T17:37:09.118Z] 🔄 RemoteOK 更新: 98 个职位
[2026-04-02T17:37:39.158Z] 🔄 RemoteOK 更新: 98 个职位
[2026-04-02T17:38:08.282Z] 
📊 ===== 实时统计 =====
[2026-04-02T17:38:08.282Z] 总职位数: 489
[2026-04-02T17:38:08.282Z] 今日新增: 0
[2026-04-02T17:38:08.282Z] 最后更新: 2026-04-02T17:37:39.158Z
[2026-04-02T17:38:08.282Z] 数据源状态:
[2026-04-02T17:38:08.282Z]   ✅ RemoteOK: 98 职位
[2026-04-02T17:38:08.282Z]   ❌ WeWorkRemotely: 0 职位
[2026-04-02T17:38:08.282Z] =====================

[2026-04-02T17:38:09.117Z] 🔄 RemoteOK 更新: 98 个职位
[2026-04-02T17:38:10.421Z] ❌ WeWorkRemotely RSS也失败: HTTP 403
[2026-04-02T17:38:39.542Z] 🔄 RemoteOK 更新: 98 个职位
[2026-04-02T17:39:09.230Z] 🔄 RemoteOK 更新: 98 个职位
[2026-04-02T17:39:39.141Z] 🔄 RemoteOK 更新: 98 个职位
[2026-04-02T17:40:09.152Z] 🔄 RemoteOK 更新: 98 个职位
[2026-04-02T17:40:10.355Z] ❌ WeWorkRemotely RSS也失败: HTTP 403
[2026-04-02T17:40:39.393Z] 🔄 RemoteOK 更新: 98 个职位
[2026-04-02T17:41:09.108Z] 🔄 RemoteOK 更新: 98 个职位
[2026-04-02T17:41:39.232Z] 🔄 RemoteOK 更新: 98 个职位
[2026-04-02T17:42:09.174Z] 🔄 RemoteOK 更新: 98 个职位
[2026-04-02T17:42:10.273Z] ❌ WeWorkRemotely RSS也失败: HTTP 403
[2026-04-02T17:42:39.201Z] 🔄 RemoteOK 更新: 98 个职位
[2026-04-02T17:43:08.283Z] 
📊 ===== 实时统计 =====
[2026-04-02T17:43:08.283Z] 总职位数: 489
[2026-04-02T17:43:08.283Z] 今日新增: 0
[2026-04-02T17:43:08.283Z] 最后更新: 2026-04-02T17:42:39.201Z
[2026-04-02T17:43:08.283Z] 数据源状态:
[2026-04-02T17:43:08.283Z]   ✅ RemoteOK: 98 职位
[2026-04-02T17:43:08.283Z]   ❌ WeWorkRemotely: 0 职位
[2026-04-02T17:43:08.283Z] =====================

[2026-04-02T17:43:09.177Z] 🔄 RemoteOK 更新: 98 个职位
[2026-04-02T17:43:41.930Z] 🔄 RemoteOK 更新: 98 个职位
[2026-04-02T17:44:08.822Z] ❌ WeWorkRemotely JSON失败: fetch failed，尝试RSS...
[2026-04-02T17:44:09.136Z] 🔄 RemoteOK 更新: 98 个职位
[2026-04-02T17:44:10.545Z] ❌ WeWorkRemotely RSS也失败: HTTP 403
[2026-04-02T17:44:39.111Z] 🔄 RemoteOK 更新: 98 个职位
[2026-04-02T17:45:09.135Z] 🔄 RemoteOK 更新: 98 个职位
[2026-04-02T17:45:39.336Z] 🔄 RemoteOK 更新: 98 个职位
[2026-04-02T17:46:09.126Z] 🔄 RemoteOK 更新: 98 个职位
[2026-04-02T17:46:10.336Z] ❌ WeWorkRemotely RSS也失败: HTTP 403
[2026-04-02T17:46:39.272Z] 🔄 RemoteOK 更新: 98 个职位
[2026-04-02T17:47:09.227Z] 🔄 RemoteOK 更新: 98 个职位
[2026-04-02T17:47:39.445Z] 🔄 RemoteOK 更新: 98 个职位
[2026-04-02T17:48:08.283Z] 
📊 ===== 实时统计 =====
[2026-04-02T17:48:08.283Z] 总职位数: 489
[2026-04-02T17:48:08.283Z] 今日新增: 0
[2026-04-02T17:48:08.283Z] 最后更新: 2026-04-02T17:47:39.445Z
[2026-04-02T17:48:08.283Z] 数据源状态:
[2026-04-02T17:48:08.283Z]   ✅ RemoteOK: 98 职位
[2026-04-02T17:48:08.283Z]   ❌ WeWorkRemotely: 0 职位
[2026-04-02T17:48:08.283Z] =====================

[2026-04-02T17:48:09.185Z] 🔄 RemoteOK 更新: 98 个职位
[2026-04-02T17:48:10.358Z] ❌ WeWorkRemotely RSS也失败: HTTP 403
[2026-04-02T17:48:39.189Z] 🔄 RemoteOK 更新: 98 个职位
[2026-04-02T17:49:09.199Z] 🔄 RemoteOK 更新: 98 个职位
[2026-04-02T17:49:39.142Z] 🔄 RemoteOK 更新: 98 个职位
[2026-04-02T17:50:09.146Z] 🔄 RemoteOK 更新: 98 个职位
[2026-04-02T17:50:10.231Z] ❌ WeWorkRemotely RSS也失败: HTTP 403
[2026-04-02T17:50:39.156Z] 🔄 RemoteOK 更新: 98 个职位
[2026-04-02T17:51:09.270Z] 🔄 RemoteOK 更新: 98 个职位
[2026-04-02T17:51:39.212Z] 🔄 RemoteOK 更新: 98 个职位
[2026-04-02T17:52:09.299Z] 🔄 RemoteOK 更新: 98 个职位
[2026-04-02T17:52:10.326Z] ❌ WeWorkRemotely RSS也失败: HTTP 403
[2026-04-02T17:52:39.237Z] 🔄 RemoteOK 更新: 98 个职位
[2026-04-02T17:53:08.283Z] 
📊 ===== 实时统计 =====
[2026-04-02T17:53:08.283Z] 总职位数: 510
[2026-04-02T17:53:08.283Z] 今日新增: 0
[2026-04-02T17:53:08.283Z] 最后更新: 2026-04-02T17:52:39.237Z
[2026-04-02T17:53:08.283Z] 数据源状态:
[2026-04-02T17:53:08.283Z]   ✅ RemoteOK: 98 职位
[2026-04-02T17:53:08.283Z]   ❌ WeWorkRemotely: 0 职位
[2026-04-02T17:53:08.283Z] =====================

[2026-04-02T17:53:09.186Z] 🔄 RemoteOK 更新: 98 个职位
[2026-04-02T17:53:39.155Z] 🔄 RemoteOK 更新: 98 个职位
[2026-04-02T17:54:09.299Z] 🔄 RemoteOK 更新: 98 个职位
[2026-04-02T17:54:10.331Z] ❌ WeWorkRemotely RSS也失败: HTTP 403
[2026-04-02T17:54:39.318Z] 🔄 RemoteOK 更新: 98 个职位
[2026-04-02T17:55:09.125Z] 🔄 RemoteOK 更新: 98 个职位
[2026-04-02T17:55:39.294Z] 🔄 RemoteOK 更新: 98 个职位
[2026-04-02T17:56:09.176Z] 🔄 RemoteOK 更新: 98 个职位
[2026-04-02T17:56:10.232Z] ❌ WeWorkRemotely RSS也失败: HTTP 403
[2026-04-02T17:56:39.814Z] 🔄 RemoteOK 更新: 98 个职位
[2026-04-02T17:57:09.119Z] 🔄 RemoteOK 更新: 98 个职位
[2026-04-02T17:57:39.185Z] 🔄 RemoteOK 更新: 98 个职位
[2026-04-02T17:58:08.283Z] 
📊 ===== 实时统计 =====
[2026-04-02T17:58:08.284Z] 总职位数: 510
[2026-04-02T17:58:08.284Z] 今日新增: 0
[2026-04-02T17:58:08.284Z] 最后更新: 2026-04-02T17:57:39.185Z
[2026-04-02T17:58:08.284Z] 数据源状态:
[2026-04-02T17:58:08.284Z]   ✅ RemoteOK: 98 职位
[2026-04-02T17:58:08.284Z]   ❌ WeWorkRemotely: 0 职位
[2026-04-02T17:58:08.284Z] =====================

[2026-04-02T17:58:09.101Z] 🔄 RemoteOK 更新: 98 个职位
[2026-04-02T17:58:10.327Z] ❌ WeWorkRemotely RSS也失败: HTTP 403
[2026-04-02T17:58:39.587Z] 🔄 RemoteOK 更新: 98 个职位
[2026-04-02T17:59:09.189Z] 🔄 RemoteOK 更新: 98 个职位
[2026-04-02T17:59:39.181Z] 🔄 RemoteOK 更新: 98 个职位
[2026-04-02T18:00:09.177Z] 🔄 RemoteOK 更新: 98 个职位
[2026-04-02T18:00:10.350Z] ❌ WeWorkRemotely RSS也失败: HTTP 403
[2026-04-02T18:00:39.351Z] 🔄 RemoteOK 更新: 98 个职位
[2026-04-02T18:01:09.141Z] 🔄 RemoteOK 更新: 98 个职位
[2026-04-02T18:01:39.135Z] 🔄 RemoteOK 更新: 98 个职位
[2026-04-02T18:02:09.134Z] 🔄 RemoteOK 更新: 98 个职位
[2026-04-02T18:02:10.229Z] ❌ WeWorkRemotely RSS也失败: HTTP 403
[2026-04-02T18:02:39.145Z] 🔄 RemoteOK 更新: 98 个职位
[2026-04-02T18:03:08.285Z] 
📊 ===== 实时统计 =====
[2026-04-02T18:03:08.286Z] 总职位数: 510
[2026-04-02T18:03:08.286Z] 今日新增: 0
[2026-04-02T18:03:08.286Z] 最后更新: 2026-04-02T18:02:39.145Z
[2026-04-02T18:03:08.286Z] 数据源状态:
[2026-04-02T18:03:08.286Z]   ✅ RemoteOK: 98 职位
[2026-04-02T18:03:08.286Z]   ❌ WeWorkRemotely: 0 职位
[2026-04-02T18:03:08.286Z] =====================

[2026-04-02T18:03:09.082Z] 🔄 RemoteOK 更新: 98 个职位
[2026-04-02T18:03:39.168Z] 🔄 RemoteOK 更新: 98 个职位
[2026-04-02T18:04:09.201Z] 🔄 RemoteOK 更新: 98 个职位
[2026-04-02T18:04:10.509Z] ❌ WeWorkRemotely RSS也失败: HTTP 403
[2026-04-02T18:04:39.200Z] 🔄 RemoteOK 更新: 98 个职位
[2026-04-02T18:05:09.196Z] 🔄 RemoteOK 更新: 98 个职位
[2026-04-02T18:05:39.160Z] 🔄 RemoteOK 更新: 98 个职位
[2026-04-02T18:06:09.180Z] 🔄 RemoteOK 更新: 98 个职位
[2026-04-02T18:06:10.482Z] ❌ WeWorkRemotely RSS也失败: HTTP 403
[2026-04-02T18:06:39.139Z] 🔄 RemoteOK 更新: 98 个职位
[2026-04-02T18:07:09.259Z] 🔄 RemoteOK 更新: 98 个职位
[2026-04-02T18:07:39.201Z] 🔄 RemoteOK 更新: 98 个职位
[2026-04-02T18:08:08.285Z] 
📊 ===== 实时统计 =====
[2026-04-02T18:08:08.285Z] 总职位数: 510
[2026-04-02T18:08:08.285Z] 今日新增: 0
[2026-04-02T18:08:08.286Z] 最后更新: 2026-04-02T18:07:39.201Z
[2026-04-02T18:08:08.286Z] 数据源状态:
[2026-04-02T18:08:08.286Z]   ✅ RemoteOK: 98 职位
[2026-04-02T18:08:08.286Z]   ❌ WeWorkRemotely: 0 职位
[2026-04-02T18:08:08.286Z] =====================

[2026-04-02T18:08:09.249Z] 🔄 RemoteOK 更新: 98 个职位
[2026-04-02T18:08:10.242Z] ❌ WeWorkRemotely RSS也失败: HTTP 403
[2026-04-02T18:08:39.198Z] 🔄 RemoteOK 更新: 98 个职位
[2026-04-02T18:09:09.142Z] 🔄 RemoteOK 更新: 98 个职位
[2026-04-02T18:09:39.307Z] 🔄 RemoteOK 更新: 98 个职位
[2026-04-02T18:10:09.238Z] 🔄 RemoteOK 更新: 98 个职位
[2026-04-02T18:10:11.231Z] ❌ WeWorkRemotely RSS也失败: HTTP 403
[2026-04-02T18:10:39.413Z] 🔄 RemoteOK 更新: 98 个职位
[2026-04-02T18:11:09.286Z] 🔄 RemoteOK 更新: 98 个职位
[2026-04-02T18:11:39.190Z] 🔄 RemoteOK 更新: 98 个职位
[2026-04-02T18:12:10.044Z] 🔄 RemoteOK 更新: 98 个职位
[2026-04-02T18:12:10.321Z] ❌ WeWorkRemotely RSS也失败: HTTP 403
[2026-04-02T18:12:39.306Z] 🔄 RemoteOK 更新: 98 个职位
[2026-04-02T18:13:08.285Z] 
📊 ===== 实时统计 =====
[2026-04-02T18:13:08.285Z] 总职位数: 510
[2026-04-02T18:13:08.285Z] 今日新增: 0
[2026-04-02T18:13:08.285Z] 最后更新: 2026-04-02T18:12:39.306Z
[2026-04-02T18:13:08.285Z] 数据源状态:
[2026-04-02T18:13:08.286Z]   ✅ RemoteOK: 98 职位
[2026-04-02T18:13:08.286Z]   ❌ WeWorkRemotely: 0 职位
[2026-04-02T18:13:08.286Z] =====================

[2026-04-02T18:13:09.172Z] 🔄 RemoteOK 更新: 98 个职位
[2026-04-02T18:13:39.193Z] 🔄 RemoteOK 更新: 98 个职位
[2026-04-02T18:14:09.385Z] 🔄 RemoteOK 更新: 98 个职位
[2026-04-02T18:14:10.250Z] ❌ WeWorkRemotely RSS也失败: HTTP 403
[2026-04-02T18:14:39.139Z] 🔄 RemoteOK 更新: 98 个职位
[2026-04-02T18:15:09.266Z] 🔄 RemoteOK 更新: 98 个职位
[2026-04-02T18:15:39.205Z] 🔄 RemoteOK 更新: 98 个职位
[2026-04-02T18:16:09.172Z] 🔄 RemoteOK 更新: 98 个职位
[2026-04-02T18:16:10.328Z] ❌ WeWorkRemotely RSS也失败: HTTP 403
[2026-04-02T18:16:39.160Z] 🔄 RemoteOK 更新: 98 个职位
[2026-04-02T18:17:09.280Z] 🔄 RemoteOK 更新: 98 个职位
[2026-04-02T18:17:39.547Z] 🔄 RemoteOK 更新: 98 个职位
[2026-04-02T18:18:08.286Z] 
📊 ===== 实时统计 =====
[2026-04-02T18:18:08.286Z] 总职位数: 510
[2026-04-02T18:18:08.286Z] 今日新增: 0
[2026-04-02T18:18:08.286Z] 最后更新: 2026-04-02T18:17:39.547Z
[2026-04-02T18:18:08.286Z] 数据源状态:
[2026-04-02T18:18:08.286Z]   ✅ RemoteOK: 98 职位
[2026-04-02T18:18:08.286Z]   ❌ WeWorkRemotely: 0 职位
[2026-04-02T18:18:08.286Z] =====================

[2026-04-02T18:18:09.176Z] 🔄 RemoteOK 更新: 98 个职位
[2026-04-02T18:18:10.235Z] ❌ WeWorkRemotely RSS也失败: HTTP 403
[2026-04-02T18:18:39.186Z] 🔄 RemoteOK 更新: 98 个职位
[2026-04-02T18:19:09.192Z] 🔄 RemoteOK 更新: 98 个职位
[2026-04-02T18:19:39.312Z] 🔄 RemoteOK 更新: 98 个职位
[2026-04-02T18:20:09.162Z] 🔄 RemoteOK 更新: 98 个职位
[2026-04-02T18:20:10.482Z] ❌ WeWorkRemotely RSS也失败: HTTP 403
[2026-04-02T18:20:39.168Z] 🔄 RemoteOK 更新: 98 个职位
[2026-04-02T18:21:09.201Z] 🔄 RemoteOK 更新: 98 个职位
[2026-04-02T18:21:39.142Z] 🔄 RemoteOK 更新: 98 个职位
[2026-04-02T18:22:09.254Z] 🔄 RemoteOK 更新: 98 个职位
[2026-04-02T18:22:10.340Z] ❌ WeWorkRemotely RSS也失败: HTTP 403
[2026-04-02T18:22:39.207Z] 🔄 RemoteOK 更新: 98 个职位
[2026-04-02T18:23:08.287Z] 
📊 ===== 实时统计 =====
[2026-04-02T18:23:08.287Z] 总职位数: 510
[2026-04-02T18:23:08.287Z] 今日新增: 0
[2026-04-02T18:23:08.287Z] 最后更新: 2026-04-02T18:22:39.207Z
[2026-04-02T18:23:08.287Z] 数据源状态:
[2026-04-02T18:23:08.287Z]   ✅ RemoteOK: 98 职位
[2026-04-02T18:23:08.287Z]   ❌ WeWorkRemotely: 0 职位
[2026-04-02T18:23:08.287Z] =====================

[2026-04-02T18:23:09.604Z] 🔄 RemoteOK 更新: 98 个职位
[2026-04-02T18:23:39.252Z] 🔄 RemoteOK 更新: 98 个职位
[2026-04-02T18:24:09.373Z] 🔄 RemoteOK 更新: 98 个职位
[2026-04-02T18:24:10.235Z] ❌ WeWorkRemotely RSS也失败: HTTP 403
[2026-04-02T18:24:39.321Z] 🔄 RemoteOK 更新: 98 个职位
[2026-04-02T18:25:09.216Z] 🔄 RemoteOK 更新: 98 个职位
[2026-04-02T18:25:39.232Z] 🔄 RemoteOK 更新: 98 个职位
[2026-04-02T18:26:09.162Z] 🔄 RemoteOK 更新: 98 个职位
[2026-04-02T18:26:10.236Z] ❌ WeWorkRemotely RSS也失败: HTTP 403
[2026-04-02T18:26:39.152Z] 🔄 RemoteOK 更新: 98 个职位
[2026-04-02T18:27:09.437Z] 🔄 RemoteOK 更新: 98 个职位
[2026-04-02T18:27:39.214Z] 🔄 RemoteOK 更新: 98 个职位
[2026-04-02T18:28:08.287Z] 
📊 ===== 实时统计 =====
[2026-04-02T18:28:08.288Z] 总职位数: 510
[2026-04-02T18:28:08.288Z] 今日新增: 0
[2026-04-02T18:28:08.288Z] 最后更新: 2026-04-02T18:27:39.214Z
[2026-04-02T18:28:08.288Z] 数据源状态:
[2026-04-02T18:28:08.288Z]   ✅ RemoteOK: 98 职位
[2026-04-02T18:28:08.288Z]   ❌ WeWorkRemotely: 0 职位
[2026-04-02T18:28:08.288Z] =====================

[2026-04-02T18:28:09.317Z] 🔄 RemoteOK 更新: 98 个职位
[2026-04-02T18:28:10.240Z] ❌ WeWorkRemotely RSS也失败: HTTP 403
[2026-04-02T18:28:39.171Z] 🔄 RemoteOK 更新: 98 个职位
[2026-04-02T18:29:09.223Z] 🔄 RemoteOK 更新: 98 个职位
[2026-04-02T18:29:39.247Z] 🔄 RemoteOK 更新: 98 个职位
[2026-04-02T18:30:09.146Z] 🔄 RemoteOK 更新: 98 个职位
[2026-04-02T18:30:10.332Z] ❌ WeWorkRemotely RSS也失败: HTTP 403
[2026-04-02T18:30:39.260Z] 🔄 RemoteOK 更新: 98 个职位
[2026-04-02T18:31:09.189Z] 🔄 RemoteOK 更新: 98 个职位
[2026-04-02T18:31:39.227Z] 🔄 RemoteOK 更新: 98 个职位
[2026-04-02T18:32:09.434Z] 🔄 RemoteOK 更新: 98 个职位
[2026-04-02T18:32:10.323Z] ❌ WeWorkRemotely RSS也失败: HTTP 403
[2026-04-02T18:32:39.365Z] 🔄 RemoteOK 更新: 98 个职位
[2026-04-02T18:33:08.288Z] 
📊 ===== 实时统计 =====
[2026-04-02T18:33:08.288Z] 总职位数: 510
[2026-04-02T18:33:08.288Z] 今日新增: 0
[2026-04-02T18:33:08.288Z] 最后更新: 2026-04-02T18:32:39.365Z
[2026-04-02T18:33:08.288Z] 数据源状态:
[2026-04-02T18:33:08.288Z]   ✅ RemoteOK: 98 职位
[2026-04-02T18:33:08.288Z]   ❌ WeWorkRemotely: 0 职位
[2026-04-02T18:33:08.288Z] =====================

[2026-04-02T18:33:09.223Z] 🔄 RemoteOK 更新: 98 个职位
[2026-04-02T18:33:39.168Z] 🔄 RemoteOK 更新: 98 个职位
[2026-04-02T18:34:09.163Z] 🔄 RemoteOK 更新: 98 个职位
[2026-04-02T18:34:10.232Z] ❌ WeWorkRemotely RSS也失败: HTTP 403
[2026-04-02T18:34:39.209Z] 🔄 RemoteOK 更新: 98 个职位
[2026-04-02T18:35:09.235Z] 🔄 RemoteOK 更新: 98 个职位
[2026-04-02T18:35:39.180Z] 🔄 RemoteOK 更新: 98 个职位
[2026-04-02T18:36:09.442Z] 🔄 RemoteOK 更新: 98 个职位
[2026-04-02T18:36:10.241Z] ❌ WeWorkRemotely RSS也失败: HTTP 403
[2026-04-02T18:36:39.241Z] 🔄 RemoteOK 更新: 98 个职位
[2026-04-02T18:37:09.332Z] 🔄 RemoteOK 更新: 98 个职位
[2026-04-02T18:37:39.167Z] 🔄 RemoteOK 更新: 98 个职位
[2026-04-02T18:38:08.287Z] 
📊 ===== 实时统计 =====
[2026-04-02T18:38:08.287Z] 总职位数: 510
[2026-04-02T18:38:08.287Z] 今日新增: 0
[2026-04-02T18:38:08.287Z] 最后更新: 2026-04-02T18:37:39.167Z
[2026-04-02T18:38:08.287Z] 数据源状态:
[2026-04-02T18:38:08.288Z]   ✅ RemoteOK: 98 职位
[2026-04-02T18:38:08.288Z]   ❌ WeWorkRemotely: 0 职位
[2026-04-02T18:38:08.288Z] =====================

[2026-04-02T18:38:09.190Z] 🔄 RemoteOK 更新: 98 个职位
[2026-04-02T18:38:10.238Z] ❌ WeWorkRemotely RSS也失败: HTTP 403
[2026-04-02T18:38:39.218Z] 🔄 RemoteOK 更新: 98 个职位
[2026-04-02T18:39:09.215Z] 🔄 RemoteOK 更新: 98 个职位
[2026-04-02T18:39:39.270Z] 🔄 RemoteOK 更新: 98 个职位
[2026-04-02T18:40:04.431Z] 
🛑 爬虫停止
[2026-04-02T18:40:04.635Z] 
═══════════════════════════════════════
[2026-04-02T18:40:04.636Z]   🕷️ 多源实时爬虫 v2.0 - 7×24小时运行
[2026-04-02T18:40:04.636Z] ═══════════════════════════════════════

[2026-04-02T18:40:04.636Z] 🔍 开始全网抓取...
[2026-04-02T18:40:04.683Z] 
🛑 爬虫停止
